#
# There is insufficient memory for the Java Runtime Environment to continue.
# Native memory allocation (malloc) failed to allocate 853296 bytes. Error detail: Chunk::new
# Possible reasons:
#   The system is out of physical RAM or swap space
#   This process is running with CompressedOops enabled, and the Java Heap may be blocking the growth of the native heap
# Possible solutions:
#   Reduce memory load on the system
#   Increase physical memory or swap space
#   Check if swap backing store is full
#   Decrease Java heap size (-Xmx/-Xms)
#   Decrease number of Java threads
#   Decrease Java thread stack sizes (-Xss)
#   Set larger code cache with -XX:ReservedCodeCacheSize=
#   JVM is running with Unscaled Compressed Oops mode in which the Java heap is
#     placed in the first 4GB address space. The Java Heap base address is the
#     maximum limit for the native heap growth. Please use -XX:HeapBaseMinAddress
#     to set the Java Heap base and to place the Java Heap above 4GB virtual address.
# This output file may be truncated or incomplete.
#
#  Out of Memory Error (arena.cpp:168), pid=47420, tid=22068
#
# JRE version: OpenJDK Runtime Environment Microsoft-11933218 (21.0.8+9) (build 21.0.8+9-LTS)
# Java VM: OpenJDK 64-Bit Server VM Microsoft-11933218 (21.0.8+9-LTS, mixed mode, sharing, tiered, compressed oops, compressed class ptrs, g1 gc, windows-amd64)
# No core dump will be written. Minidumps are not enabled by default on client versions of Windows
#

---------------  S U M M A R Y ------------

Command Line: --add-opens=java.base/java.lang=ALL-UNNAMED --add-opens=java.base/java.lang.invoke=ALL-UNNAMED --add-opens=java.base/java.util=ALL-UNNAMED --add-opens=java.prefs/java.util.prefs=ALL-UNNAMED --add-exports=jdk.compiler/com.sun.tools.javac.api=ALL-UNNAMED --add-exports=jdk.compiler/com.sun.tools.javac.util=ALL-UNNAMED --add-opens=java.base/java.util=ALL-UNNAMED --add-opens=java.prefs/java.util.prefs=ALL-UNNAMED --add-opens=java.base/java.nio.charset=ALL-UNNAMED --add-opens=java.base/java.net=ALL-UNNAMED --add-opens=java.base/java.util.concurrent.atomic=ALL-UNNAMED --add-opens=java.xml/javax.xml.namespace=ALL-UNNAMED -XX:MaxMetaspaceSize=384m -XX:+HeapDumpOnOutOfMemoryError -Xms256m -Xmx512m -Dfile.encoding=UTF-8 -Duser.country=RU -Duser.language=ru -Duser.variant -javaagent:C:\Users\Lilianna\.gradle\wrapper\dists\gradle-8.14-bin\38aieal9i53h9rfe7vjup95b9\gradle-8.14\lib\agents\gradle-instrumentation-agent-8.14.jar org.gradle.launcher.daemon.bootstrap.GradleDaemon 8.14

Host: 12th Gen Intel(R) Core(TM) i7-12650H, 16 cores, 15G,  Windows 10 , 64 bit Build 19041 (10.0.19041.5915)
Time: Mon Sep 29 22:55:19 2025 elapsed time: 107.997459 seconds (0d 0h 1m 47s)

---------------  T H R E A D  ---------------

Current thread (0x00000238b95d1c40):  JavaThread "C2 CompilerThread0" daemon [_thread_in_native, id=22068, stack(0x00000082ec700000,0x00000082ec800000) (1024K)]


Current CompileTask:
C2:107997 5126 % !   4       java.util.jar.Attributes::read @ 12 (494 bytes)

Stack: [0x00000082ec700000,0x00000082ec800000]
Native frames: (J=compiled Java code, j=interpreted, Vv=VM code, C=native code)
V  [jvm.dll+0x6e1729]
V  [jvm.dll+0x8bf47b]
V  [jvm.dll+0x8c19aa]
V  [jvm.dll+0x8c2083]
V  [jvm.dll+0x289fd6]
V  [jvm.dll+0xc903d]
V  [jvm.dll+0xc958c]
V  [jvm.dll+0x3c76e2]
V  [jvm.dll+0x393f22]
V  [jvm.dll+0x39337a]
V  [jvm.dll+0x251c60]
V  [jvm.dll+0x251283]
V  [jvm.dll+0x1d18bf]
V  [jvm.dll+0x260f4a]
V  [jvm.dll+0x25f2b5]
V  [jvm.dll+0x40151d]
V  [jvm.dll+0x86975d]
V  [jvm.dll+0x6dff2d]
C  [ucrtbase.dll+0x21bb2]
C  [KERNEL32.DLL+0x17374]
C  [ntdll.dll+0x4cc91]


---------------  P R O C E S S  ---------------

Threads class SMR info:
_java_thread_list=0x00000238d39df2a0, length=35, elements={
0x000002389b7c90b0, 0x00000238b95c8be0, 0x00000238b95c9ca0, 0x00000238b95ccc70,
0x00000238b95ce830, 0x00000238b95d0470, 0x00000238b95d0ec0, 0x00000238b95d1c40,
0x00000238b95d2a30, 0x00000238b95a0430, 0x00000238b984bab0, 0x00000238d38b6390,
0x00000238d478bfc0, 0x00000238d4681580, 0x00000238d3cb17e0, 0x00000238d3c9f010,
0x00000238b98fbf30, 0x00000238b9726960, 0x00000238d386aab0, 0x00000238b97f6a90,
0x00000238b97f77b0, 0x00000238b97f49c0, 0x00000238b97f5050, 0x00000238b97f56e0,
0x00000238b97f5d70, 0x00000238b97f7120, 0x00000238b97f6400, 0x00000238d4fde8e0,
0x00000238d4fde250, 0x00000238d4fe0320, 0x00000238d4fddbc0, 0x00000238d4fe09b0,
0x00000238d4fdf600, 0x00000238d4fdef70, 0x00000238d4fdfc90
}

Java Threads: ( => current thread )
  0x000002389b7c90b0 JavaThread "main"                              [_thread_blocked, id=60364, stack(0x00000082eb900000,0x00000082eba00000) (1024K)]
  0x00000238b95c8be0 JavaThread "Reference Handler"          daemon [_thread_blocked, id=35548, stack(0x00000082ec100000,0x00000082ec200000) (1024K)]
  0x00000238b95c9ca0 JavaThread "Finalizer"                  daemon [_thread_blocked, id=55632, stack(0x00000082ec200000,0x00000082ec300000) (1024K)]
  0x00000238b95ccc70 JavaThread "Signal Dispatcher"          daemon [_thread_blocked, id=60008, stack(0x00000082ec300000,0x00000082ec400000) (1024K)]
  0x00000238b95ce830 JavaThread "Attach Listener"            daemon [_thread_blocked, id=23392, stack(0x00000082ec400000,0x00000082ec500000) (1024K)]
  0x00000238b95d0470 JavaThread "Service Thread"             daemon [_thread_blocked, id=3208, stack(0x00000082ec500000,0x00000082ec600000) (1024K)]
  0x00000238b95d0ec0 JavaThread "Monitor Deflation Thread"   daemon [_thread_blocked, id=17312, stack(0x00000082ec600000,0x00000082ec700000) (1024K)]
=>0x00000238b95d1c40 JavaThread "C2 CompilerThread0"         daemon [_thread_in_native, id=22068, stack(0x00000082ec700000,0x00000082ec800000) (1024K)]
  0x00000238b95d2a30 JavaThread "C1 CompilerThread0"         daemon [_thread_blocked, id=48184, stack(0x00000082ec800000,0x00000082ec900000) (1024K)]
  0x00000238b95a0430 JavaThread "Common-Cleaner"             daemon [_thread_blocked, id=60424, stack(0x00000082ec900000,0x00000082eca00000) (1024K)]
  0x00000238b984bab0 JavaThread "Notification Thread"        daemon [_thread_blocked, id=60704, stack(0x00000082eca00000,0x00000082ecb00000) (1024K)]
  0x00000238d38b6390 JavaThread "Daemon health stats"               [_thread_blocked, id=59948, stack(0x00000082ed100000,0x00000082ed200000) (1024K)]
  0x00000238d478bfc0 JavaThread "Incoming local TCP Connector on port 56752"        [_thread_in_native, id=60288, stack(0x00000082ed300000,0x00000082ed400000) (1024K)]
  0x00000238d4681580 JavaThread "Daemon periodic checks"            [_thread_blocked, id=53772, stack(0x00000082ed400000,0x00000082ed500000) (1024K)]
  0x00000238d3cb17e0 JavaThread "Daemon"                            [_thread_blocked, id=32996, stack(0x00000082ed500000,0x00000082ed600000) (1024K)]
  0x00000238d3c9f010 JavaThread "Handler for socket connection from /127.0.0.1:56752 to /127.0.0.1:56791"        [_thread_in_native, id=55180, stack(0x00000082ed600000,0x00000082ed700000) (1024K)]
  0x00000238b98fbf30 JavaThread "Cancel handler"                    [_thread_blocked, id=62544, stack(0x00000082ed700000,0x00000082ed800000) (1024K)]
  0x00000238b9726960 JavaThread "Daemon worker"                     [_thread_in_vm, id=64572, stack(0x00000082eb700000,0x00000082eb800000) (1024K)]
  0x00000238d386aab0 JavaThread "Asynchronous log dispatcher for DefaultDaemonConnection: socket connection from /127.0.0.1:56752 to /127.0.0.1:56791"        [_thread_blocked, id=64580, stack(0x00000082ed200000,0x00000082ed300000) (1024K)]
  0x00000238b97f6a90 JavaThread "Stdin handler"                     [_thread_blocked, id=64600, stack(0x00000082ed800000,0x00000082ed900000) (1024K)]
  0x00000238b97f77b0 JavaThread "Daemon client event forwarder"        [_thread_blocked, id=64604, stack(0x00000082ed900000,0x00000082eda00000) (1024K)]
  0x00000238b97f49c0 JavaThread "Cache worker for journal cache (C:\Users\Lilianna\.gradle\caches\journal-1)"        [_thread_blocked, id=30052, stack(0x00000082eb600000,0x00000082eb700000) (1024K)]
  0x00000238b97f5050 JavaThread "File lock request listener"        [_thread_in_native, id=46524, stack(0x00000082eb800000,0x00000082eb900000) (1024K)]
  0x00000238b97f56e0 JavaThread "File lock release action executor"        [_thread_blocked, id=33676, stack(0x00000082eda00000,0x00000082edb00000) (1024K)]
  0x00000238b97f5d70 JavaThread "Cache worker for file hash cache (C:\Users\Lilianna\.gradle\caches\8.14\fileHashes)"        [_thread_blocked, id=664, stack(0x00000082edb00000,0x00000082edc00000) (1024K)]
  0x00000238b97f7120 JavaThread "Cache worker for file hash cache (C:\Users\Lilianna\IdeaProjects\lab1\lab1\.gradle\8.14\fileHashes)"        [_thread_blocked, id=65528, stack(0x00000082ee400000,0x00000082ee500000) (1024K)]
  0x00000238b97f6400 JavaThread "Cache worker for Build Output Cleanup Cache (C:\Users\Lilianna\IdeaProjects\lab1\lab1\.gradle\buildOutputCleanup)"        [_thread_blocked, id=46180, stack(0x00000082ee500000,0x00000082ee600000) (1024K)]
  0x00000238d4fde8e0 JavaThread "File watcher server"        daemon [_thread_in_native, id=62604, stack(0x00000082ee600000,0x00000082ee700000) (1024K)]
  0x00000238d4fde250 JavaThread "File watcher consumer"      daemon [_thread_blocked, id=62588, stack(0x00000082ee700000,0x00000082ee800000) (1024K)]
  0x00000238d4fe0320 JavaThread "jar transforms"                    [_thread_blocked, id=18864, stack(0x00000082ee800000,0x00000082ee900000) (1024K)]
  0x00000238d4fddbc0 JavaThread "jar transforms Thread 2"           [_thread_blocked, id=58244, stack(0x00000082ee900000,0x00000082eea00000) (1024K)]
  0x00000238d4fe09b0 JavaThread "Cache worker for checksums cache (C:\Users\Lilianna\IdeaProjects\lab1\lab1\.gradle\8.14\checksums)"        [_thread_blocked, id=66700, stack(0x00000082eea00000,0x00000082eeb00000) (1024K)]
  0x00000238d4fdf600 JavaThread "Cache worker for file content cache (C:\Users\Lilianna\.gradle\caches\8.14\fileContent)"        [_thread_blocked, id=66800, stack(0x00000082eeb00000,0x00000082eec00000) (1024K)]
  0x00000238d4fdef70 JavaThread "Cache worker for cache directory md-supplier (C:\Users\Lilianna\.gradle\caches\8.14\md-supplier)"        [_thread_blocked, id=67124, stack(0x00000082eec00000,0x00000082eed00000) (1024K)]
  0x00000238d4fdfc90 JavaThread "Cache worker for cache directory md-rule (C:\Users\Lilianna\.gradle\caches\8.14\md-rule)"        [_thread_blocked, id=67536, stack(0x00000082eed00000,0x00000082eee00000) (1024K)]
Total: 35

Other Threads:
  0x00000238b95aee80 VMThread "VM Thread"                           [id=23204, stack(0x00000082ec000000,0x00000082ec100000) (1024K)]
  0x00000238b959f720 WatcherThread "VM Periodic Task Thread"        [id=42528, stack(0x00000082ebf00000,0x00000082ec000000) (1024K)]
  0x000002389dc93e30 WorkerThread "GC Thread#0"                     [id=57476, stack(0x00000082eba00000,0x00000082ebb00000) (1024K)]
  0x00000238d30120a0 WorkerThread "GC Thread#1"                     [id=48932, stack(0x00000082ecb00000,0x00000082ecc00000) (1024K)]
  0x00000238d3012440 WorkerThread "GC Thread#2"                     [id=53760, stack(0x00000082ecc00000,0x00000082ecd00000) (1024K)]
  0x00000238d30127e0 WorkerThread "GC Thread#3"                     [id=2580, stack(0x00000082ecd00000,0x00000082ece00000) (1024K)]
  0x00000238b99c3b40 WorkerThread "GC Thread#4"                     [id=28500, stack(0x00000082ece00000,0x00000082ecf00000) (1024K)]
  0x00000238b99c3ee0 WorkerThread "GC Thread#5"                     [id=18884, stack(0x00000082ecf00000,0x00000082ed000000) (1024K)]
  0x00000238d4528990 WorkerThread "GC Thread#6"                     [id=30576, stack(0x00000082ed000000,0x00000082ed100000) (1024K)]
  0x00000238d4778410 WorkerThread "GC Thread#7"                     [id=29504, stack(0x00000082edc00000,0x00000082edd00000) (1024K)]
  0x00000238d56ea5d0 WorkerThread "GC Thread#8"                     [id=44744, stack(0x00000082edd00000,0x00000082ede00000) (1024K)]
  0x00000238d56ea970 WorkerThread "GC Thread#9"                     [id=26036, stack(0x00000082ede00000,0x00000082edf00000) (1024K)]
  0x00000238d56f4070 WorkerThread "GC Thread#10"                    [id=4524, stack(0x00000082edf00000,0x00000082ee000000) (1024K)]
  0x00000238d56f4410 WorkerThread "GC Thread#11"                    [id=35252, stack(0x00000082ee000000,0x00000082ee100000) (1024K)]
  0x00000238d56f5630 WorkerThread "GC Thread#12"                    [id=36156, stack(0x00000082ee100000,0x00000082ee200000) (1024K)]
  0x000002389dc98d20 ConcurrentGCThread "G1 Main Marker"            [id=57520, stack(0x00000082ebb00000,0x00000082ebc00000) (1024K)]
  0x000002389dc99730 WorkerThread "G1 Conc#0"                       [id=32948, stack(0x00000082ebc00000,0x00000082ebd00000) (1024K)]
  0x00000238d56f59d0 WorkerThread "G1 Conc#1"                       [id=18572, stack(0x00000082ee200000,0x00000082ee300000) (1024K)]
  0x00000238d56f4b50 WorkerThread "G1 Conc#2"                       [id=24532, stack(0x00000082ee300000,0x00000082ee400000) (1024K)]
  0x000002389dd2eba0 ConcurrentGCThread "G1 Refine#0"               [id=51236, stack(0x00000082ebd00000,0x00000082ebe00000) (1024K)]
  0x00000238b9470c30 ConcurrentGCThread "G1 Service"                [id=34372, stack(0x00000082ebe00000,0x00000082ebf00000) (1024K)]
Total: 21

Threads with active compile tasks:
C2 CompilerThread0  108030 5126 % !   4       java.util.jar.Attributes::read @ 12 (494 bytes)
Total: 1

VM state: not at safepoint (normal execution)

VM Mutex/Monitor currently owned by a thread: None

Heap address: 0x00000000e0000000, size: 512 MB, Compressed Oops mode: 32-bit

CDS archive(s) mapped at: [0x00000238ba000000-0x00000238bac80000-0x00000238bac80000), size 13107200, SharedBaseAddress: 0x00000238ba000000, ArchiveRelocationMode: 1.
Compressed class space mapped at: 0x00000238bb000000-0x00000238cf000000, reserved size: 335544320
Narrow klass base: 0x00000238ba000000, Narrow klass shift: 0, Narrow klass range: 0x100000000

GC Precious Log:
 CardTable entry size: 512
 Card Set container configuration: InlinePtr #cards 5 size 8 Array Of Cards #cards 12 size 40 Howl #buckets 4 coarsen threshold 1843 Howl Bitmap #cards 512 size 80 coarsen threshold 460 Card regions per heap region 1 cards per card region 2048
 CPUs: 16 total, 16 available
 Memory: 16000M
 Large Page Support: Disabled
 NUMA Support: Disabled
 Compressed Oops: Enabled (32-bit)
 Heap Region Size: 1M
 Heap Min Capacity: 256M
 Heap Initial Capacity: 256M
 Heap Max Capacity: 512M
 Pre-touch: Disabled
 Parallel Workers: 13
 Concurrent Workers: 3
 Concurrent Refinement Workers: 13
 Periodic GC: Disabled

Heap:
 garbage-first heap   total 262144K, used 62122K [0x00000000e0000000, 0x0000000100000000)
  region size 1024K, 39 young (39936K), 9 survivors (9216K)
 Metaspace       used 38817K, committed 40192K, reserved 393216K
  class space    used 5605K, committed 6272K, reserved 327680K

Heap Regions: E=young(eden), S=young(survivor), O=old, HS=humongous(starts), HC=humongous(continues), CS=collection set, F=free, TAMS=top-at-mark-start, PB=parsable bottom
|   0|0x00000000e0000000, 0x00000000e0100000, 0x00000000e0100000|100%|HS|  |TAMS 0x00000000e0000000| PB 0x00000000e0000000| Complete 
|   1|0x00000000e0100000, 0x00000000e0200000, 0x00000000e0200000|100%|HC|  |TAMS 0x00000000e0100000| PB 0x00000000e0100000| Complete 
|   2|0x00000000e0200000, 0x00000000e0300000, 0x00000000e0300000|100%|HC|  |TAMS 0x00000000e0200000| PB 0x00000000e0200000| Complete 
|   3|0x00000000e0300000, 0x00000000e0400000, 0x00000000e0400000|100%| O|  |TAMS 0x00000000e0300000| PB 0x00000000e0300000| Untracked 
|   4|0x00000000e0400000, 0x00000000e0500000, 0x00000000e0500000|100%| O|  |TAMS 0x00000000e0400000| PB 0x00000000e0400000| Untracked 
|   5|0x00000000e0500000, 0x00000000e0600000, 0x00000000e0600000|100%| O|  |TAMS 0x00000000e0500000| PB 0x00000000e0500000| Untracked 
|   6|0x00000000e0600000, 0x00000000e0700000, 0x00000000e0700000|100%|HS|  |TAMS 0x00000000e0600000| PB 0x00000000e0600000| Complete 
|   7|0x00000000e0700000, 0x00000000e0800000, 0x00000000e0800000|100%| O|  |TAMS 0x00000000e0700000| PB 0x00000000e0700000| Untracked 
|   8|0x00000000e0800000, 0x00000000e0900000, 0x00000000e0900000|100%| O|  |TAMS 0x00000000e0800000| PB 0x00000000e0800000| Untracked 
|   9|0x00000000e0900000, 0x00000000e0900000, 0x00000000e0a00000|  0%| F|  |TAMS 0x00000000e0900000| PB 0x00000000e0900000| Untracked 
|  10|0x00000000e0a00000, 0x00000000e0b00000, 0x00000000e0b00000|100%| O|  |TAMS 0x00000000e0a00000| PB 0x00000000e0a00000| Untracked 
|  11|0x00000000e0b00000, 0x00000000e0c00000, 0x00000000e0c00000|100%| O|  |TAMS 0x00000000e0b00000| PB 0x00000000e0b00000| Untracked 
|  12|0x00000000e0c00000, 0x00000000e0d00000, 0x00000000e0d00000|100%| O|  |TAMS 0x00000000e0c00000| PB 0x00000000e0c00000| Untracked 
|  13|0x00000000e0d00000, 0x00000000e0e00000, 0x00000000e0e00000|100%| O|  |TAMS 0x00000000e0d00000| PB 0x00000000e0d00000| Untracked 
|  14|0x00000000e0e00000, 0x00000000e0f00000, 0x00000000e0f00000|100%| O|  |TAMS 0x00000000e0e00000| PB 0x00000000e0e00000| Untracked 
|  15|0x00000000e0f00000, 0x00000000e1000000, 0x00000000e1000000|100%| O|  |TAMS 0x00000000e0f00000| PB 0x00000000e0f00000| Untracked 
|  16|0x00000000e1000000, 0x00000000e1100000, 0x00000000e1100000|100%| O|  |TAMS 0x00000000e1000000| PB 0x00000000e1000000| Untracked 
|  17|0x00000000e1100000, 0x00000000e1200000, 0x00000000e1200000|100%| O|  |TAMS 0x00000000e1100000| PB 0x00000000e1100000| Untracked 
|  18|0x00000000e1200000, 0x00000000e1300000, 0x00000000e1300000|100%| O|  |TAMS 0x00000000e1200000| PB 0x00000000e1200000| Untracked 
|  19|0x00000000e1300000, 0x00000000e1400000, 0x00000000e1400000|100%| O|  |TAMS 0x00000000e1300000| PB 0x00000000e1300000| Untracked 
|  20|0x00000000e1400000, 0x00000000e1500000, 0x00000000e1500000|100%| O|  |TAMS 0x00000000e1400000| PB 0x00000000e1400000| Untracked 
|  21|0x00000000e1500000, 0x00000000e1600000, 0x00000000e1600000|100%| O|  |TAMS 0x00000000e1500000| PB 0x00000000e1500000| Untracked 
|  22|0x00000000e1600000, 0x00000000e1700000, 0x00000000e1700000|100%| O|Cm|TAMS 0x00000000e1600000| PB 0x00000000e1600000| Complete 
|  23|0x00000000e1700000, 0x00000000e1800000, 0x00000000e1800000|100%| O|  |TAMS 0x00000000e1700000| PB 0x00000000e1700000| Untracked 
|  24|0x00000000e1800000, 0x00000000e1824740, 0x00000000e1900000| 14%| O|  |TAMS 0x00000000e1800000| PB 0x00000000e1800000| Untracked 
|  25|0x00000000e1900000, 0x00000000e1900000, 0x00000000e1a00000|  0%| F|  |TAMS 0x00000000e1900000| PB 0x00000000e1900000| Untracked 
|  26|0x00000000e1a00000, 0x00000000e1a00000, 0x00000000e1b00000|  0%| F|  |TAMS 0x00000000e1a00000| PB 0x00000000e1a00000| Untracked 
|  27|0x00000000e1b00000, 0x00000000e1b00000, 0x00000000e1c00000|  0%| F|  |TAMS 0x00000000e1b00000| PB 0x00000000e1b00000| Untracked 
|  28|0x00000000e1c00000, 0x00000000e1c00000, 0x00000000e1d00000|  0%| F|  |TAMS 0x00000000e1c00000| PB 0x00000000e1c00000| Untracked 
|  29|0x00000000e1d00000, 0x00000000e1d00000, 0x00000000e1e00000|  0%| F|  |TAMS 0x00000000e1d00000| PB 0x00000000e1d00000| Untracked 
|  30|0x00000000e1e00000, 0x00000000e1e00000, 0x00000000e1f00000|  0%| F|  |TAMS 0x00000000e1e00000| PB 0x00000000e1e00000| Untracked 
|  31|0x00000000e1f00000, 0x00000000e1f00000, 0x00000000e2000000|  0%| F|  |TAMS 0x00000000e1f00000| PB 0x00000000e1f00000| Untracked 
|  32|0x00000000e2000000, 0x00000000e2000000, 0x00000000e2100000|  0%| F|  |TAMS 0x00000000e2000000| PB 0x00000000e2000000| Untracked 
|  33|0x00000000e2100000, 0x00000000e2100000, 0x00000000e2200000|  0%| F|  |TAMS 0x00000000e2100000| PB 0x00000000e2100000| Untracked 
|  34|0x00000000e2200000, 0x00000000e2200000, 0x00000000e2300000|  0%| F|  |TAMS 0x00000000e2200000| PB 0x00000000e2200000| Untracked 
|  35|0x00000000e2300000, 0x00000000e2300000, 0x00000000e2400000|  0%| F|  |TAMS 0x00000000e2300000| PB 0x00000000e2300000| Untracked 
|  36|0x00000000e2400000, 0x00000000e2400000, 0x00000000e2500000|  0%| F|  |TAMS 0x00000000e2400000| PB 0x00000000e2400000| Untracked 
|  37|0x00000000e2500000, 0x00000000e2500000, 0x00000000e2600000|  0%| F|  |TAMS 0x00000000e2500000| PB 0x00000000e2500000| Untracked 
|  38|0x00000000e2600000, 0x00000000e2600000, 0x00000000e2700000|  0%| F|  |TAMS 0x00000000e2600000| PB 0x00000000e2600000| Untracked 
|  39|0x00000000e2700000, 0x00000000e2700000, 0x00000000e2800000|  0%| F|  |TAMS 0x00000000e2700000| PB 0x00000000e2700000| Untracked 
|  40|0x00000000e2800000, 0x00000000e2800000, 0x00000000e2900000|  0%| F|  |TAMS 0x00000000e2800000| PB 0x00000000e2800000| Untracked 
|  41|0x00000000e2900000, 0x00000000e2900000, 0x00000000e2a00000|  0%| F|  |TAMS 0x00000000e2900000| PB 0x00000000e2900000| Untracked 
|  42|0x00000000e2a00000, 0x00000000e2a00000, 0x00000000e2b00000|  0%| F|  |TAMS 0x00000000e2a00000| PB 0x00000000e2a00000| Untracked 
|  43|0x00000000e2b00000, 0x00000000e2b00000, 0x00000000e2c00000|  0%| F|  |TAMS 0x00000000e2b00000| PB 0x00000000e2b00000| Untracked 
|  44|0x00000000e2c00000, 0x00000000e2c00000, 0x00000000e2d00000|  0%| F|  |TAMS 0x00000000e2c00000| PB 0x00000000e2c00000| Untracked 
|  45|0x00000000e2d00000, 0x00000000e2d00000, 0x00000000e2e00000|  0%| F|  |TAMS 0x00000000e2d00000| PB 0x00000000e2d00000| Untracked 
|  46|0x00000000e2e00000, 0x00000000e2e00000, 0x00000000e2f00000|  0%| F|  |TAMS 0x00000000e2e00000| PB 0x00000000e2e00000| Untracked 
|  47|0x00000000e2f00000, 0x00000000e2f00000, 0x00000000e3000000|  0%| F|  |TAMS 0x00000000e2f00000| PB 0x00000000e2f00000| Untracked 
|  48|0x00000000e3000000, 0x00000000e3000000, 0x00000000e3100000|  0%| F|  |TAMS 0x00000000e3000000| PB 0x00000000e3000000| Untracked 
|  49|0x00000000e3100000, 0x00000000e3100000, 0x00000000e3200000|  0%| F|  |TAMS 0x00000000e3100000| PB 0x00000000e3100000| Untracked 
|  50|0x00000000e3200000, 0x00000000e3200000, 0x00000000e3300000|  0%| F|  |TAMS 0x00000000e3200000| PB 0x00000000e3200000| Untracked 
|  51|0x00000000e3300000, 0x00000000e3300000, 0x00000000e3400000|  0%| F|  |TAMS 0x00000000e3300000| PB 0x00000000e3300000| Untracked 
|  52|0x00000000e3400000, 0x00000000e3400000, 0x00000000e3500000|  0%| F|  |TAMS 0x00000000e3400000| PB 0x00000000e3400000| Untracked 
|  53|0x00000000e3500000, 0x00000000e3500000, 0x00000000e3600000|  0%| F|  |TAMS 0x00000000e3500000| PB 0x00000000e3500000| Untracked 
|  54|0x00000000e3600000, 0x00000000e3600000, 0x00000000e3700000|  0%| F|  |TAMS 0x00000000e3600000| PB 0x00000000e3600000| Untracked 
|  55|0x00000000e3700000, 0x00000000e3700000, 0x00000000e3800000|  0%| F|  |TAMS 0x00000000e3700000| PB 0x00000000e3700000| Untracked 
|  56|0x00000000e3800000, 0x00000000e3800000, 0x00000000e3900000|  0%| F|  |TAMS 0x00000000e3800000| PB 0x00000000e3800000| Untracked 
|  57|0x00000000e3900000, 0x00000000e3900000, 0x00000000e3a00000|  0%| F|  |TAMS 0x00000000e3900000| PB 0x00000000e3900000| Untracked 
|  58|0x00000000e3a00000, 0x00000000e3a00000, 0x00000000e3b00000|  0%| F|  |TAMS 0x00000000e3a00000| PB 0x00000000e3a00000| Untracked 
|  59|0x00000000e3b00000, 0x00000000e3b00000, 0x00000000e3c00000|  0%| F|  |TAMS 0x00000000e3b00000| PB 0x00000000e3b00000| Untracked 
|  60|0x00000000e3c00000, 0x00000000e3c00000, 0x00000000e3d00000|  0%| F|  |TAMS 0x00000000e3c00000| PB 0x00000000e3c00000| Untracked 
|  61|0x00000000e3d00000, 0x00000000e3d00000, 0x00000000e3e00000|  0%| F|  |TAMS 0x00000000e3d00000| PB 0x00000000e3d00000| Untracked 
|  62|0x00000000e3e00000, 0x00000000e3e00000, 0x00000000e3f00000|  0%| F|  |TAMS 0x00000000e3e00000| PB 0x00000000e3e00000| Untracked 
|  63|0x00000000e3f00000, 0x00000000e3f00000, 0x00000000e4000000|  0%| F|  |TAMS 0x00000000e3f00000| PB 0x00000000e3f00000| Untracked 
|  64|0x00000000e4000000, 0x00000000e4000000, 0x00000000e4100000|  0%| F|  |TAMS 0x00000000e4000000| PB 0x00000000e4000000| Untracked 
|  65|0x00000000e4100000, 0x00000000e4100000, 0x00000000e4200000|  0%| F|  |TAMS 0x00000000e4100000| PB 0x00000000e4100000| Untracked 
|  66|0x00000000e4200000, 0x00000000e4200000, 0x00000000e4300000|  0%| F|  |TAMS 0x00000000e4200000| PB 0x00000000e4200000| Untracked 
|  67|0x00000000e4300000, 0x00000000e4300000, 0x00000000e4400000|  0%| F|  |TAMS 0x00000000e4300000| PB 0x00000000e4300000| Untracked 
|  68|0x00000000e4400000, 0x00000000e4400000, 0x00000000e4500000|  0%| F|  |TAMS 0x00000000e4400000| PB 0x00000000e4400000| Untracked 
|  69|0x00000000e4500000, 0x00000000e4500000, 0x00000000e4600000|  0%| F|  |TAMS 0x00000000e4500000| PB 0x00000000e4500000| Untracked 
|  70|0x00000000e4600000, 0x00000000e4600000, 0x00000000e4700000|  0%| F|  |TAMS 0x00000000e4600000| PB 0x00000000e4600000| Untracked 
|  71|0x00000000e4700000, 0x00000000e4700000, 0x00000000e4800000|  0%| F|  |TAMS 0x00000000e4700000| PB 0x00000000e4700000| Untracked 
|  72|0x00000000e4800000, 0x00000000e4800000, 0x00000000e4900000|  0%| F|  |TAMS 0x00000000e4800000| PB 0x00000000e4800000| Untracked 
|  73|0x00000000e4900000, 0x00000000e4900000, 0x00000000e4a00000|  0%| F|  |TAMS 0x00000000e4900000| PB 0x00000000e4900000| Untracked 
|  74|0x00000000e4a00000, 0x00000000e4a00000, 0x00000000e4b00000|  0%| F|  |TAMS 0x00000000e4a00000| PB 0x00000000e4a00000| Untracked 
|  75|0x00000000e4b00000, 0x00000000e4b00000, 0x00000000e4c00000|  0%| F|  |TAMS 0x00000000e4b00000| PB 0x00000000e4b00000| Untracked 
|  76|0x00000000e4c00000, 0x00000000e4c00000, 0x00000000e4d00000|  0%| F|  |TAMS 0x00000000e4c00000| PB 0x00000000e4c00000| Untracked 
|  77|0x00000000e4d00000, 0x00000000e4d00000, 0x00000000e4e00000|  0%| F|  |TAMS 0x00000000e4d00000| PB 0x00000000e4d00000| Untracked 
|  78|0x00000000e4e00000, 0x00000000e4e00000, 0x00000000e4f00000|  0%| F|  |TAMS 0x00000000e4e00000| PB 0x00000000e4e00000| Untracked 
|  79|0x00000000e4f00000, 0x00000000e4f00000, 0x00000000e5000000|  0%| F|  |TAMS 0x00000000e4f00000| PB 0x00000000e4f00000| Untracked 
|  80|0x00000000e5000000, 0x00000000e5000000, 0x00000000e5100000|  0%| F|  |TAMS 0x00000000e5000000| PB 0x00000000e5000000| Untracked 
|  81|0x00000000e5100000, 0x00000000e5100000, 0x00000000e5200000|  0%| F|  |TAMS 0x00000000e5100000| PB 0x00000000e5100000| Untracked 
|  82|0x00000000e5200000, 0x00000000e5200000, 0x00000000e5300000|  0%| F|  |TAMS 0x00000000e5200000| PB 0x00000000e5200000| Untracked 
|  83|0x00000000e5300000, 0x00000000e5300000, 0x00000000e5400000|  0%| F|  |TAMS 0x00000000e5300000| PB 0x00000000e5300000| Untracked 
|  84|0x00000000e5400000, 0x00000000e5400000, 0x00000000e5500000|  0%| F|  |TAMS 0x00000000e5400000| PB 0x00000000e5400000| Untracked 
|  85|0x00000000e5500000, 0x00000000e5500000, 0x00000000e5600000|  0%| F|  |TAMS 0x00000000e5500000| PB 0x00000000e5500000| Untracked 
|  86|0x00000000e5600000, 0x00000000e5600000, 0x00000000e5700000|  0%| F|  |TAMS 0x00000000e5600000| PB 0x00000000e5600000| Untracked 
|  87|0x00000000e5700000, 0x00000000e5700000, 0x00000000e5800000|  0%| F|  |TAMS 0x00000000e5700000| PB 0x00000000e5700000| Untracked 
|  88|0x00000000e5800000, 0x00000000e5800000, 0x00000000e5900000|  0%| F|  |TAMS 0x00000000e5800000| PB 0x00000000e5800000| Untracked 
|  89|0x00000000e5900000, 0x00000000e5900000, 0x00000000e5a00000|  0%| F|  |TAMS 0x00000000e5900000| PB 0x00000000e5900000| Untracked 
|  90|0x00000000e5a00000, 0x00000000e5a00000, 0x00000000e5b00000|  0%| F|  |TAMS 0x00000000e5a00000| PB 0x00000000e5a00000| Untracked 
|  91|0x00000000e5b00000, 0x00000000e5b00000, 0x00000000e5c00000|  0%| F|  |TAMS 0x00000000e5b00000| PB 0x00000000e5b00000| Untracked 
|  92|0x00000000e5c00000, 0x00000000e5c00000, 0x00000000e5d00000|  0%| F|  |TAMS 0x00000000e5c00000| PB 0x00000000e5c00000| Untracked 
|  93|0x00000000e5d00000, 0x00000000e5d00000, 0x00000000e5e00000|  0%| F|  |TAMS 0x00000000e5d00000| PB 0x00000000e5d00000| Untracked 
|  94|0x00000000e5e00000, 0x00000000e5e00000, 0x00000000e5f00000|  0%| F|  |TAMS 0x00000000e5e00000| PB 0x00000000e5e00000| Untracked 
|  95|0x00000000e5f00000, 0x00000000e5f00000, 0x00000000e6000000|  0%| F|  |TAMS 0x00000000e5f00000| PB 0x00000000e5f00000| Untracked 
|  96|0x00000000e6000000, 0x00000000e6000000, 0x00000000e6100000|  0%| F|  |TAMS 0x00000000e6000000| PB 0x00000000e6000000| Untracked 
|  97|0x00000000e6100000, 0x00000000e6100000, 0x00000000e6200000|  0%| F|  |TAMS 0x00000000e6100000| PB 0x00000000e6100000| Untracked 
|  98|0x00000000e6200000, 0x00000000e6200000, 0x00000000e6300000|  0%| F|  |TAMS 0x00000000e6200000| PB 0x00000000e6200000| Untracked 
|  99|0x00000000e6300000, 0x00000000e6300000, 0x00000000e6400000|  0%| F|  |TAMS 0x00000000e6300000| PB 0x00000000e6300000| Untracked 
| 100|0x00000000e6400000, 0x00000000e6400000, 0x00000000e6500000|  0%| F|  |TAMS 0x00000000e6400000| PB 0x00000000e6400000| Untracked 
| 101|0x00000000e6500000, 0x00000000e6500000, 0x00000000e6600000|  0%| F|  |TAMS 0x00000000e6500000| PB 0x00000000e6500000| Untracked 
| 102|0x00000000e6600000, 0x00000000e6600000, 0x00000000e6700000|  0%| F|  |TAMS 0x00000000e6600000| PB 0x00000000e6600000| Untracked 
| 103|0x00000000e6700000, 0x00000000e6700000, 0x00000000e6800000|  0%| F|  |TAMS 0x00000000e6700000| PB 0x00000000e6700000| Untracked 
| 104|0x00000000e6800000, 0x00000000e6800000, 0x00000000e6900000|  0%| F|  |TAMS 0x00000000e6800000| PB 0x00000000e6800000| Untracked 
| 105|0x00000000e6900000, 0x00000000e6900000, 0x00000000e6a00000|  0%| F|  |TAMS 0x00000000e6900000| PB 0x00000000e6900000| Untracked 
| 106|0x00000000e6a00000, 0x00000000e6a00000, 0x00000000e6b00000|  0%| F|  |TAMS 0x00000000e6a00000| PB 0x00000000e6a00000| Untracked 
| 107|0x00000000e6b00000, 0x00000000e6b00000, 0x00000000e6c00000|  0%| F|  |TAMS 0x00000000e6b00000| PB 0x00000000e6b00000| Untracked 
| 108|0x00000000e6c00000, 0x00000000e6c00000, 0x00000000e6d00000|  0%| F|  |TAMS 0x00000000e6c00000| PB 0x00000000e6c00000| Untracked 
| 109|0x00000000e6d00000, 0x00000000e6d00000, 0x00000000e6e00000|  0%| F|  |TAMS 0x00000000e6d00000| PB 0x00000000e6d00000| Untracked 
| 110|0x00000000e6e00000, 0x00000000e6e00000, 0x00000000e6f00000|  0%| F|  |TAMS 0x00000000e6e00000| PB 0x00000000e6e00000| Untracked 
| 111|0x00000000e6f00000, 0x00000000e6f00000, 0x00000000e7000000|  0%| F|  |TAMS 0x00000000e6f00000| PB 0x00000000e6f00000| Untracked 
| 112|0x00000000e7000000, 0x00000000e7000000, 0x00000000e7100000|  0%| F|  |TAMS 0x00000000e7000000| PB 0x00000000e7000000| Untracked 
| 113|0x00000000e7100000, 0x00000000e7100000, 0x00000000e7200000|  0%| F|  |TAMS 0x00000000e7100000| PB 0x00000000e7100000| Untracked 
| 114|0x00000000e7200000, 0x00000000e7200000, 0x00000000e7300000|  0%| F|  |TAMS 0x00000000e7200000| PB 0x00000000e7200000| Untracked 
| 115|0x00000000e7300000, 0x00000000e7300000, 0x00000000e7400000|  0%| F|  |TAMS 0x00000000e7300000| PB 0x00000000e7300000| Untracked 
| 116|0x00000000e7400000, 0x00000000e7400000, 0x00000000e7500000|  0%| F|  |TAMS 0x00000000e7400000| PB 0x00000000e7400000| Untracked 
| 117|0x00000000e7500000, 0x00000000e7500000, 0x00000000e7600000|  0%| F|  |TAMS 0x00000000e7500000| PB 0x00000000e7500000| Untracked 
| 118|0x00000000e7600000, 0x00000000e7600000, 0x00000000e7700000|  0%| F|  |TAMS 0x00000000e7600000| PB 0x00000000e7600000| Untracked 
| 119|0x00000000e7700000, 0x00000000e7700000, 0x00000000e7800000|  0%| F|  |TAMS 0x00000000e7700000| PB 0x00000000e7700000| Untracked 
| 120|0x00000000e7800000, 0x00000000e7800000, 0x00000000e7900000|  0%| F|  |TAMS 0x00000000e7800000| PB 0x00000000e7800000| Untracked 
| 121|0x00000000e7900000, 0x00000000e7900000, 0x00000000e7a00000|  0%| F|  |TAMS 0x00000000e7900000| PB 0x00000000e7900000| Untracked 
| 122|0x00000000e7a00000, 0x00000000e7a00000, 0x00000000e7b00000|  0%| F|  |TAMS 0x00000000e7a00000| PB 0x00000000e7a00000| Untracked 
| 123|0x00000000e7b00000, 0x00000000e7b00000, 0x00000000e7c00000|  0%| F|  |TAMS 0x00000000e7b00000| PB 0x00000000e7b00000| Untracked 
| 124|0x00000000e7c00000, 0x00000000e7c00000, 0x00000000e7d00000|  0%| F|  |TAMS 0x00000000e7c00000| PB 0x00000000e7c00000| Untracked 
| 125|0x00000000e7d00000, 0x00000000e7d00000, 0x00000000e7e00000|  0%| F|  |TAMS 0x00000000e7d00000| PB 0x00000000e7d00000| Untracked 
| 126|0x00000000e7e00000, 0x00000000e7e00000, 0x00000000e7f00000|  0%| F|  |TAMS 0x00000000e7e00000| PB 0x00000000e7e00000| Untracked 
| 127|0x00000000e7f00000, 0x00000000e7f00000, 0x00000000e8000000|  0%| F|  |TAMS 0x00000000e7f00000| PB 0x00000000e7f00000| Untracked 
| 128|0x00000000e8000000, 0x00000000e8000000, 0x00000000e8100000|  0%| F|  |TAMS 0x00000000e8000000| PB 0x00000000e8000000| Untracked 
| 129|0x00000000e8100000, 0x00000000e8100000, 0x00000000e8200000|  0%| F|  |TAMS 0x00000000e8100000| PB 0x00000000e8100000| Untracked 
| 130|0x00000000e8200000, 0x00000000e8200000, 0x00000000e8300000|  0%| F|  |TAMS 0x00000000e8200000| PB 0x00000000e8200000| Untracked 
| 131|0x00000000e8300000, 0x00000000e8300000, 0x00000000e8400000|  0%| F|  |TAMS 0x00000000e8300000| PB 0x00000000e8300000| Untracked 
| 132|0x00000000e8400000, 0x00000000e8400000, 0x00000000e8500000|  0%| F|  |TAMS 0x00000000e8400000| PB 0x00000000e8400000| Untracked 
| 133|0x00000000e8500000, 0x00000000e8500000, 0x00000000e8600000|  0%| F|  |TAMS 0x00000000e8500000| PB 0x00000000e8500000| Untracked 
| 134|0x00000000e8600000, 0x00000000e8600000, 0x00000000e8700000|  0%| F|  |TAMS 0x00000000e8600000| PB 0x00000000e8600000| Untracked 
| 135|0x00000000e8700000, 0x00000000e8700000, 0x00000000e8800000|  0%| F|  |TAMS 0x00000000e8700000| PB 0x00000000e8700000| Untracked 
| 136|0x00000000e8800000, 0x00000000e8800000, 0x00000000e8900000|  0%| F|  |TAMS 0x00000000e8800000| PB 0x00000000e8800000| Untracked 
| 137|0x00000000e8900000, 0x00000000e8900000, 0x00000000e8a00000|  0%| F|  |TAMS 0x00000000e8900000| PB 0x00000000e8900000| Untracked 
| 138|0x00000000e8a00000, 0x00000000e8a00000, 0x00000000e8b00000|  0%| F|  |TAMS 0x00000000e8a00000| PB 0x00000000e8a00000| Untracked 
| 139|0x00000000e8b00000, 0x00000000e8b00000, 0x00000000e8c00000|  0%| F|  |TAMS 0x00000000e8b00000| PB 0x00000000e8b00000| Untracked 
| 140|0x00000000e8c00000, 0x00000000e8c00000, 0x00000000e8d00000|  0%| F|  |TAMS 0x00000000e8c00000| PB 0x00000000e8c00000| Untracked 
| 141|0x00000000e8d00000, 0x00000000e8d00000, 0x00000000e8e00000|  0%| F|  |TAMS 0x00000000e8d00000| PB 0x00000000e8d00000| Untracked 
| 142|0x00000000e8e00000, 0x00000000e8e00000, 0x00000000e8f00000|  0%| F|  |TAMS 0x00000000e8e00000| PB 0x00000000e8e00000| Untracked 
| 143|0x00000000e8f00000, 0x00000000e8f00000, 0x00000000e9000000|  0%| F|  |TAMS 0x00000000e8f00000| PB 0x00000000e8f00000| Untracked 
| 144|0x00000000e9000000, 0x00000000e9000000, 0x00000000e9100000|  0%| F|  |TAMS 0x00000000e9000000| PB 0x00000000e9000000| Untracked 
| 145|0x00000000e9100000, 0x00000000e9100000, 0x00000000e9200000|  0%| F|  |TAMS 0x00000000e9100000| PB 0x00000000e9100000| Untracked 
| 146|0x00000000e9200000, 0x00000000e9200000, 0x00000000e9300000|  0%| F|  |TAMS 0x00000000e9200000| PB 0x00000000e9200000| Untracked 
| 147|0x00000000e9300000, 0x00000000e9300000, 0x00000000e9400000|  0%| F|  |TAMS 0x00000000e9300000| PB 0x00000000e9300000| Untracked 
| 148|0x00000000e9400000, 0x00000000e9400000, 0x00000000e9500000|  0%| F|  |TAMS 0x00000000e9400000| PB 0x00000000e9400000| Untracked 
| 149|0x00000000e9500000, 0x00000000e9500000, 0x00000000e9600000|  0%| F|  |TAMS 0x00000000e9500000| PB 0x00000000e9500000| Untracked 
| 150|0x00000000e9600000, 0x00000000e9600000, 0x00000000e9700000|  0%| F|  |TAMS 0x00000000e9600000| PB 0x00000000e9600000| Untracked 
| 151|0x00000000e9700000, 0x00000000e9700000, 0x00000000e9800000|  0%| F|  |TAMS 0x00000000e9700000| PB 0x00000000e9700000| Untracked 
| 152|0x00000000e9800000, 0x00000000e9800000, 0x00000000e9900000|  0%| F|  |TAMS 0x00000000e9800000| PB 0x00000000e9800000| Untracked 
| 153|0x00000000e9900000, 0x00000000e9900000, 0x00000000e9a00000|  0%| F|  |TAMS 0x00000000e9900000| PB 0x00000000e9900000| Untracked 
| 154|0x00000000e9a00000, 0x00000000e9a00000, 0x00000000e9b00000|  0%| F|  |TAMS 0x00000000e9a00000| PB 0x00000000e9a00000| Untracked 
| 155|0x00000000e9b00000, 0x00000000e9b00000, 0x00000000e9c00000|  0%| F|  |TAMS 0x00000000e9b00000| PB 0x00000000e9b00000| Untracked 
| 156|0x00000000e9c00000, 0x00000000e9c00000, 0x00000000e9d00000|  0%| F|  |TAMS 0x00000000e9c00000| PB 0x00000000e9c00000| Untracked 
| 157|0x00000000e9d00000, 0x00000000e9d00000, 0x00000000e9e00000|  0%| F|  |TAMS 0x00000000e9d00000| PB 0x00000000e9d00000| Untracked 
| 158|0x00000000e9e00000, 0x00000000e9e00000, 0x00000000e9f00000|  0%| F|  |TAMS 0x00000000e9e00000| PB 0x00000000e9e00000| Untracked 
| 159|0x00000000e9f00000, 0x00000000e9f00000, 0x00000000ea000000|  0%| F|  |TAMS 0x00000000e9f00000| PB 0x00000000e9f00000| Untracked 
| 160|0x00000000ea000000, 0x00000000ea000000, 0x00000000ea100000|  0%| F|  |TAMS 0x00000000ea000000| PB 0x00000000ea000000| Untracked 
| 161|0x00000000ea100000, 0x00000000ea100000, 0x00000000ea200000|  0%| F|  |TAMS 0x00000000ea100000| PB 0x00000000ea100000| Untracked 
| 162|0x00000000ea200000, 0x00000000ea200000, 0x00000000ea300000|  0%| F|  |TAMS 0x00000000ea200000| PB 0x00000000ea200000| Untracked 
| 163|0x00000000ea300000, 0x00000000ea300000, 0x00000000ea400000|  0%| F|  |TAMS 0x00000000ea300000| PB 0x00000000ea300000| Untracked 
| 164|0x00000000ea400000, 0x00000000ea400000, 0x00000000ea500000|  0%| F|  |TAMS 0x00000000ea400000| PB 0x00000000ea400000| Untracked 
| 165|0x00000000ea500000, 0x00000000ea500000, 0x00000000ea600000|  0%| F|  |TAMS 0x00000000ea500000| PB 0x00000000ea500000| Untracked 
| 166|0x00000000ea600000, 0x00000000ea600000, 0x00000000ea700000|  0%| F|  |TAMS 0x00000000ea600000| PB 0x00000000ea600000| Untracked 
| 167|0x00000000ea700000, 0x00000000ea700000, 0x00000000ea800000|  0%| F|  |TAMS 0x00000000ea700000| PB 0x00000000ea700000| Untracked 
| 168|0x00000000ea800000, 0x00000000ea800000, 0x00000000ea900000|  0%| F|  |TAMS 0x00000000ea800000| PB 0x00000000ea800000| Untracked 
| 169|0x00000000ea900000, 0x00000000ea900000, 0x00000000eaa00000|  0%| F|  |TAMS 0x00000000ea900000| PB 0x00000000ea900000| Untracked 
| 170|0x00000000eaa00000, 0x00000000eaa00000, 0x00000000eab00000|  0%| F|  |TAMS 0x00000000eaa00000| PB 0x00000000eaa00000| Untracked 
| 171|0x00000000eab00000, 0x00000000eab00000, 0x00000000eac00000|  0%| F|  |TAMS 0x00000000eab00000| PB 0x00000000eab00000| Untracked 
| 172|0x00000000eac00000, 0x00000000eac00000, 0x00000000ead00000|  0%| F|  |TAMS 0x00000000eac00000| PB 0x00000000eac00000| Untracked 
| 173|0x00000000ead00000, 0x00000000ead00000, 0x00000000eae00000|  0%| F|  |TAMS 0x00000000ead00000| PB 0x00000000ead00000| Untracked 
| 174|0x00000000eae00000, 0x00000000eae00000, 0x00000000eaf00000|  0%| F|  |TAMS 0x00000000eae00000| PB 0x00000000eae00000| Untracked 
| 175|0x00000000eaf00000, 0x00000000eaf00000, 0x00000000eb000000|  0%| F|  |TAMS 0x00000000eaf00000| PB 0x00000000eaf00000| Untracked 
| 176|0x00000000eb000000, 0x00000000eb000000, 0x00000000eb100000|  0%| F|  |TAMS 0x00000000eb000000| PB 0x00000000eb000000| Untracked 
| 177|0x00000000eb100000, 0x00000000eb100000, 0x00000000eb200000|  0%| F|  |TAMS 0x00000000eb100000| PB 0x00000000eb100000| Untracked 
| 178|0x00000000eb200000, 0x00000000eb200000, 0x00000000eb300000|  0%| F|  |TAMS 0x00000000eb200000| PB 0x00000000eb200000| Untracked 
| 179|0x00000000eb300000, 0x00000000eb300000, 0x00000000eb400000|  0%| F|  |TAMS 0x00000000eb300000| PB 0x00000000eb300000| Untracked 
| 180|0x00000000eb400000, 0x00000000eb400000, 0x00000000eb500000|  0%| F|  |TAMS 0x00000000eb400000| PB 0x00000000eb400000| Untracked 
| 181|0x00000000eb500000, 0x00000000eb500000, 0x00000000eb600000|  0%| F|  |TAMS 0x00000000eb500000| PB 0x00000000eb500000| Untracked 
| 182|0x00000000eb600000, 0x00000000eb600000, 0x00000000eb700000|  0%| F|  |TAMS 0x00000000eb600000| PB 0x00000000eb600000| Untracked 
| 183|0x00000000eb700000, 0x00000000eb700000, 0x00000000eb800000|  0%| F|  |TAMS 0x00000000eb700000| PB 0x00000000eb700000| Untracked 
| 184|0x00000000eb800000, 0x00000000eb800000, 0x00000000eb900000|  0%| F|  |TAMS 0x00000000eb800000| PB 0x00000000eb800000| Untracked 
| 185|0x00000000eb900000, 0x00000000eb900000, 0x00000000eba00000|  0%| F|  |TAMS 0x00000000eb900000| PB 0x00000000eb900000| Untracked 
| 186|0x00000000eba00000, 0x00000000eba00000, 0x00000000ebb00000|  0%| F|  |TAMS 0x00000000eba00000| PB 0x00000000eba00000| Untracked 
| 187|0x00000000ebb00000, 0x00000000ebb00000, 0x00000000ebc00000|  0%| F|  |TAMS 0x00000000ebb00000| PB 0x00000000ebb00000| Untracked 
| 188|0x00000000ebc00000, 0x00000000ebc00000, 0x00000000ebd00000|  0%| F|  |TAMS 0x00000000ebc00000| PB 0x00000000ebc00000| Untracked 
| 189|0x00000000ebd00000, 0x00000000ebd00000, 0x00000000ebe00000|  0%| F|  |TAMS 0x00000000ebd00000| PB 0x00000000ebd00000| Untracked 
| 190|0x00000000ebe00000, 0x00000000ebe00000, 0x00000000ebf00000|  0%| F|  |TAMS 0x00000000ebe00000| PB 0x00000000ebe00000| Untracked 
| 191|0x00000000ebf00000, 0x00000000ebf00000, 0x00000000ec000000|  0%| F|  |TAMS 0x00000000ebf00000| PB 0x00000000ebf00000| Untracked 
| 192|0x00000000ec000000, 0x00000000ec000000, 0x00000000ec100000|  0%| F|  |TAMS 0x00000000ec000000| PB 0x00000000ec000000| Untracked 
| 193|0x00000000ec100000, 0x00000000ec100000, 0x00000000ec200000|  0%| F|  |TAMS 0x00000000ec100000| PB 0x00000000ec100000| Untracked 
| 194|0x00000000ec200000, 0x00000000ec200000, 0x00000000ec300000|  0%| F|  |TAMS 0x00000000ec200000| PB 0x00000000ec200000| Untracked 
| 195|0x00000000ec300000, 0x00000000ec300000, 0x00000000ec400000|  0%| F|  |TAMS 0x00000000ec300000| PB 0x00000000ec300000| Untracked 
| 196|0x00000000ec400000, 0x00000000ec400000, 0x00000000ec500000|  0%| F|  |TAMS 0x00000000ec400000| PB 0x00000000ec400000| Untracked 
| 197|0x00000000ec500000, 0x00000000ec500000, 0x00000000ec600000|  0%| F|  |TAMS 0x00000000ec500000| PB 0x00000000ec500000| Untracked 
| 198|0x00000000ec600000, 0x00000000ec600000, 0x00000000ec700000|  0%| F|  |TAMS 0x00000000ec600000| PB 0x00000000ec600000| Untracked 
| 199|0x00000000ec700000, 0x00000000ec700000, 0x00000000ec800000|  0%| F|  |TAMS 0x00000000ec700000| PB 0x00000000ec700000| Untracked 
| 200|0x00000000ec800000, 0x00000000ec800000, 0x00000000ec900000|  0%| F|  |TAMS 0x00000000ec800000| PB 0x00000000ec800000| Untracked 
| 201|0x00000000ec900000, 0x00000000ec900000, 0x00000000eca00000|  0%| F|  |TAMS 0x00000000ec900000| PB 0x00000000ec900000| Untracked 
| 202|0x00000000eca00000, 0x00000000eca00000, 0x00000000ecb00000|  0%| F|  |TAMS 0x00000000eca00000| PB 0x00000000eca00000| Untracked 
| 203|0x00000000ecb00000, 0x00000000ecb00000, 0x00000000ecc00000|  0%| F|  |TAMS 0x00000000ecb00000| PB 0x00000000ecb00000| Untracked 
| 204|0x00000000ecc00000, 0x00000000ecc00000, 0x00000000ecd00000|  0%| F|  |TAMS 0x00000000ecc00000| PB 0x00000000ecc00000| Untracked 
| 205|0x00000000ecd00000, 0x00000000ecd00000, 0x00000000ece00000|  0%| F|  |TAMS 0x00000000ecd00000| PB 0x00000000ecd00000| Untracked 
| 206|0x00000000ece00000, 0x00000000ece00000, 0x00000000ecf00000|  0%| F|  |TAMS 0x00000000ece00000| PB 0x00000000ece00000| Untracked 
| 207|0x00000000ecf00000, 0x00000000ecf00000, 0x00000000ed000000|  0%| F|  |TAMS 0x00000000ecf00000| PB 0x00000000ecf00000| Untracked 
| 208|0x00000000ed000000, 0x00000000ed000000, 0x00000000ed100000|  0%| F|  |TAMS 0x00000000ed000000| PB 0x00000000ed000000| Untracked 
| 209|0x00000000ed100000, 0x00000000ed100000, 0x00000000ed200000|  0%| F|  |TAMS 0x00000000ed100000| PB 0x00000000ed100000| Untracked 
| 210|0x00000000ed200000, 0x00000000ed200000, 0x00000000ed300000|  0%| F|  |TAMS 0x00000000ed200000| PB 0x00000000ed200000| Untracked 
| 211|0x00000000ed300000, 0x00000000ed300000, 0x00000000ed400000|  0%| F|  |TAMS 0x00000000ed300000| PB 0x00000000ed300000| Untracked 
| 212|0x00000000ed400000, 0x00000000ed400000, 0x00000000ed500000|  0%| F|  |TAMS 0x00000000ed400000| PB 0x00000000ed400000| Untracked 
| 213|0x00000000ed500000, 0x00000000ed500000, 0x00000000ed600000|  0%| F|  |TAMS 0x00000000ed500000| PB 0x00000000ed500000| Untracked 
| 214|0x00000000ed600000, 0x00000000ed600000, 0x00000000ed700000|  0%| F|  |TAMS 0x00000000ed600000| PB 0x00000000ed600000| Untracked 
| 215|0x00000000ed700000, 0x00000000ed700000, 0x00000000ed800000|  0%| F|  |TAMS 0x00000000ed700000| PB 0x00000000ed700000| Untracked 
| 216|0x00000000ed800000, 0x00000000ed800000, 0x00000000ed900000|  0%| F|  |TAMS 0x00000000ed800000| PB 0x00000000ed800000| Untracked 
| 217|0x00000000ed900000, 0x00000000ed980000, 0x00000000eda00000| 50%| E|  |TAMS 0x00000000ed900000| PB 0x00000000ed900000| Complete 
| 218|0x00000000eda00000, 0x00000000edb00000, 0x00000000edb00000|100%| E|CS|TAMS 0x00000000eda00000| PB 0x00000000eda00000| Complete 
| 219|0x00000000edb00000, 0x00000000edc00000, 0x00000000edc00000|100%| E|CS|TAMS 0x00000000edb00000| PB 0x00000000edb00000| Complete 
| 220|0x00000000edc00000, 0x00000000edd00000, 0x00000000edd00000|100%| E|CS|TAMS 0x00000000edc00000| PB 0x00000000edc00000| Complete 
| 221|0x00000000edd00000, 0x00000000ede00000, 0x00000000ede00000|100%| E|CS|TAMS 0x00000000edd00000| PB 0x00000000edd00000| Complete 
| 222|0x00000000ede00000, 0x00000000edf00000, 0x00000000edf00000|100%| E|CS|TAMS 0x00000000ede00000| PB 0x00000000ede00000| Complete 
| 223|0x00000000edf00000, 0x00000000ee000000, 0x00000000ee000000|100%| E|CS|TAMS 0x00000000edf00000| PB 0x00000000edf00000| Complete 
| 224|0x00000000ee000000, 0x00000000ee100000, 0x00000000ee100000|100%| E|CS|TAMS 0x00000000ee000000| PB 0x00000000ee000000| Complete 
| 225|0x00000000ee100000, 0x00000000ee200000, 0x00000000ee200000|100%| E|CS|TAMS 0x00000000ee100000| PB 0x00000000ee100000| Complete 
| 226|0x00000000ee200000, 0x00000000ee300000, 0x00000000ee300000|100%| E|CS|TAMS 0x00000000ee200000| PB 0x00000000ee200000| Complete 
| 227|0x00000000ee300000, 0x00000000ee400000, 0x00000000ee400000|100%| E|CS|TAMS 0x00000000ee300000| PB 0x00000000ee300000| Complete 
| 228|0x00000000ee400000, 0x00000000ee500000, 0x00000000ee500000|100%| E|CS|TAMS 0x00000000ee400000| PB 0x00000000ee400000| Complete 
| 229|0x00000000ee500000, 0x00000000ee600000, 0x00000000ee600000|100%| E|CS|TAMS 0x00000000ee500000| PB 0x00000000ee500000| Complete 
| 230|0x00000000ee600000, 0x00000000ee700000, 0x00000000ee700000|100%| E|CS|TAMS 0x00000000ee600000| PB 0x00000000ee600000| Complete 
| 231|0x00000000ee700000, 0x00000000ee800000, 0x00000000ee800000|100%| E|CS|TAMS 0x00000000ee700000| PB 0x00000000ee700000| Complete 
| 232|0x00000000ee800000, 0x00000000ee900000, 0x00000000ee900000|100%| E|CS|TAMS 0x00000000ee800000| PB 0x00000000ee800000| Complete 
| 233|0x00000000ee900000, 0x00000000eea00000, 0x00000000eea00000|100%| E|CS|TAMS 0x00000000ee900000| PB 0x00000000ee900000| Complete 
| 234|0x00000000eea00000, 0x00000000eea86280, 0x00000000eeb00000| 52%| S|CS|TAMS 0x00000000eea00000| PB 0x00000000eea00000| Complete 
| 235|0x00000000eeb00000, 0x00000000eec00000, 0x00000000eec00000|100%| S|CS|TAMS 0x00000000eeb00000| PB 0x00000000eeb00000| Complete 
| 236|0x00000000eec00000, 0x00000000eed00000, 0x00000000eed00000|100%| S|CS|TAMS 0x00000000eec00000| PB 0x00000000eec00000| Complete 
| 237|0x00000000eed00000, 0x00000000eee00000, 0x00000000eee00000|100%| S|CS|TAMS 0x00000000eed00000| PB 0x00000000eed00000| Complete 
| 238|0x00000000eee00000, 0x00000000eef00000, 0x00000000eef00000|100%| S|CS|TAMS 0x00000000eee00000| PB 0x00000000eee00000| Complete 
| 239|0x00000000eef00000, 0x00000000ef000000, 0x00000000ef000000|100%| S|CS|TAMS 0x00000000eef00000| PB 0x00000000eef00000| Complete 
| 240|0x00000000ef000000, 0x00000000ef100000, 0x00000000ef100000|100%| S|CS|TAMS 0x00000000ef000000| PB 0x00000000ef000000| Complete 
| 241|0x00000000ef100000, 0x00000000ef200000, 0x00000000ef200000|100%| S|CS|TAMS 0x00000000ef100000| PB 0x00000000ef100000| Complete 
| 242|0x00000000ef200000, 0x00000000ef300000, 0x00000000ef300000|100%| S|CS|TAMS 0x00000000ef200000| PB 0x00000000ef200000| Complete 
| 243|0x00000000ef300000, 0x00000000ef400000, 0x00000000ef400000|100%| E|CS|TAMS 0x00000000ef300000| PB 0x00000000ef300000| Complete 
| 244|0x00000000ef400000, 0x00000000ef500000, 0x00000000ef500000|100%| E|CS|TAMS 0x00000000ef400000| PB 0x00000000ef400000| Complete 
| 245|0x00000000ef500000, 0x00000000ef600000, 0x00000000ef600000|100%| E|CS|TAMS 0x00000000ef500000| PB 0x00000000ef500000| Complete 
| 246|0x00000000ef600000, 0x00000000ef700000, 0x00000000ef700000|100%| E|CS|TAMS 0x00000000ef600000| PB 0x00000000ef600000| Complete 
| 247|0x00000000ef700000, 0x00000000ef800000, 0x00000000ef800000|100%| E|CS|TAMS 0x00000000ef700000| PB 0x00000000ef700000| Complete 
| 248|0x00000000ef800000, 0x00000000ef900000, 0x00000000ef900000|100%| E|CS|TAMS 0x00000000ef800000| PB 0x00000000ef800000| Complete 
| 249|0x00000000ef900000, 0x00000000efa00000, 0x00000000efa00000|100%| E|CS|TAMS 0x00000000ef900000| PB 0x00000000ef900000| Complete 
| 250|0x00000000efa00000, 0x00000000efb00000, 0x00000000efb00000|100%| E|CS|TAMS 0x00000000efa00000| PB 0x00000000efa00000| Complete 
| 251|0x00000000efb00000, 0x00000000efc00000, 0x00000000efc00000|100%| E|CS|TAMS 0x00000000efb00000| PB 0x00000000efb00000| Complete 
| 252|0x00000000efc00000, 0x00000000efd00000, 0x00000000efd00000|100%| E|CS|TAMS 0x00000000efc00000| PB 0x00000000efc00000| Complete 
| 253|0x00000000efd00000, 0x00000000efe00000, 0x00000000efe00000|100%| E|CS|TAMS 0x00000000efd00000| PB 0x00000000efd00000| Complete 
| 254|0x00000000efe00000, 0x00000000eff00000, 0x00000000eff00000|100%| E|CS|TAMS 0x00000000efe00000| PB 0x00000000efe00000| Complete 
| 255|0x00000000eff00000, 0x00000000f0000000, 0x00000000f0000000|100%| E|CS|TAMS 0x00000000eff00000| PB 0x00000000eff00000| Complete 

Card table byte_map: [0x00000238b5cf0000,0x00000238b5df0000] _byte_map_base: 0x00000238b55f0000

Marking Bits: (CMBitMap*) 0x000002389dc94440
 Bits: [0x00000238b5df0000, 0x00000238b65f0000)

Polling page: 0x000002389ba80000

Metaspace:

Usage:
  Non-class:     32.44 MB used.
      Class:      5.48 MB used.
       Both:     37.92 MB used.

Virtual space:
  Non-class space:       64.00 MB reserved,      33.12 MB ( 52%) committed,  1 nodes.
      Class space:      320.00 MB reserved,       6.12 MB (  2%) committed,  1 nodes.
             Both:      384.00 MB reserved,      39.25 MB ( 10%) committed. 

Chunk freelists:
   Non-Class:  14.77 MB
       Class:  9.82 MB
        Both:  24.59 MB

MaxMetaspaceSize: 384.00 MB
CompressedClassSpaceSize: 320.00 MB
Initial GC threshold: 21.00 MB
Current GC threshold: 60.12 MB
CDS: on
 - commit_granule_bytes: 65536.
 - commit_granule_words: 8192.
 - virtual_space_node_default_size: 8388608.
 - enlarge_chunks_in_place: 1.
 - use_allocation_guard: 0.


Internal statistics:

num_allocs_failed_limit: 12.
num_arena_births: 2412.
num_arena_deaths: 0.
num_vsnodes_births: 2.
num_vsnodes_deaths: 0.
num_space_committed: 628.
num_space_uncommitted: 0.
num_chunks_returned_to_freelist: 12.
num_chunks_taken_from_freelist: 4177.
num_chunk_merges: 12.
num_chunk_splits: 2713.
num_chunks_enlarged: 1637.
num_inconsistent_stats: 0.

CodeHeap 'non-profiled nmethods': size=119168Kb used=2555Kb max_used=2626Kb free=116612Kb
 bounds [0x00000238adf10000, 0x00000238ae1e0000, 0x00000238b5370000]
CodeHeap 'profiled nmethods': size=119104Kb used=8908Kb max_used=9870Kb free=110195Kb
 bounds [0x00000238a6370000, 0x00000238a6d20000, 0x00000238ad7c0000]
CodeHeap 'non-nmethods': size=7488Kb used=1922Kb max_used=1998Kb free=5566Kb
 bounds [0x00000238ad7c0000, 0x00000238ada30000, 0x00000238adf10000]
CodeCache: size=245760Kb, used=13385Kb, max_used=14494Kb, free=232373Kb
 total_blobs=5276, nmethods=4583, adapters=597, full_count=0
Compilation: enabled, stopped_count=0, restarted_count=0

Compilation events (20 events):
Event: 107.700 Thread 0x00000238b95d2a30 nmethod 5117 0x00000238ae0c9010 code [0x00000238ae0c91a0, 0x00000238ae0c9270]
Event: 107.705 Thread 0x00000238b95d1c40 5118       4       sun.net.util.IPAddressUtil::checkHostString (64 bytes)
Event: 107.707 Thread 0x00000238b95d1c40 nmethod 5118 0x00000238adf98710 code [0x00000238adf988a0, 0x00000238adf989d0]
Event: 107.743 Thread 0x00000238b95d2a30 5120       3       org.gradle.model.internal.asm.MethodVisitorScope::_CHECKCAST (9 bytes)
Event: 107.743 Thread 0x00000238b95d2a30 nmethod 5120 0x00000238a67d7090 code [0x00000238a67d7240, 0x00000238a67d74b0]
Event: 107.743 Thread 0x00000238b95d2a30 5121       3       org.gradle.model.internal.asm.MethodVisitorScope::_ASTORE (8 bytes)
Event: 107.743 Thread 0x00000238b95d2a30 nmethod 5121 0x00000238a6818d10 code [0x00000238a6818ec0, 0x00000238a6819130]
Event: 107.743 Thread 0x00000238b95d2a30 5122       3       org.gradle.model.internal.asm.MethodVisitorScope::_IFNONNULL (9 bytes)
Event: 107.743 Thread 0x00000238b95d2a30 nmethod 5122 0x00000238a6910990 code [0x00000238a6910b40, 0x00000238a6910db0]
Event: 107.744 Thread 0x00000238b95d1c40 5123       4       jdk.internal.org.objectweb.asm.ClassReader::readInt (52 bytes)
Event: 107.745 Thread 0x00000238b95d1c40 nmethod 5123 0x00000238adf97d90 code [0x00000238adf97f20, 0x00000238adf98040]
Event: 107.767 Thread 0x00000238b95d2a30 5124       3       java.lang.Package::isSealed (26 bytes)
Event: 107.767 Thread 0x00000238b95d2a30 nmethod 5124 0x00000238a64b4490 code [0x00000238a64b4640, 0x00000238a64b4928]
Event: 107.794 Thread 0x00000238b95d1c40 5125       4       sun.invoke.util.VerifyAccess::isSamePackage (37 bytes)
Event: 107.871 Thread 0x00000238b95d1c40 nmethod 5125 0x00000238adfece10 code [0x00000238adfed080, 0x00000238adfee660]
Event: 107.882 Thread 0x00000238b95d1c40 5126 % !   4       java.util.jar.Attributes::read @ 12 (494 bytes)
Event: 107.987 Thread 0x00000238b95d2a30 5128       3       java.util.TreeMap::rotateLeft (96 bytes)
Event: 107.987 Thread 0x00000238b95d2a30 nmethod 5128 0x00000238a676ee10 code [0x00000238a676efe0, 0x00000238a676f4d8]
Event: 107.991 Thread 0x00000238b95d2a30 5129       3       org.gradle.internal.reflect.MutableClassDetails::field (49 bytes)
Event: 107.992 Thread 0x00000238b95d2a30 nmethod 5129 0x00000238a6915690 code [0x00000238a69158a0, 0x00000238a6916010]

GC Heap History (14 events):
Event: 5.311 GC heap before
{Heap before GC invocations=0 (full 0):
 garbage-first heap   total 262144K, used 22528K [0x00000000e0000000, 0x0000000100000000)
  region size 1024K, 23 young (23552K), 0 survivors (0K)
 Metaspace       used 1059K, committed 1152K, reserved 393216K
  class space    used 80K, committed 128K, reserved 327680K
}
Event: 5.467 GC heap after
{Heap after GC invocations=1 (full 0):
 garbage-first heap   total 262144K, used 1717K [0x00000000e0000000, 0x0000000100000000)
  region size 1024K, 2 young (2048K), 2 survivors (2048K)
 Metaspace       used 1059K, committed 1152K, reserved 393216K
  class space    used 80K, committed 128K, reserved 327680K
}
Event: 10.191 GC heap before
{Heap before GC invocations=1 (full 0):
 garbage-first heap   total 262144K, used 40629K [0x00000000e0000000, 0x0000000100000000)
  region size 1024K, 38 young (38912K), 2 survivors (2048K)
 Metaspace       used 4459K, committed 4608K, reserved 393216K
  class space    used 557K, committed 640K, reserved 327680K
}
Event: 10.195 GC heap after
{Heap after GC invocations=2 (full 0):
 garbage-first heap   total 262144K, used 10733K [0x00000000e0000000, 0x0000000100000000)
  region size 1024K, 5 young (5120K), 5 survivors (5120K)
 Metaspace       used 4459K, committed 4608K, reserved 393216K
  class space    used 557K, committed 640K, reserved 327680K
}
Event: 12.624 GC heap before
{Heap before GC invocations=2 (full 0):
 garbage-first heap   total 262144K, used 63981K [0x00000000e0000000, 0x0000000100000000)
  region size 1024K, 55 young (56320K), 5 survivors (5120K)
 Metaspace       used 5730K, committed 6016K, reserved 393216K
  class space    used 766K, committed 896K, reserved 327680K
}
Event: 12.629 GC heap after
{Heap after GC invocations=3 (full 0):
 garbage-first heap   total 262144K, used 17387K [0x00000000e0000000, 0x0000000100000000)
  region size 1024K, 6 young (6144K), 6 survivors (6144K)
 Metaspace       used 5730K, committed 6016K, reserved 393216K
  class space    used 766K, committed 896K, reserved 327680K
}
Event: 86.633 GC heap before
{Heap before GC invocations=3 (full 0):
 garbage-first heap   total 262144K, used 109547K [0x00000000e0000000, 0x0000000100000000)
  region size 1024K, 97 young (99328K), 6 survivors (6144K)
 Metaspace       used 20904K, committed 21504K, reserved 393216K
  class space    used 3012K, committed 3328K, reserved 327680K
}
Event: 86.880 GC heap after
{Heap after GC invocations=4 (full 0):
 garbage-first heap   total 262144K, used 24498K [0x00000000e0000000, 0x0000000100000000)
  region size 1024K, 13 young (13312K), 13 survivors (13312K)
 Metaspace       used 20904K, committed 21504K, reserved 393216K
  class space    used 3012K, committed 3328K, reserved 327680K
}
Event: 103.127 GC heap before
{Heap before GC invocations=5 (full 0):
 garbage-first heap   total 262144K, used 135090K [0x00000000e0000000, 0x0000000100000000)
  region size 1024K, 122 young (124928K), 13 survivors (13312K)
 Metaspace       used 35287K, committed 36288K, reserved 393216K
  class space    used 5021K, committed 5504K, reserved 327680K
}
Event: 103.252 GC heap after
{Heap after GC invocations=6 (full 0):
 garbage-first heap   total 262144K, used 32972K [0x00000000e0000000, 0x0000000100000000)
  region size 1024K, 16 young (16384K), 16 survivors (16384K)
 Metaspace       used 35287K, committed 36288K, reserved 393216K
  class space    used 5021K, committed 5504K, reserved 327680K
}
Event: 104.491 GC heap before
{Heap before GC invocations=6 (full 0):
 garbage-first heap   total 262144K, used 35020K [0x00000000e0000000, 0x0000000100000000)
  region size 1024K, 19 young (19456K), 16 survivors (16384K)
 Metaspace       used 35407K, committed 36480K, reserved 393216K
  class space    used 5028K, committed 5504K, reserved 327680K
}
Event: 104.506 GC heap after
{Heap after GC invocations=7 (full 0):
 garbage-first heap   total 262144K, used 32803K [0x00000000e0000000, 0x0000000100000000)
  region size 1024K, 9 young (9216K), 9 survivors (9216K)
 Metaspace       used 35407K, committed 36480K, reserved 393216K
  class space    used 5028K, committed 5504K, reserved 327680K
}
Event: 104.581 GC heap before
{Heap before GC invocations=7 (full 0):
 garbage-first heap   total 262144K, used 35875K [0x00000000e0000000, 0x0000000100000000)
  region size 1024K, 13 young (13312K), 9 survivors (9216K)
 Metaspace       used 35687K, committed 36800K, reserved 393216K
  class space    used 5082K, committed 5632K, reserved 327680K
}
Event: 104.590 GC heap after
{Heap after GC invocations=8 (full 0):
 garbage-first heap   total 262144K, used 32426K [0x00000000e0000000, 0x0000000100000000)
  region size 1024K, 9 young (9216K), 9 survivors (9216K)
 Metaspace       used 35687K, committed 36800K, reserved 393216K
  class space    used 5082K, committed 5632K, reserved 327680K
}

Dll operation events (15 events):
Event: 0.187 Loaded shared library C:\Program Files\Microsoft\jdk-21.0.8.9-hotspot\bin\java.dll
Event: 1.238 Loaded shared library C:\Program Files\Microsoft\jdk-21.0.8.9-hotspot\bin\jsvml.dll
Event: 1.239 Loaded shared library C:\Program Files\Microsoft\jdk-21.0.8.9-hotspot\bin\zip.dll
Event: 1.265 Loaded shared library C:\Program Files\Microsoft\jdk-21.0.8.9-hotspot\bin\instrument.dll
Event: 1.274 Loaded shared library C:\Program Files\Microsoft\jdk-21.0.8.9-hotspot\bin\net.dll
Event: 1.277 Loaded shared library C:\Program Files\Microsoft\jdk-21.0.8.9-hotspot\bin\nio.dll
Event: 1.281 Loaded shared library C:\Program Files\Microsoft\jdk-21.0.8.9-hotspot\bin\zip.dll
Event: 5.098 Loaded shared library C:\Program Files\Microsoft\jdk-21.0.8.9-hotspot\bin\jimage.dll
Event: 7.131 Loaded shared library C:\Program Files\Microsoft\jdk-21.0.8.9-hotspot\bin\verify.dll
Event: 7.536 Loaded shared library C:\Users\Lilianna\.gradle\native\1def1411415f61bf3af743bc5b6707747c0891f09f0c88961ee8f79bc544acac\windows-amd64\native-platform.dll
Event: 7.613 Loaded shared library C:\Users\Lilianna\.gradle\native\0.2.7\x86_64-windows-gnu\gradle-fileevents.dll
Event: 12.706 Loaded shared library C:\Program Files\Microsoft\jdk-21.0.8.9-hotspot\bin\management.dll
Event: 12.717 Loaded shared library C:\Program Files\Microsoft\jdk-21.0.8.9-hotspot\bin\management_ext.dll
Event: 13.081 Loaded shared library C:\Program Files\Microsoft\jdk-21.0.8.9-hotspot\bin\extnet.dll
Event: 17.617 Loaded shared library C:\Program Files\Microsoft\jdk-21.0.8.9-hotspot\bin\sunmscapi.dll

Deoptimization events (20 events):
Event: 104.673 Thread 0x00000238b9726960 Uncommon trap: trap_request=0xffffffbe fr.pc=0x00000238ae19fe70 relative=0x0000000000001010
Event: 104.673 Thread 0x00000238b9726960 Uncommon trap: reason=profile_predicate action=maybe_recompile pc=0x00000238ae19fe70 method=java.lang.invoke.InvokerBytecodeGenerator.<init>(Ljava/lang/String;Ljava/lang/String;Ljava/lang/invoke/LambdaForm;Ljava/lang/invoke/MethodType;)V @ 33 c2
Event: 104.673 Thread 0x00000238b9726960 DEOPT PACKING pc=0x00000238ae19fe70 sp=0x00000082eb7f9180
Event: 104.673 Thread 0x00000238b9726960 DEOPT UNPACKING pc=0x00000238ad8146a2 sp=0x00000082eb7f9130 mode 2
Event: 106.925 Thread 0x00000238b9726960 DEOPT PACKING pc=0x00000238a69ea746 sp=0x00000082eb7f9bf0
Event: 106.925 Thread 0x00000238b9726960 DEOPT UNPACKING pc=0x00000238ad814e42 sp=0x00000082eb7f9060 mode 0
Event: 106.957 Thread 0x00000238b9726960 DEOPT PACKING pc=0x00000238a675aa56 sp=0x00000082eb7f9ef0
Event: 106.957 Thread 0x00000238b9726960 DEOPT UNPACKING pc=0x00000238ad814e42 sp=0x00000082eb7f9390 mode 0
Event: 107.617 Thread 0x00000238b9726960 Uncommon trap: trap_request=0xffffffde fr.pc=0x00000238ae045594 relative=0x00000000000002b4
Event: 107.617 Thread 0x00000238b9726960 Uncommon trap: reason=class_check action=maybe_recompile pc=0x00000238ae045594 method=java.util.Collections$SetFromMap.remove(Ljava/lang/Object;)Z @ 5 c2
Event: 107.617 Thread 0x00000238b9726960 DEOPT PACKING pc=0x00000238ae045594 sp=0x00000082eb7fb0a0
Event: 107.617 Thread 0x00000238b9726960 DEOPT UNPACKING pc=0x00000238ad8146a2 sp=0x00000082eb7fb078 mode 2
Event: 107.621 Thread 0x00000238b9726960 Uncommon trap: trap_request=0xffffff45 fr.pc=0x00000238ae1352d0 relative=0x0000000000000130
Event: 107.621 Thread 0x00000238b9726960 Uncommon trap: reason=unstable_if action=reinterpret pc=0x00000238ae1352d0 method=java.util.Arrays.hashCode([Ljava/lang/Object;)I @ 34 c2
Event: 107.621 Thread 0x00000238b9726960 DEOPT PACKING pc=0x00000238ae1352d0 sp=0x00000082eb7fb520
Event: 107.621 Thread 0x00000238b9726960 DEOPT UNPACKING pc=0x00000238ad8146a2 sp=0x00000082eb7fb498 mode 2
Event: 107.745 Thread 0x00000238b9726960 Uncommon trap: trap_request=0xffffffde fr.pc=0x00000238ae150f58 relative=0x00000000000026b8
Event: 107.745 Thread 0x00000238b9726960 Uncommon trap: reason=class_check action=maybe_recompile pc=0x00000238ae150f58 method=java.util.regex.Pattern$CharProperty.study(Ljava/util/regex/Pattern$TreeInfo;)Z @ 25 c2
Event: 107.745 Thread 0x00000238b9726960 DEOPT PACKING pc=0x00000238ae150f58 sp=0x00000082eb7fa210
Event: 107.745 Thread 0x00000238b9726960 DEOPT UNPACKING pc=0x00000238ad8146a2 sp=0x00000082eb7fa108 mode 2

Classes loaded (20 events):
Event: 103.014 Loading class sun/invoke/util/ValueConversions$1
Event: 103.015 Loading class sun/invoke/util/ValueConversions$1 done
Event: 103.018 Loading class java/lang/invoke/BoundMethodHandle$Species_LI
Event: 103.018 Loading class java/lang/invoke/BoundMethodHandle$Species_LI done
Event: 106.909 Loading class java/lang/invoke/BoundMethodHandle$Species_LLLLLLLLLLLLLLLLLLLLLLLLL
Event: 106.909 Loading class java/lang/invoke/BoundMethodHandle$Species_LLLLLLLLLLLLLLLLLLLLLLLLL done
Event: 106.923 Loading class java/lang/invoke/BoundMethodHandle$Species_LLLLLLLLLLLLLLLLLLLLLLLLLL
Event: 106.923 Loading class java/lang/invoke/BoundMethodHandle$Species_LLLLLLLLLLLLLLLLLLLLLLLLLL done
Event: 106.925 Loading class java/lang/invoke/BoundMethodHandle$Species_LLLLLLLLLLLLLLLLLLLLLLLLLLL
Event: 106.925 Loading class java/lang/invoke/BoundMethodHandle$Species_LLLLLLLLLLLLLLLLLLLLLLLLLLL done
Event: 106.927 Loading class java/lang/invoke/BoundMethodHandle$Species_LLLLLLLLLLLLLLLLLLLLLLLLLLLL
Event: 106.927 Loading class java/lang/invoke/BoundMethodHandle$Species_LLLLLLLLLLLLLLLLLLLLLLLLLLLL done
Event: 106.928 Loading class java/lang/invoke/BoundMethodHandle$Species_LLLLLLLLLLLLLLLLLLLLLLLLLLLLL
Event: 106.928 Loading class java/lang/invoke/BoundMethodHandle$Species_LLLLLLLLLLLLLLLLLLLLLLLLLLLLL done
Event: 106.929 Loading class java/lang/invoke/BoundMethodHandle$Species_LLLLLLLLLLLLLLLLLLLLLLLLLLLLLL
Event: 106.929 Loading class java/lang/invoke/BoundMethodHandle$Species_LLLLLLLLLLLLLLLLLLLLLLLLLLLLLL done
Event: 106.930 Loading class java/lang/invoke/BoundMethodHandle$Species_LLLLLLLLLLLLLLLLLLLLLLLLLLLLLLL
Event: 106.930 Loading class java/lang/invoke/BoundMethodHandle$Species_LLLLLLLLLLLLLLLLLLLLLLLLLLLLLLL done
Event: 106.932 Loading class java/lang/invoke/BoundMethodHandle$Species_LLLLLLLLLLLLLLLLLLLLLLLLLLLLLLLL
Event: 106.932 Loading class java/lang/invoke/BoundMethodHandle$Species_LLLLLLLLLLLLLLLLLLLLLLLLLLLLLLLL done

Classes unloaded (0 events):
No events

Classes redefined (0 events):
No events

Internal exceptions (20 events):
Event: 104.393 Thread 0x00000238b9726960 Exception <a 'java/lang/ClassNotFoundException'{0x00000000efdab3a0}: org/gradle/initialization/DefaultProjectDescriptorCustomizer> (0x00000000efdab3a0) 
thrown [s\src\hotspot\share\classfile\systemDictionary.cpp, line 312]
Event: 104.790 Thread 0x00000238b9726960 Exception <a 'java/lang/NoSuchMethodError'{0x00000000ef759960}: 'java.lang.Object java.lang.invoke.DirectMethodHandle$Holder.newInvokeSpecial(java.lang.Object, java.lang.Object, java.lang.Object, java.lang.Object, java.lang.Object, java.lang.Object, java.lang.Object, java.lang.Object, java.lang.Object, java.lang.Object, java.lang.Object)'> (0x00000000ef759960) 
thrown [s\src\hotspot\share\interpreter\linkResolver.cpp, line 773]
Event: 104.982 Thread 0x00000238b9726960 Exception <a 'java/lang/NoSuchMethodError'{0x00000000ef5f2dc0}: 'java.lang.Object java.lang.invoke.DirectMethodHandle$Holder.newInvokeSpecial(java.lang.Object, java.lang.Object, java.lang.Object, java.lang.Object, java.lang.Object, java.lang.Object, java.lang.Object, java.lang.Object, java.lang.Object, java.lang.Object, java.lang.Object, java.lang.Object)'> (0x00000000ef5f2dc0) 
thrown [s\src\hotspot\share\interpreter\linkResolver.cpp, line 773]
Event: 104.982 Thread 0x00000238b9726960 Exception <a 'java/lang/NoSuchMethodError'{0x00000000ef5f8288}: 'java.lang.Object java.lang.invoke.Invokers$Holder.linkToTargetMethod(java.lang.Object, java.lang.Object, java.lang.Object, java.lang.Object, java.lang.Object, java.lang.Object, java.lang.Object, java.lang.Object, java.lang.Object, java.lang.Object, java.lang.Object, java.lang.Object)'> (0x00000000ef5f8288) 
thrown [s\src\hotspot\share\interpreter\linkResolver.cpp, line 773]
Event: 105.927 Thread 0x00000238b9726960 Exception <a 'java/lang/NoSuchMethodError'{0x00000000ef49b480}: 'java.lang.Object java.lang.invoke.DirectMethodHandle$Holder.newInvokeSpecial(java.lang.Object, java.lang.Object, java.lang.Object, java.lang.Object, java.lang.Object, java.lang.Object, java.lang.Object, java.lang.Object, java.lang.Object, java.lang.Object, java.lang.Object, java.lang.Object, java.lang.Object, java.lang.Object, java.lang.Object)'> (0x00000000ef49b480) 
thrown [s\src\hotspot\share\interpreter\linkResolver.cpp, line 773]
Event: 105.930 Thread 0x00000238b9726960 Exception <a 'java/lang/NoSuchMethodError'{0x00000000ef4a1888}: 'java.lang.Object java.lang.invoke.DirectMethodHandle$Holder.invokeSpecial(java.lang.Object, java.lang.Object, java.lang.Object, java.lang.Object, java.lang.Object, java.lang.Object, java.lang.Object, java.lang.Object, java.lang.Object, java.lang.Object, java.lang.Object, java.lang.Object, java.lang.Object, java.lang.Object, java.lang.Object, java.lang.Object)'> (0x00000000ef4a1888) 
thrown [s\src\hotspot\share\interpreter\linkResolver.cpp, li
Event: 105.931 Thread 0x00000238b9726960 Exception <a 'java/lang/NoSuchMethodError'{0x00000000ef4a6b78}: 'java.lang.Object java.lang.invoke.DelegatingMethodHandle$Holder.reinvoke_L(java.lang.Object, java.lang.Object, java.lang.Object, java.lang.Object, java.lang.Object, java.lang.Object, java.lang.Object, java.lang.Object, java.lang.Object, java.lang.Object, java.lang.Object, java.lang.Object, java.lang.Object, java.lang.Object, java.lang.Object)'> (0x00000000ef4a6b78) 
thrown [s\src\hotspot\share\interpreter\linkResolver.cpp, line 773]
Event: 106.867 Thread 0x00000238b9726960 Exception <a 'java/lang/NoSuchMethodError'{0x00000000ee5bca20}: 'java.lang.Object java.lang.invoke.DelegatingMethodHandle$Holder.reinvoke_L(java.lang.Object, java.lang.Object, java.lang.Object, java.lang.Object, java.lang.Object, java.lang.Object, java.lang.Object, java.lang.Object, java.lang.Object, java.lang.Object, java.lang.Object, java.lang.Object, java.lang.Object, java.lang.Object, java.lang.Object, java.lang.Object, java.lang.Object, java.lang.Object, java.lang.Object, java.lang.Object, java.lang.O
Event: 106.922 Thread 0x00000238b9726960 Exception <a 'java/lang/NoSuchMethodError'{0x00000000ee4a7170}: 'java.lang.Object java.lang.invoke.DirectMethodHandle$Holder.invokeStatic(java.lang.Object, java.lang.Object, java.lang.Object, java.lang.Object, java.lang.Object, java.lang.Object, java.lang.Object, java.lang.Object, java.lang.Object, java.lang.Object, java.lang.Object, java.lang.Object, java.lang.Object, java.lang.Object, java.lang.Object, java.lang.Object, java.lang.Object, java.lang.Object, java.lang.Object, java.lang.Object, java.lang.Obj
Event: 106.925 Thread 0x00000238b9726960 Exception <a 'java/lang/NoSuchMethodError'{0x00000000ee4dd690}: 'java.lang.Object java.lang.invoke.DirectMethodHandle$Holder.invokeStatic(java.lang.Object, java.lang.Object, java.lang.Object, java.lang.Object, java.lang.Object, java.lang.Object, java.lang.Object, java.lang.Object, java.lang.Object, java.lang.Object, java.lang.Object, java.lang.Object, java.lang.Object, java.lang.Object, java.lang.Object, java.lang.Object, java.lang.Object, java.lang.Object, java.lang.Object, java.lang.Object, java.lang.Obj
Event: 106.926 Thread 0x00000238b9726960 Exception <a 'java/lang/NoSuchMethodError'{0x00000000ee315808}: 'java.lang.Object java.lang.invoke.DirectMethodHandle$Holder.invokeStatic(java.lang.Object, java.lang.Object, java.lang.Object, java.lang.Object, java.lang.Object, java.lang.Object, java.lang.Object, java.lang.Object, java.lang.Object, java.lang.Object, java.lang.Object, java.lang.Object, java.lang.Object, java.lang.Object, java.lang.Object, java.lang.Object, java.lang.Object, java.lang.Object, java.lang.Object, java.lang.Object, java.lang.Obj
Event: 106.927 Thread 0x00000238b9726960 Exception <a 'java/lang/NoSuchMethodError'{0x00000000ee34e5b8}: 'java.lang.Object java.lang.invoke.DirectMethodHandle$Holder.invokeStatic(java.lang.Object, java.lang.Object, java.lang.Object, java.lang.Object, java.lang.Object, java.lang.Object, java.lang.Object, java.lang.Object, java.lang.Object, java.lang.Object, java.lang.Object, java.lang.Object, java.lang.Object, java.lang.Object, java.lang.Object, java.lang.Object, java.lang.Object, java.lang.Object, java.lang.Object, java.lang.Object, java.lang.Obj
Event: 106.928 Thread 0x00000238b9726960 Exception <a 'java/lang/NoSuchMethodError'{0x00000000ee38a038}: 'java.lang.Object java.lang.invoke.DirectMethodHandle$Holder.invokeStatic(java.lang.Object, java.lang.Object, java.lang.Object, java.lang.Object, java.lang.Object, java.lang.Object, java.lang.Object, java.lang.Object, java.lang.Object, java.lang.Object, java.lang.Object, java.lang.Object, java.lang.Object, java.lang.Object, java.lang.Object, java.lang.Object, java.lang.Object, java.lang.Object, java.lang.Object, java.lang.Object, java.lang.Obj
Event: 106.930 Thread 0x00000238b9726960 Exception <a 'java/lang/NoSuchMethodError'{0x00000000ee3c6a20}: 'java.lang.Object java.lang.invoke.DirectMethodHandle$Holder.invokeStatic(java.lang.Object, java.lang.Object, java.lang.Object, java.lang.Object, java.lang.Object, java.lang.Object, java.lang.Object, java.lang.Object, java.lang.Object, java.lang.Object, java.lang.Object, java.lang.Object, java.lang.Object, java.lang.Object, java.lang.Object, java.lang.Object, java.lang.Object, java.lang.Object, java.lang.Object, java.lang.Object, java.lang.Obj
Event: 106.931 Thread 0x00000238b9726960 Exception <a 'java/lang/NoSuchMethodError'{0x00000000ee205940}: 'java.lang.Object java.lang.invoke.DirectMethodHandle$Holder.invokeStatic(java.lang.Object, java.lang.Object, java.lang.Object, java.lang.Object, java.lang.Object, java.lang.Object, java.lang.Object, java.lang.Object, java.lang.Object, java.lang.Object, java.lang.Object, java.lang.Object, java.lang.Object, java.lang.Object, java.lang.Object, java.lang.Object, java.lang.Object, java.lang.Object, java.lang.Object, java.lang.Object, java.lang.Obj
Event: 106.932 Thread 0x00000238b9726960 Exception <a 'java/lang/NoSuchMethodError'{0x00000000ee245540}: 'java.lang.Object java.lang.invoke.DirectMethodHandle$Holder.invokeStatic(java.lang.Object, java.lang.Object, java.lang.Object, java.lang.Object, java.lang.Object, java.lang.Object, java.lang.Object, java.lang.Object, java.lang.Object, java.lang.Object, java.lang.Object, java.lang.Object, java.lang.Object, java.lang.Object, java.lang.Object, java.lang.Object, java.lang.Object, java.lang.Object, java.lang.Object, java.lang.Object, java.lang.Obj
Event: 106.955 Thread 0x00000238b9726960 Exception <a 'java/lang/NoSuchMethodError'{0x00000000ee12a5f0}: 'java.lang.Object java.lang.invoke.DirectMethodHandle$Holder.newInvokeSpecial(java.lang.Object, java.lang.Object, java.lang.Object, java.lang.Object, java.lang.Object, java.lang.Object, java.lang.Object, java.lang.Object, java.lang.Object, java.lang.Object, java.lang.Object, java.lang.Object, java.lang.Object, java.lang.Object, java.lang.Object, java.lang.Object, java.lang.Object, java.lang.Object, java.lang.Object)'> (0x00000000ee12a5f0) 
thr
Event: 106.955 Thread 0x00000238b9726960 Exception <a 'java/lang/NoSuchMethodError'{0x00000000ee130fe8}: 'java.lang.Object java.lang.invoke.DirectMethodHandle$Holder.invokeSpecial(java.lang.Object, java.lang.Object, java.lang.Object, java.lang.Object, java.lang.Object, java.lang.Object, java.lang.Object, java.lang.Object, java.lang.Object, java.lang.Object, java.lang.Object, java.lang.Object, java.lang.Object, java.lang.Object, java.lang.Object, java.lang.Object, java.lang.Object, java.lang.Object, java.lang.Object, java.lang.Object)'> (0x0000000
Event: 106.955 Thread 0x00000238b9726960 Exception <a 'java/lang/NoSuchMethodError'{0x00000000ee1365f8}: 'java.lang.Object java.lang.invoke.DelegatingMethodHandle$Holder.reinvoke_L(java.lang.Object, java.lang.Object, java.lang.Object, java.lang.Object, java.lang.Object, java.lang.Object, java.lang.Object, java.lang.Object, java.lang.Object, java.lang.Object, java.lang.Object, java.lang.Object, java.lang.Object, java.lang.Object, java.lang.Object, java.lang.Object, java.lang.Object, java.lang.Object, java.lang.Object)'> (0x00000000ee1365f8) 
throw
Event: 107.621 Thread 0x00000238b9726960 Implicit null exception at 0x00000238ae1351fc to 0x00000238ae1352b4

ZGC Phase Switch (0 events):
No events

VM Operations (20 events):
Event: 102.966 Executing VM operation: Cleanup
Event: 102.966 Executing VM operation: Cleanup done
Event: 103.127 Executing VM operation: G1CollectForAllocation (G1 Evacuation Pause)
Event: 103.252 Executing VM operation: G1CollectForAllocation (G1 Evacuation Pause) done
Event: 104.265 Executing VM operation: Cleanup
Event: 104.319 Executing VM operation: Cleanup done
Event: 104.491 Executing VM operation: CollectForMetadataAllocation (Metadata GC Threshold)
Event: 104.507 Executing VM operation: CollectForMetadataAllocation (Metadata GC Threshold) done
Event: 104.581 Executing VM operation: CollectForMetadataAllocation (Metadata GC Threshold)
Event: 104.590 Executing VM operation: CollectForMetadataAllocation (Metadata GC Threshold) done
Event: 104.607 Executing VM operation: G1PauseRemark
Event: 104.618 Executing VM operation: G1PauseRemark done
Event: 104.622 Executing VM operation: G1PauseCleanup
Event: 104.623 Executing VM operation: G1PauseCleanup done
Event: 105.631 Executing VM operation: Cleanup
Event: 105.632 Executing VM operation: Cleanup done
Event: 106.645 Executing VM operation: Cleanup
Event: 106.676 Executing VM operation: Cleanup done
Event: 107.688 Executing VM operation: Cleanup
Event: 107.688 Executing VM operation: Cleanup done

Memory protections (0 events):
No events

Nmethod flushes (20 events):
Event: 104.616 Thread 0x00000238b95aee80 flushing  nmethod 0x00000238a63d8f90
Event: 104.616 Thread 0x00000238b95aee80 flushing  nmethod 0x00000238a63da090
Event: 104.616 Thread 0x00000238b95aee80 flushing  nmethod 0x00000238a63daf10
Event: 104.616 Thread 0x00000238b95aee80 flushing  nmethod 0x00000238a63db490
Event: 104.616 Thread 0x00000238b95aee80 flushing  nmethod 0x00000238a63dd410
Event: 104.616 Thread 0x00000238b95aee80 flushing  nmethod 0x00000238a63de110
Event: 104.616 Thread 0x00000238b95aee80 flushing  nmethod 0x00000238a63de490
Event: 104.616 Thread 0x00000238b95aee80 flushing  nmethod 0x00000238a63ffa10
Event: 104.616 Thread 0x00000238b95aee80 flushing  nmethod 0x00000238a6402f90
Event: 104.616 Thread 0x00000238b95aee80 flushing  nmethod 0x00000238a6403810
Event: 104.616 Thread 0x00000238b95aee80 flushing  nmethod 0x00000238a6404810
Event: 104.616 Thread 0x00000238b95aee80 flushing  nmethod 0x00000238a6406810
Event: 104.616 Thread 0x00000238b95aee80 flushing  nmethod 0x00000238a6407590
Event: 104.616 Thread 0x00000238b95aee80 flushing  nmethod 0x00000238a6441a10
Event: 104.616 Thread 0x00000238b95aee80 flushing  nmethod 0x00000238a6442710
Event: 104.616 Thread 0x00000238b95aee80 flushing  nmethod 0x00000238a644ab90
Event: 104.616 Thread 0x00000238b95aee80 flushing  nmethod 0x00000238a644fa90
Event: 104.616 Thread 0x00000238b95aee80 flushing  nmethod 0x00000238a6451a90
Event: 104.616 Thread 0x00000238b95aee80 flushing  nmethod 0x00000238a6495590
Event: 104.616 Thread 0x00000238b95aee80 flushing  nmethod 0x00000238a6497290

Events (20 events):
Event: 18.030 Thread 0x00000238d3cb17e0 Thread added: 0x00000238b98fbf30
Event: 19.191 Thread 0x00000238d4595240 Thread exited: 0x00000238d4595240
Event: 52.442 Thread 0x00000238d3cb17e0 Thread added: 0x00000238b9726960
Event: 52.518 Thread 0x00000238b9726960 Thread added: 0x00000238d386aab0
Event: 52.667 Thread 0x00000238b9726960 Thread added: 0x00000238b97f6a90
Event: 52.694 Thread 0x00000238b9726960 Thread added: 0x00000238b97f77b0
Event: 64.196 Thread 0x00000238b9726960 Thread added: 0x00000238b97f49c0
Event: 65.331 Thread 0x00000238b9726960 Thread added: 0x00000238b97f5050
Event: 70.077 Thread 0x00000238b97f5050 Thread added: 0x00000238b97f56e0
Event: 70.980 Thread 0x00000238b9726960 Thread added: 0x00000238b97f5d70
Event: 87.928 Thread 0x00000238b9726960 Thread added: 0x00000238b97f7120
Event: 88.314 Thread 0x00000238b9726960 Thread added: 0x00000238b97f6400
Event: 89.799 Thread 0x00000238b9726960 Thread added: 0x00000238d4fde8e0
Event: 89.817 Thread 0x00000238b9726960 Thread added: 0x00000238d4fde250
Event: 95.203 Thread 0x00000238b9726960 Thread added: 0x00000238d4fe0320
Event: 98.458 Thread 0x00000238b9726960 Thread added: 0x00000238d4fddbc0
Event: 102.002 Thread 0x00000238b9726960 Thread added: 0x00000238d4fe09b0
Event: 102.346 Thread 0x00000238b9726960 Thread added: 0x00000238d4fdf600
Event: 105.008 Thread 0x00000238b9726960 Thread added: 0x00000238d4fdef70
Event: 106.802 Thread 0x00000238b9726960 Thread added: 0x00000238d4fdfc90


Dynamic libraries:
0x00007ff7a1560000 - 0x00007ff7a156e000 	C:\Program Files\Microsoft\jdk-21.0.8.9-hotspot\bin\java.exe
0x00007ffc90770000 - 0x00007ffc90968000 	C:\Windows\SYSTEM32\ntdll.dll
0x00007ffc8e8d0000 - 0x00007ffc8e992000 	C:\Windows\System32\KERNEL32.DLL
0x00007ffc8e220000 - 0x00007ffc8e516000 	C:\Windows\System32\KERNELBASE.dll
0x00007ffc8dfd0000 - 0x00007ffc8e0d0000 	C:\Windows\System32\ucrtbase.dll
0x00007ffc876b0000 - 0x00007ffc876c8000 	C:\Program Files\Microsoft\jdk-21.0.8.9-hotspot\bin\jli.dll
0x00007ffc867f0000 - 0x00007ffc8680e000 	C:\Program Files\Microsoft\jdk-21.0.8.9-hotspot\bin\VCRUNTIME140.dll
0x00007ffc8fcf0000 - 0x00007ffc8fe8d000 	C:\Windows\System32\USER32.dll
0x00007ffc76f40000 - 0x00007ffc771db000 	C:\Windows\WinSxS\amd64_microsoft.windows.common-controls_6595b64144ccf1df_6.0.19041.6280_none_60bc30a171f2f3f3\COMCTL32.dll
0x00007ffc8e150000 - 0x00007ffc8e172000 	C:\Windows\System32\win32u.dll
0x00007ffc8e8a0000 - 0x00007ffc8e8cb000 	C:\Windows\System32\GDI32.dll
0x00007ffc90110000 - 0x00007ffc901ae000 	C:\Windows\System32\msvcrt.dll
0x00007ffc8e650000 - 0x00007ffc8e769000 	C:\Windows\System32\gdi32full.dll
0x00007ffc8e180000 - 0x00007ffc8e21d000 	C:\Windows\System32\msvcp_win.dll
0x00007ffc8f150000 - 0x00007ffc8f17f000 	C:\Windows\System32\IMM32.DLL
0x00007ffc87a00000 - 0x00007ffc87a0c000 	C:\Program Files\Microsoft\jdk-21.0.8.9-hotspot\bin\vcruntime140_1.dll
0x00007ffc5aa00000 - 0x00007ffc5aa89000 	C:\Program Files\Microsoft\jdk-21.0.8.9-hotspot\bin\msvcp140.dll
0x00007ffbe3040000 - 0x00007ffbe3dec000 	C:\Program Files\Microsoft\jdk-21.0.8.9-hotspot\bin\server\jvm.dll
0x00007ffc8ec60000 - 0x00007ffc8ed11000 	C:\Windows\System32\ADVAPI32.dll
0x00007ffc8f2f0000 - 0x00007ffc8f38f000 	C:\Windows\System32\sechost.dll
0x00007ffc8f3b0000 - 0x00007ffc8f4d0000 	C:\Windows\System32\RPCRT4.dll
0x00007ffc8e5d0000 - 0x00007ffc8e5f7000 	C:\Windows\System32\bcrypt.dll
0x00007ffc8ff70000 - 0x00007ffc8ffdb000 	C:\Windows\System32\WS2_32.dll
0x00007ffc8d340000 - 0x00007ffc8d38b000 	C:\Windows\SYSTEM32\POWRPROF.dll
0x00007ffc80920000 - 0x00007ffc80947000 	C:\Windows\SYSTEM32\WINMM.dll
0x00007ffc847a0000 - 0x00007ffc847aa000 	C:\Windows\SYSTEM32\VERSION.dll
0x00007ffc8d1a0000 - 0x00007ffc8d1b2000 	C:\Windows\SYSTEM32\UMPDC.dll
0x00007ffc8c5c0000 - 0x00007ffc8c5d2000 	C:\Windows\SYSTEM32\kernel.appcore.dll
0x00007ffc876a0000 - 0x00007ffc876aa000 	C:\Program Files\Microsoft\jdk-21.0.8.9-hotspot\bin\jimage.dll
0x00007ffc8c290000 - 0x00007ffc8c491000 	C:\Windows\SYSTEM32\DBGHELP.DLL
0x00007ffc7aae0000 - 0x00007ffc7ab14000 	C:\Windows\SYSTEM32\dbgcore.DLL
0x00007ffc8dde0000 - 0x00007ffc8de62000 	C:\Windows\System32\bcryptPrimitives.dll
0x00007ffc5a580000 - 0x00007ffc5a590000 	C:\Program Files\Microsoft\jdk-21.0.8.9-hotspot\bin\instrument.dll
0x00007ffc84530000 - 0x00007ffc84551000 	C:\Program Files\Microsoft\jdk-21.0.8.9-hotspot\bin\java.dll
0x00007ffc8f580000 - 0x00007ffc8fcf0000 	C:\Windows\System32\SHELL32.dll
0x00007ffc8ba10000 - 0x00007ffc8c1b5000 	C:\Windows\SYSTEM32\windows.storage.dll
0x00007ffc8edf0000 - 0x00007ffc8f143000 	C:\Windows\System32\combase.dll
0x00007ffc8d730000 - 0x00007ffc8d75b000 	C:\Windows\SYSTEM32\Wldp.dll
0x00007ffc8f220000 - 0x00007ffc8f2ed000 	C:\Windows\System32\OLEAUT32.dll
0x00007ffc8f4d0000 - 0x00007ffc8f57d000 	C:\Windows\System32\SHCORE.dll
0x00007ffc8ed20000 - 0x00007ffc8ed7b000 	C:\Windows\System32\shlwapi.dll
0x00007ffc8dd10000 - 0x00007ffc8dd34000 	C:\Windows\SYSTEM32\profapi.dll
0x00007ffc5a920000 - 0x00007ffc5a9f6000 	C:\Program Files\Microsoft\jdk-21.0.8.9-hotspot\bin\jsvml.dll
0x00007ffc84480000 - 0x00007ffc84498000 	C:\Program Files\Microsoft\jdk-21.0.8.9-hotspot\bin\zip.dll
0x00007ffc845d0000 - 0x00007ffc845e1000 	C:\Program Files\Microsoft\jdk-21.0.8.9-hotspot\bin\net.dll
0x00007ffc89cd0000 - 0x00007ffc89dda000 	C:\Windows\SYSTEM32\WINHTTP.dll
0x00007ffc8d510000 - 0x00007ffc8d57a000 	C:\Windows\system32\mswsock.dll
0x00007ffc844a0000 - 0x00007ffc844b6000 	C:\Program Files\Microsoft\jdk-21.0.8.9-hotspot\bin\nio.dll
0x00007ffc842e0000 - 0x00007ffc842f0000 	C:\Program Files\Microsoft\jdk-21.0.8.9-hotspot\bin\verify.dll
0x00007ffc5a8e0000 - 0x00007ffc5a907000 	C:\Users\Lilianna\.gradle\native\1def1411415f61bf3af743bc5b6707747c0891f09f0c88961ee8f79bc544acac\windows-amd64\native-platform.dll
0x00007ffc587d0000 - 0x00007ffc58848000 	C:\Users\Lilianna\.gradle\native\0.2.7\x86_64-windows-gnu\gradle-fileevents.dll
0x00007ffc69f10000 - 0x00007ffc69f1a000 	C:\Program Files\Microsoft\jdk-21.0.8.9-hotspot\bin\management.dll
0x00007ffc5a910000 - 0x00007ffc5a91c000 	C:\Program Files\Microsoft\jdk-21.0.8.9-hotspot\bin\management_ext.dll
0x00007ffc8e890000 - 0x00007ffc8e898000 	C:\Windows\System32\PSAPI.DLL
0x00007ffc8d1c0000 - 0x00007ffc8d1fb000 	C:\Windows\SYSTEM32\IPHLPAPI.DLL
0x00007ffc8ed80000 - 0x00007ffc8ed88000 	C:\Windows\System32\NSI.dll
0x00007ffc5a8c0000 - 0x00007ffc5a8c9000 	C:\Program Files\Microsoft\jdk-21.0.8.9-hotspot\bin\extnet.dll
0x00007ffc8d770000 - 0x00007ffc8d788000 	C:\Windows\SYSTEM32\CRYPTSP.dll
0x00007ffc8cde0000 - 0x00007ffc8ce18000 	C:\Windows\system32\rsaenh.dll
0x00007ffc8dc90000 - 0x00007ffc8dcbe000 	C:\Windows\SYSTEM32\USERENV.dll
0x00007ffc8d6a0000 - 0x00007ffc8d6ac000 	C:\Windows\SYSTEM32\CRYPTBASE.dll
0x00007ffc59d40000 - 0x00007ffc59d4e000 	C:\Program Files\Microsoft\jdk-21.0.8.9-hotspot\bin\sunmscapi.dll
0x00007ffc8de70000 - 0x00007ffc8dfcd000 	C:\Windows\System32\CRYPT32.dll
0x00007ffc8d880000 - 0x00007ffc8d8a7000 	C:\Windows\SYSTEM32\ncrypt.dll
0x00007ffc8d840000 - 0x00007ffc8d87b000 	C:\Windows\SYSTEM32\NTASN1.dll
0x00007ffc5bc70000 - 0x00007ffc5bc77000 	C:\Windows\system32\wshunix.dll

JVMTI agents:
C:\Users\Lilianna\.gradle\wrapper\dists\gradle-8.14-bin\38aieal9i53h9rfe7vjup95b9\gradle-8.14\lib\agents\gradle-instrumentation-agent-8.14.jar path:C:\Program Files\Microsoft\jdk-21.0.8.9-hotspot\bin\instrument.dll, loaded, initialized, instrumentlib options:none

dbghelp: loaded successfully - version: 4.0.5 - missing functions: none
symbol engine: initialized successfully - sym options: 0x614 - pdb path: .;C:\Program Files\Microsoft\jdk-21.0.8.9-hotspot\bin;C:\Windows\SYSTEM32;C:\Windows\WinSxS\amd64_microsoft.windows.common-controls_6595b64144ccf1df_6.0.19041.6280_none_60bc30a171f2f3f3;C:\Program Files\Microsoft\jdk-21.0.8.9-hotspot\bin\server;C:\Users\Lilianna\.gradle\native\1def1411415f61bf3af743bc5b6707747c0891f09f0c88961ee8f79bc544acac\windows-amd64;C:\Users\Lilianna\.gradle\native\0.2.7\x86_64-windows-gnu

VM Arguments:
jvm_args: --add-opens=java.base/java.lang=ALL-UNNAMED --add-opens=java.base/java.lang.invoke=ALL-UNNAMED --add-opens=java.base/java.util=ALL-UNNAMED --add-opens=java.prefs/java.util.prefs=ALL-UNNAMED --add-exports=jdk.compiler/com.sun.tools.javac.api=ALL-UNNAMED --add-exports=jdk.compiler/com.sun.tools.javac.util=ALL-UNNAMED --add-opens=java.base/java.util=ALL-UNNAMED --add-opens=java.prefs/java.util.prefs=ALL-UNNAMED --add-opens=java.base/java.nio.charset=ALL-UNNAMED --add-opens=java.base/java.net=ALL-UNNAMED --add-opens=java.base/java.util.concurrent.atomic=ALL-UNNAMED --add-opens=java.xml/javax.xml.namespace=ALL-UNNAMED -XX:MaxMetaspaceSize=384m -XX:+HeapDumpOnOutOfMemoryError -Xms256m -Xmx512m -Dfile.encoding=UTF-8 -Duser.country=RU -Duser.language=ru -Duser.variant -javaagent:C:\Users\Lilianna\.gradle\wrapper\dists\gradle-8.14-bin\38aieal9i53h9rfe7vjup95b9\gradle-8.14\lib\agents\gradle-instrumentation-agent-8.14.jar 
java_command: org.gradle.launcher.daemon.bootstrap.GradleDaemon 8.14
java_class_path (initial): C:\Users\Lilianna\.gradle\wrapper\dists\gradle-8.14-bin\38aieal9i53h9rfe7vjup95b9\gradle-8.14\lib\gradle-daemon-main-8.14.jar
Launcher Type: SUN_STANDARD

[Global flags]
     intx CICompilerCount                          = 12                                        {product} {ergonomic}
   size_t CompressedClassSpaceSize                 = 335544320                                 {product} {ergonomic}
     uint ConcGCThreads                            = 3                                         {product} {ergonomic}
     uint G1ConcRefinementThreads                  = 13                                        {product} {ergonomic}
   size_t G1HeapRegionSize                         = 1048576                                   {product} {ergonomic}
    uintx GCDrainStackTargetSize                   = 64                                        {product} {ergonomic}
     bool HeapDumpOnOutOfMemoryError               = true                                   {manageable} {command line}
   size_t InitialHeapSize                          = 268435456                                 {product} {command line}
   size_t MarkStackSize                            = 4194304                                   {product} {ergonomic}
   size_t MaxHeapSize                              = 536870912                                 {product} {command line}
   size_t MaxMetaspaceSize                         = 402653184                                 {product} {command line}
   size_t MaxNewSize                               = 321912832                                 {product} {ergonomic}
   size_t MinHeapDeltaBytes                        = 1048576                                   {product} {ergonomic}
   size_t MinHeapSize                              = 268435456                                 {product} {command line}
    uintx NonNMethodCodeHeapSize                   = 7602480                                {pd product} {ergonomic}
    uintx NonProfiledCodeHeapSize                  = 122027880                              {pd product} {ergonomic}
    uintx ProfiledCodeHeapSize                     = 122027880                              {pd product} {ergonomic}
    uintx ReservedCodeCacheSize                    = 251658240                              {pd product} {ergonomic}
     bool SegmentedCodeCache                       = true                                      {product} {ergonomic}
   size_t SoftMaxHeapSize                          = 536870912                              {manageable} {ergonomic}
     bool UseCompressedOops                        = true                           {product lp64_product} {ergonomic}
     bool UseG1GC                                  = true                                      {product} {ergonomic}
     bool UseLargePagesIndividualAllocation        = false                                  {pd product} {ergonomic}

Logging:
Log output configuration:
 #0: stdout all=warning uptime,level,tags foldmultilines=false
 #1: stderr all=off uptime,level,tags foldmultilines=false

Environment Variables:
JAVA_HOME=C:\Program Files\Microsoft\jdk-21.0.8.9-hotspot\
PATH=C:\Program Files\Microsoft\jdk-21.0.8.9-hotspot\bin;C:\Program Files\NVIDIA GPU Computing Toolkit\CUDA\v12.9\bin;C:\Program Files\NVIDIA GPU Computing Toolkit\CUDA\v12.9\libnvvp;C:\Program Files\NVIDIA GPU Computing Toolkit\CUDA\v10.0\bin;C:\Program Files\NVIDIA GPU Computing Toolkit\CUDA\v10.0\libnvvp;C:\Program Files\NVIDIA GPU Computing Toolkit\CUDA\v12.6\bin;C:\Program Files\NVIDIA GPU Computing Toolkit\CUDA\v12.6\libnvvp;C:\Program Files (x86)\Common Files\Oracle\Java\javapath;C:\Windows\system32;C:\Windows;C:\Windows\System32\Wbem;C:\Windows\System32\WindowsPowerShell\v1.0\;C:\Windows\System32\OpenSSH\;C:\Program Files (x86)\NVIDIA Corporation\PhysX\Common;C:\Program Files\NVIDIA Corporation\NVIDIA NvDLISR;C:\Program Files\dotnet\;C:\Program Files\Git\cmd;C:\Program Files (x86)\GitExtensions\;C:\Program Files\Microsoft SQL Server\150\Tools\Binn\;C:\Program Files\Microsoft SQL Server\Client SDK\ODBC\170\Tools\Binn\;C:\Program Files (x86)\Windows Kits\10\Windows Performance Toolkit\;C:\Users\Lilianna\AppData\Local\Programs\Python\Launcher\;C:\Users\Lilianna\AppData\Local\Microsoft\WindowsApps;C:\Users\Lilianna\AppData\Local\Programs\Microsoft VS Code\bin;C:\ghcup\bin;C:\ProgramDa;C:\Program Files\CMake\bin;C:\Program Files\NVIDIA Corporation\Nsight Compute 2025.2.0\;C:\Program Files\NVIDIA Corporation\NVIDIA App\NvDLISR;C:\Program Files\Docker\Docker\resources\bin;C:\Program Files\nodejs\;C:\Program Files\NVIDIA GPU Computing Toolkit\CUDA\v12.9\bin;C:\Program Files\NVIDIA GPU Computing Toolkit\CUDA\v12.9\libnvvp;C:\Program Files\NVIDIA GPU Computing Toolkit\CUDA\v10.0\bin;C:\Program Files\NVIDIA GPU Computing Toolkit\CUDA\v10.0\libnvvp;C:\Program Files\NVIDIA GPU Computing Toolkit\CUDA\v12.6\bin;C:\Program Files\NVIDIA GPU Computing Toolkit\CUDA\v12.6\libnvvp;C:\Program Files (x86)\Common Files\Oracle\Java\javapath;C:\Windows\system32;C:\Windows;C:\Windows\System32\Wbem;C:\Windows\System32\WindowsPowerShell\v1.0\;C:\Windows\System32\OpenSSH\;C:\Program Files (x86)\NVIDIA Corporation\PhysX\Common;C:\Program Files\NVIDIA Corporation\NVIDIA NvDLISR;C:\Program Files\dotnet\;C:\Program Files\Git\cmd;C:\Program Files (x86)\GitExtensions\;C:\Program Files\Microsoft SQL Server\150\Tools\Binn\;C:\Program Files\Microsoft SQL Server\Client SDK\ODBC\170\Tools\Binn\;C:\Program Files (x86)\Windows Kits\10\Windows Performance Toolkit\;C:\Users\Lilianna\AppData\Local\Programs\Python\Launcher\;C:\Program Files\OpenSSL-Win64\bin;
USERNAME=Lilianna
OS=Windows_NT
PROCESSOR_IDENTIFIER=Intel64 Family 6 Model 154 Stepping 3, GenuineIntel
TMP=C:\Users\Lilianna\AppData\Local\Temp
TEMP=C:\Users\Lilianna\AppData\Local\Temp




Periodic native trim disabled

---------------  S Y S T E M  ---------------

OS:
 Windows 10 , 64 bit Build 19041 (10.0.19041.5915)
OS uptime: 2 days 21:02 hours
Hyper-V role detected

CPU: total 16 (initial active 16) (8 cores per cpu, 2 threads per core) family 6 model 154 stepping 3 microcode 0x429, cx8, cmov, fxsr, ht, mmx, 3dnowpref, sse, sse2, sse3, ssse3, sse4.1, sse4.2, popcnt, lzcnt, tsc, tscinvbit, avx, avx2, aes, erms, clmul, bmi1, bmi2, adx, sha, fma, vzeroupper, clflush, clflushopt, clwb, hv, rdtscp, rdpid, fsrm, f16c, cet_ibt, cet_ss
Processor Information for the first 16 processors :
  Max Mhz: 2300, Current Mhz: 2300, Mhz Limit: 2300

Memory: 4k page, system-wide physical 16000M (172M free)
TotalPageFile size 65152M (AvailPageFile size 371M)
current process WorkingSet (physical memory assigned to process): 97M, peak: 212M
current process commit charge ("private bytes"): 447M, peak: 465M

vm_info: OpenJDK 64-Bit Server VM (21.0.8+9-LTS) for windows-amd64 JRE (21.0.8+9-LTS), built on 2025-07-10T20:22:44Z by "MicrosoftCorporation" with unknown MS VC++:1944

END.
