#
# There is insufficient memory for the Java Runtime Environment to continue.
# Native memory allocation (malloc) failed to allocate 559056 bytes. Error detail: Chunk::new
# Possible reasons:
#   The system is out of physical RAM or swap space
#   This process is running with CompressedOops enabled, and the Java Heap may be blocking the growth of the native heap
# Possible solutions:
#   Reduce memory load on the system
#   Increase physical memory or swap space
#   Check if swap backing store is full
#   Decrease Java heap size (-Xmx/-Xms)
#   Decrease number of Java threads
#   Decrease Java thread stack sizes (-Xss)
#   Set larger code cache with -XX:ReservedCodeCacheSize=
#   JVM is running with Unscaled Compressed Oops mode in which the Java heap is
#     placed in the first 4GB address space. The Java Heap base address is the
#     maximum limit for the native heap growth. Please use -XX:HeapBaseMinAddress
#     to set the Java Heap base and to place the Java Heap above 4GB virtual address.
# This output file may be truncated or incomplete.
#
#  Out of Memory Error (arena.cpp:168), pid=53932, tid=57852
#
# JRE version: OpenJDK Runtime Environment Microsoft-11933218 (21.0.8+9) (build 21.0.8+9-LTS)
# Java VM: OpenJDK 64-Bit Server VM Microsoft-11933218 (21.0.8+9-LTS, mixed mode, sharing, tiered, compressed oops, compressed class ptrs, g1 gc, windows-amd64)
# No core dump will be written. Minidumps are not enabled by default on client versions of Windows
#

---------------  S U M M A R Y ------------

Command Line: --add-opens=java.base/java.lang=ALL-UNNAMED --add-opens=java.base/java.lang.invoke=ALL-UNNAMED --add-opens=java.base/java.util=ALL-UNNAMED --add-opens=java.prefs/java.util.prefs=ALL-UNNAMED --add-exports=jdk.compiler/com.sun.tools.javac.api=ALL-UNNAMED --add-exports=jdk.compiler/com.sun.tools.javac.util=ALL-UNNAMED --add-opens=java.base/java.util=ALL-UNNAMED --add-opens=java.prefs/java.util.prefs=ALL-UNNAMED --add-opens=java.base/java.nio.charset=ALL-UNNAMED --add-opens=java.base/java.net=ALL-UNNAMED --add-opens=java.base/java.util.concurrent.atomic=ALL-UNNAMED --add-opens=java.xml/javax.xml.namespace=ALL-UNNAMED -XX:MaxMetaspaceSize=384m -XX:+HeapDumpOnOutOfMemoryError -Xms256m -Xmx512m -Dfile.encoding=UTF-8 -Duser.country=RU -Duser.language=ru -Duser.variant -javaagent:C:\Users\Lilianna\.gradle\wrapper\dists\gradle-8.14-bin\38aieal9i53h9rfe7vjup95b9\gradle-8.14\lib\agents\gradle-instrumentation-agent-8.14.jar org.gradle.launcher.daemon.bootstrap.GradleDaemon 8.14

Host: 12th Gen Intel(R) Core(TM) i7-12650H, 16 cores, 15G,  Windows 10 , 64 bit Build 19041 (10.0.19041.5915)
Time: Mon Sep 29 22:55:18 2025 elapsed time: 111.706326 seconds (0d 0h 1m 51s)

---------------  T H R E A D  ---------------

Current thread (0x000002a01d221850):  JavaThread "C2 CompilerThread0" daemon [_thread_in_native, id=57852, stack(0x000000aa00900000,0x000000aa00a00000) (1024K)]


Current CompileTask:
C2:111706 5483       4       org.objectweb.asm.SymbolTable::addConstantMemberReference (147 bytes)

Stack: [0x000000aa00900000,0x000000aa00a00000]
Native frames: (J=compiled Java code, j=interpreted, Vv=VM code, C=native code)
V  [jvm.dll+0x6e1729]
V  [jvm.dll+0x8bf47b]
V  [jvm.dll+0x8c19aa]
V  [jvm.dll+0x8c2083]
V  [jvm.dll+0x289fd6]
V  [jvm.dll+0xc903d]
V  [jvm.dll+0xc958c]
V  [jvm.dll+0x3c76e2]
V  [jvm.dll+0x393f22]
V  [jvm.dll+0x39337a]
V  [jvm.dll+0x251c60]
V  [jvm.dll+0x251283]
V  [jvm.dll+0x1d18bf]
V  [jvm.dll+0x260f4a]
V  [jvm.dll+0x25f2b5]
V  [jvm.dll+0x40151d]
V  [jvm.dll+0x86975d]
V  [jvm.dll+0x6dff2d]
C  [ucrtbase.dll+0x21bb2]
C  [KERNEL32.DLL+0x17374]
C  [ntdll.dll+0x4cc91]


---------------  P R O C E S S  ---------------

Threads class SMR info:
_java_thread_list=0x000002a03a4530a0, length=36, elements={
0x000002a07f5d9e20, 0x000002a01d20ad00, 0x000002a01d20ba10, 0x000002a01d20d870,
0x000002a01d20e2c0, 0x000002a01d220080, 0x000002a01d220ad0, 0x000002a01d221850,
0x000002a01d259ac0, 0x000002a01d331f90, 0x000002a01d4ec6b0, 0x000002a037e86610,
0x000002a037caacf0, 0x000002a01d5bef30, 0x000002a037100090, 0x000002a037f56e10,
0x000002a037f38180, 0x000002a01d2cb230, 0x000002a037edb420, 0x000002a01d70fc30,
0x000002a01d70e880, 0x000002a01d70db60, 0x000002a01d7102c0, 0x000002a01d710950,
0x000002a01d70d4d0, 0x000002a01d70e1f0, 0x000002a01d70f5a0, 0x000002a0372427c0,
0x000002a037240060, 0x000002a037240d80, 0x000002a037241410, 0x000002a037242130,
0x000002a037241aa0, 0x000002a037242e50, 0x000002a0372434e0, 0x000002a0372406f0
}

Java Threads: ( => current thread )
  0x000002a07f5d9e20 JavaThread "main"                              [_thread_blocked, id=57692, stack(0x000000aa7fb00000,0x000000aa7fc00000) (1024K)]
  0x000002a01d20ad00 JavaThread "Reference Handler"          daemon [_thread_blocked, id=57824, stack(0x000000aa00300000,0x000000aa00400000) (1024K)]
  0x000002a01d20ba10 JavaThread "Finalizer"                  daemon [_thread_blocked, id=57828, stack(0x000000aa00400000,0x000000aa00500000) (1024K)]
  0x000002a01d20d870 JavaThread "Signal Dispatcher"          daemon [_thread_blocked, id=57836, stack(0x000000aa00500000,0x000000aa00600000) (1024K)]
  0x000002a01d20e2c0 JavaThread "Attach Listener"            daemon [_thread_blocked, id=57840, stack(0x000000aa00600000,0x000000aa00700000) (1024K)]
  0x000002a01d220080 JavaThread "Service Thread"             daemon [_thread_blocked, id=57844, stack(0x000000aa00700000,0x000000aa00800000) (1024K)]
  0x000002a01d220ad0 JavaThread "Monitor Deflation Thread"   daemon [_thread_blocked, id=57848, stack(0x000000aa00800000,0x000000aa00900000) (1024K)]
=>0x000002a01d221850 JavaThread "C2 CompilerThread0"         daemon [_thread_in_native, id=57852, stack(0x000000aa00900000,0x000000aa00a00000) (1024K)]
  0x000002a01d259ac0 JavaThread "C1 CompilerThread0"         daemon [_thread_blocked, id=57864, stack(0x000000aa00a00000,0x000000aa00b00000) (1024K)]
  0x000002a01d331f90 JavaThread "Common-Cleaner"             daemon [_thread_blocked, id=57876, stack(0x000000aa00b00000,0x000000aa00c00000) (1024K)]
  0x000002a01d4ec6b0 JavaThread "Notification Thread"        daemon [_thread_blocked, id=57920, stack(0x000000aa00c00000,0x000000aa00d00000) (1024K)]
  0x000002a037e86610 JavaThread "Daemon health stats"               [_thread_blocked, id=43796, stack(0x000000aa01300000,0x000000aa01400000) (1024K)]
  0x000002a037caacf0 JavaThread "Incoming local TCP Connector on port 56728"        [_thread_in_native, id=60544, stack(0x000000aa01400000,0x000000aa01500000) (1024K)]
  0x000002a01d5bef30 JavaThread "Daemon periodic checks"            [_thread_blocked, id=50468, stack(0x000000aa01500000,0x000000aa01600000) (1024K)]
  0x000002a037100090 JavaThread "Daemon"                            [_thread_blocked, id=62876, stack(0x000000aa01600000,0x000000aa01700000) (1024K)]
  0x000002a037f56e10 JavaThread "Handler for socket connection from /127.0.0.1:56728 to /127.0.0.1:56798"        [_thread_in_native, id=62880, stack(0x000000aa01700000,0x000000aa01800000) (1024K)]
  0x000002a037f38180 JavaThread "Cancel handler"                    [_thread_blocked, id=63236, stack(0x000000aa01800000,0x000000aa01900000) (1024K)]
  0x000002a01d2cb230 JavaThread "Daemon worker"                     [_thread_in_native, id=47448, stack(0x000000aa01900000,0x000000aa01a00000) (1024K)]
  0x000002a037edb420 JavaThread "Asynchronous log dispatcher for DefaultDaemonConnection: socket connection from /127.0.0.1:56728 to /127.0.0.1:56798"        [_thread_blocked, id=56084, stack(0x000000aa01a00000,0x000000aa01b00000) (1024K)]
  0x000002a01d70fc30 JavaThread "Stdin handler"                     [_thread_blocked, id=6056, stack(0x000000aa01b00000,0x000000aa01c00000) (1024K)]
  0x000002a01d70e880 JavaThread "Daemon client event forwarder"        [_thread_blocked, id=21796, stack(0x000000aa01c00000,0x000000aa01d00000) (1024K)]
  0x000002a01d70db60 JavaThread "Cache worker for journal cache (C:\Users\Lilianna\.gradle\caches\journal-1)"        [_thread_blocked, id=38600, stack(0x000000aa01d00000,0x000000aa01e00000) (1024K)]
  0x000002a01d7102c0 JavaThread "File lock request listener"        [_thread_in_native, id=50700, stack(0x000000aa01e00000,0x000000aa01f00000) (1024K)]
  0x000002a01d710950 JavaThread "File lock release action executor"        [_thread_blocked, id=11204, stack(0x000000aa01f00000,0x000000aa02000000) (1024K)]
  0x000002a01d70d4d0 JavaThread "Cache worker for file hash cache (C:\Users\Lilianna\.gradle\caches\8.14\fileHashes)"        [_thread_blocked, id=47900, stack(0x000000aa02000000,0x000000aa02100000) (1024K)]
  0x000002a01d70e1f0 JavaThread "Cache worker for file hash cache (C:\Users\Lilianna\IdeaProjects\lab1\lab1\.gradle\8.14\fileHashes)"        [_thread_blocked, id=64724, stack(0x000000aa02900000,0x000000aa02a00000) (1024K)]
  0x000002a01d70f5a0 JavaThread "Cache worker for Build Output Cleanup Cache (C:\Users\Lilianna\IdeaProjects\lab1\lab1\.gradle\buildOutputCleanup)"        [_thread_blocked, id=64820, stack(0x000000aa02a00000,0x000000aa02b00000) (1024K)]
  0x000002a0372427c0 JavaThread "File watcher server"        daemon [_thread_in_native, id=65412, stack(0x000000aa02b00000,0x000000aa02c00000) (1024K)]
  0x000002a037240060 JavaThread "File watcher consumer"      daemon [_thread_blocked, id=65416, stack(0x000000aa02c00000,0x000000aa02d00000) (1024K)]
  0x000002a037240d80 JavaThread "jar transforms"                    [_thread_blocked, id=13668, stack(0x000000aa02d00000,0x000000aa02e00000) (1024K)]
  0x000002a037241410 JavaThread "jar transforms Thread 2"           [_thread_blocked, id=65932, stack(0x000000aa02e00000,0x000000aa02f00000) (1024K)]
  0x000002a037242130 JavaThread "Cache worker for checksums cache (C:\Users\Lilianna\IdeaProjects\lab1\lab1\.gradle\8.14\checksums)"        [_thread_blocked, id=2832, stack(0x000000aa02f00000,0x000000aa03000000) (1024K)]
  0x000002a037241aa0 JavaThread "Cache worker for file content cache (C:\Users\Lilianna\.gradle\caches\8.14\fileContent)"        [_thread_blocked, id=8128, stack(0x000000aa03000000,0x000000aa03100000) (1024K)]
  0x000002a037242e50 JavaThread "Cache worker for cache directory md-supplier (C:\Users\Lilianna\.gradle\caches\8.14\md-supplier)"        [_thread_blocked, id=66804, stack(0x000000aa03100000,0x000000aa03200000) (1024K)]
  0x000002a0372434e0 JavaThread "Cache worker for cache directory md-rule (C:\Users\Lilianna\.gradle\caches\8.14\md-rule)"        [_thread_blocked, id=66824, stack(0x000000aa03200000,0x000000aa03300000) (1024K)]
  0x000002a0372406f0 JavaThread "jar transforms Thread 3"           [_thread_blocked, id=67316, stack(0x000000aa03300000,0x000000aa03400000) (1024K)]
Total: 36

Other Threads:
  0x000002a01d1f23b0 VMThread "VM Thread"                           [id=57752, stack(0x000000aa00200000,0x000000aa00300000) (1024K)]
  0x000002a01d1e2f30 WatcherThread "VM Periodic Task Thread"        [id=57748, stack(0x000000aa00100000,0x000000aa00200000) (1024K)]
  0x000002a07fcc5df0 WorkerThread "GC Thread#0"                     [id=57700, stack(0x000000aa7fc00000,0x000000aa7fd00000) (1024K)]
  0x000002a01d5cf540 WorkerThread "GC Thread#1"                     [id=58076, stack(0x000000aa00d00000,0x000000aa00e00000) (1024K)]
  0x000002a01d704c40 WorkerThread "GC Thread#2"                     [id=58080, stack(0x000000aa00e00000,0x000000aa00f00000) (1024K)]
  0x000002a01d704fe0 WorkerThread "GC Thread#3"                     [id=58084, stack(0x000000aa00f00000,0x000000aa01000000) (1024K)]
  0x000002a01d768010 WorkerThread "GC Thread#4"                     [id=58088, stack(0x000000aa01000000,0x000000aa01100000) (1024K)]
  0x000002a01d7683b0 WorkerThread "GC Thread#5"                     [id=58092, stack(0x000000aa01100000,0x000000aa01200000) (1024K)]
  0x000002a037caf9e0 WorkerThread "GC Thread#6"                     [id=58868, stack(0x000000aa01200000,0x000000aa01300000) (1024K)]
  0x000002a037d1dfe0 WorkerThread "GC Thread#7"                     [id=25920, stack(0x000000aa02100000,0x000000aa02200000) (1024K)]
  0x000002a038e27f10 WorkerThread "GC Thread#8"                     [id=55036, stack(0x000000aa02200000,0x000000aa02300000) (1024K)]
  0x000002a038e28650 WorkerThread "GC Thread#9"                     [id=54848, stack(0x000000aa02300000,0x000000aa02400000) (1024K)]
  0x000002a038e282b0 WorkerThread "GC Thread#10"                    [id=55032, stack(0x000000aa02400000,0x000000aa02500000) (1024K)]
  0x000002a038e289f0 WorkerThread "GC Thread#11"                    [id=54804, stack(0x000000aa02500000,0x000000aa02600000) (1024K)]
  0x000002a038e27090 WorkerThread "GC Thread#12"                    [id=54852, stack(0x000000aa02600000,0x000000aa02700000) (1024K)]
  0x000002a07fccace0 ConcurrentGCThread "G1 Main Marker"            [id=57704, stack(0x000000aa7fd00000,0x000000aa7fe00000) (1024K)]
  0x000002a07fccb8a0 WorkerThread "G1 Conc#0"                       [id=57708, stack(0x000000aa7fe00000,0x000000aa7ff00000) (1024K)]
  0x000002a038e27430 WorkerThread "G1 Conc#1"                       [id=63708, stack(0x000000aa02700000,0x000000aa02800000) (1024K)]
  0x000002a038e277d0 WorkerThread "G1 Conc#2"                       [id=33108, stack(0x000000aa02800000,0x000000aa02900000) (1024K)]
  0x000002a07fd5e710 ConcurrentGCThread "G1 Refine#0"               [id=57712, stack(0x000000aa7ff00000,0x000000aa80000000) (1024K)]
  0x000002a01d0b9780 ConcurrentGCThread "G1 Service"                [id=57716, stack(0x000000aa00000000,0x000000aa00100000) (1024K)]
Total: 21

Threads with active compile tasks:
C2 CompilerThread0  111751 5483       4       org.objectweb.asm.SymbolTable::addConstantMemberReference (147 bytes)
Total: 1

VM state: not at safepoint (normal execution)

VM Mutex/Monitor currently owned by a thread: None

Heap address: 0x00000000e0000000, size: 512 MB, Compressed Oops mode: 32-bit

CDS archive(s) mapped at: [0x000002a01e000000-0x000002a01ec80000-0x000002a01ec80000), size 13107200, SharedBaseAddress: 0x000002a01e000000, ArchiveRelocationMode: 1.
Compressed class space mapped at: 0x000002a01f000000-0x000002a033000000, reserved size: 335544320
Narrow klass base: 0x000002a01e000000, Narrow klass shift: 0, Narrow klass range: 0x100000000

GC Precious Log:
 CardTable entry size: 512
 Card Set container configuration: InlinePtr #cards 5 size 8 Array Of Cards #cards 12 size 40 Howl #buckets 4 coarsen threshold 1843 Howl Bitmap #cards 512 size 80 coarsen threshold 460 Card regions per heap region 1 cards per card region 2048
 CPUs: 16 total, 16 available
 Memory: 16000M
 Large Page Support: Disabled
 NUMA Support: Disabled
 Compressed Oops: Enabled (32-bit)
 Heap Region Size: 1M
 Heap Min Capacity: 256M
 Heap Initial Capacity: 256M
 Heap Max Capacity: 512M
 Pre-touch: Disabled
 Parallel Workers: 13
 Concurrent Workers: 3
 Concurrent Refinement Workers: 13
 Periodic GC: Disabled

Heap:
 garbage-first heap   total 262144K, used 87176K [0x00000000e0000000, 0x0000000100000000)
  region size 1024K, 50 young (51200K), 3 survivors (3072K)
 Metaspace       used 44939K, committed 46464K, reserved 393216K
  class space    used 6377K, committed 7104K, reserved 327680K

Heap Regions: E=young(eden), S=young(survivor), O=old, HS=humongous(starts), HC=humongous(continues), CS=collection set, F=free, TAMS=top-at-mark-start, PB=parsable bottom
|   0|0x00000000e0000000, 0x00000000e0100000, 0x00000000e0100000|100%|HS|  |TAMS 0x00000000e0000000| PB 0x00000000e0000000| Complete 
|   1|0x00000000e0100000, 0x00000000e0200000, 0x00000000e0200000|100%|HC|  |TAMS 0x00000000e0100000| PB 0x00000000e0100000| Complete 
|   2|0x00000000e0200000, 0x00000000e0300000, 0x00000000e0300000|100%|HC|  |TAMS 0x00000000e0200000| PB 0x00000000e0200000| Complete 
|   3|0x00000000e0300000, 0x00000000e0400000, 0x00000000e0400000|100%| O|  |TAMS 0x00000000e0300000| PB 0x00000000e0300000| Untracked 
|   4|0x00000000e0400000, 0x00000000e0500000, 0x00000000e0500000|100%| O|  |TAMS 0x00000000e0400000| PB 0x00000000e0400000| Untracked 
|   5|0x00000000e0500000, 0x00000000e0600000, 0x00000000e0600000|100%| O|  |TAMS 0x00000000e0500000| PB 0x00000000e0500000| Untracked 
|   6|0x00000000e0600000, 0x00000000e0700000, 0x00000000e0700000|100%|HS|  |TAMS 0x00000000e0600000| PB 0x00000000e0600000| Complete 
|   7|0x00000000e0700000, 0x00000000e0800000, 0x00000000e0800000|100%| O|  |TAMS 0x00000000e0700000| PB 0x00000000e0700000| Untracked 
|   8|0x00000000e0800000, 0x00000000e0900000, 0x00000000e0900000|100%| O|  |TAMS 0x00000000e0800000| PB 0x00000000e0800000| Untracked 
|   9|0x00000000e0900000, 0x00000000e0a00000, 0x00000000e0a00000|100%| O|  |TAMS 0x00000000e0900000| PB 0x00000000e0900000| Untracked 
|  10|0x00000000e0a00000, 0x00000000e0b00000, 0x00000000e0b00000|100%| O|  |TAMS 0x00000000e0a00000| PB 0x00000000e0a00000| Untracked 
|  11|0x00000000e0b00000, 0x00000000e0c00000, 0x00000000e0c00000|100%| O|  |TAMS 0x00000000e0b00000| PB 0x00000000e0b00000| Untracked 
|  12|0x00000000e0c00000, 0x00000000e0d00000, 0x00000000e0d00000|100%| O|Cm|TAMS 0x00000000e0c00000| PB 0x00000000e0c00000| Complete 
|  13|0x00000000e0d00000, 0x00000000e0e00000, 0x00000000e0e00000|100%| O|  |TAMS 0x00000000e0d00000| PB 0x00000000e0d00000| Untracked 
|  14|0x00000000e0e00000, 0x00000000e0f00000, 0x00000000e0f00000|100%| O|  |TAMS 0x00000000e0e00000| PB 0x00000000e0e00000| Untracked 
|  15|0x00000000e0f00000, 0x00000000e1000000, 0x00000000e1000000|100%| O|  |TAMS 0x00000000e0f00000| PB 0x00000000e0f00000| Untracked 
|  16|0x00000000e1000000, 0x00000000e1100000, 0x00000000e1100000|100%| O|  |TAMS 0x00000000e1000000| PB 0x00000000e1000000| Untracked 
|  17|0x00000000e1100000, 0x00000000e1200000, 0x00000000e1200000|100%| O|  |TAMS 0x00000000e1100000| PB 0x00000000e1100000| Untracked 
|  18|0x00000000e1200000, 0x00000000e1300000, 0x00000000e1300000|100%| O|  |TAMS 0x00000000e1200000| PB 0x00000000e1200000| Untracked 
|  19|0x00000000e1300000, 0x00000000e1400000, 0x00000000e1400000|100%| O|  |TAMS 0x00000000e1300000| PB 0x00000000e1300000| Untracked 
|  20|0x00000000e1400000, 0x00000000e1500000, 0x00000000e1500000|100%| O|  |TAMS 0x00000000e1400000| PB 0x00000000e1400000| Untracked 
|  21|0x00000000e1500000, 0x00000000e1600000, 0x00000000e1600000|100%| O|  |TAMS 0x00000000e1500000| PB 0x00000000e1500000| Untracked 
|  22|0x00000000e1600000, 0x00000000e1700000, 0x00000000e1700000|100%| O|  |TAMS 0x00000000e1600000| PB 0x00000000e1600000| Untracked 
|  23|0x00000000e1700000, 0x00000000e1800000, 0x00000000e1800000|100%| O|  |TAMS 0x00000000e1700000| PB 0x00000000e1700000| Untracked 
|  24|0x00000000e1800000, 0x00000000e1900000, 0x00000000e1900000|100%| O|  |TAMS 0x00000000e1800000| PB 0x00000000e1800000| Untracked 
|  25|0x00000000e1900000, 0x00000000e1a00000, 0x00000000e1a00000|100%| O|  |TAMS 0x00000000e1900000| PB 0x00000000e1900000| Untracked 
|  26|0x00000000e1a00000, 0x00000000e1b00000, 0x00000000e1b00000|100%| O|  |TAMS 0x00000000e1a00000| PB 0x00000000e1a00000| Untracked 
|  27|0x00000000e1b00000, 0x00000000e1c00000, 0x00000000e1c00000|100%| O|  |TAMS 0x00000000e1b00000| PB 0x00000000e1b00000| Untracked 
|  28|0x00000000e1c00000, 0x00000000e1d00000, 0x00000000e1d00000|100%| O|  |TAMS 0x00000000e1c00000| PB 0x00000000e1c00000| Untracked 
|  29|0x00000000e1d00000, 0x00000000e1e00000, 0x00000000e1e00000|100%| O|  |TAMS 0x00000000e1d00000| PB 0x00000000e1d00000| Untracked 
|  30|0x00000000e1e00000, 0x00000000e1e6ad90, 0x00000000e1f00000| 41%| O|  |TAMS 0x00000000e1e00000| PB 0x00000000e1e00000| Untracked 
|  31|0x00000000e1f00000, 0x00000000e2000000, 0x00000000e2000000|100%|HS|  |TAMS 0x00000000e1f00000| PB 0x00000000e1f00000| Complete 
|  32|0x00000000e2000000, 0x00000000e2100000, 0x00000000e2100000|100%|HS|  |TAMS 0x00000000e2000000| PB 0x00000000e2000000| Complete 
|  33|0x00000000e2100000, 0x00000000e2200000, 0x00000000e2200000|100%|HS|  |TAMS 0x00000000e2100000| PB 0x00000000e2100000| Complete 
|  34|0x00000000e2200000, 0x00000000e2300000, 0x00000000e2300000|100%|HS|  |TAMS 0x00000000e2200000| PB 0x00000000e2200000| Complete 
|  35|0x00000000e2300000, 0x00000000e2400000, 0x00000000e2400000|100%|HC|  |TAMS 0x00000000e2300000| PB 0x00000000e2300000| Complete 
|  36|0x00000000e2400000, 0x00000000e2500000, 0x00000000e2500000|100%|HS|  |TAMS 0x00000000e2400000| PB 0x00000000e2400000| Complete 
|  37|0x00000000e2500000, 0x00000000e2600000, 0x00000000e2600000|100%|HC|  |TAMS 0x00000000e2500000| PB 0x00000000e2500000| Complete 
|  38|0x00000000e2600000, 0x00000000e2600000, 0x00000000e2700000|  0%| F|  |TAMS 0x00000000e2600000| PB 0x00000000e2600000| Untracked 
|  39|0x00000000e2700000, 0x00000000e2700000, 0x00000000e2800000|  0%| F|  |TAMS 0x00000000e2700000| PB 0x00000000e2700000| Untracked 
|  40|0x00000000e2800000, 0x00000000e2800000, 0x00000000e2900000|  0%| F|  |TAMS 0x00000000e2800000| PB 0x00000000e2800000| Untracked 
|  41|0x00000000e2900000, 0x00000000e2900000, 0x00000000e2a00000|  0%| F|  |TAMS 0x00000000e2900000| PB 0x00000000e2900000| Untracked 
|  42|0x00000000e2a00000, 0x00000000e2a00000, 0x00000000e2b00000|  0%| F|  |TAMS 0x00000000e2a00000| PB 0x00000000e2a00000| Untracked 
|  43|0x00000000e2b00000, 0x00000000e2b00000, 0x00000000e2c00000|  0%| F|  |TAMS 0x00000000e2b00000| PB 0x00000000e2b00000| Untracked 
|  44|0x00000000e2c00000, 0x00000000e2c00000, 0x00000000e2d00000|  0%| F|  |TAMS 0x00000000e2c00000| PB 0x00000000e2c00000| Untracked 
|  45|0x00000000e2d00000, 0x00000000e2d00000, 0x00000000e2e00000|  0%| F|  |TAMS 0x00000000e2d00000| PB 0x00000000e2d00000| Untracked 
|  46|0x00000000e2e00000, 0x00000000e2e00000, 0x00000000e2f00000|  0%| F|  |TAMS 0x00000000e2e00000| PB 0x00000000e2e00000| Untracked 
|  47|0x00000000e2f00000, 0x00000000e2f00000, 0x00000000e3000000|  0%| F|  |TAMS 0x00000000e2f00000| PB 0x00000000e2f00000| Untracked 
|  48|0x00000000e3000000, 0x00000000e3000000, 0x00000000e3100000|  0%| F|  |TAMS 0x00000000e3000000| PB 0x00000000e3000000| Untracked 
|  49|0x00000000e3100000, 0x00000000e3100000, 0x00000000e3200000|  0%| F|  |TAMS 0x00000000e3100000| PB 0x00000000e3100000| Untracked 
|  50|0x00000000e3200000, 0x00000000e3200000, 0x00000000e3300000|  0%| F|  |TAMS 0x00000000e3200000| PB 0x00000000e3200000| Untracked 
|  51|0x00000000e3300000, 0x00000000e3300000, 0x00000000e3400000|  0%| F|  |TAMS 0x00000000e3300000| PB 0x00000000e3300000| Untracked 
|  52|0x00000000e3400000, 0x00000000e3400000, 0x00000000e3500000|  0%| F|  |TAMS 0x00000000e3400000| PB 0x00000000e3400000| Untracked 
|  53|0x00000000e3500000, 0x00000000e3500000, 0x00000000e3600000|  0%| F|  |TAMS 0x00000000e3500000| PB 0x00000000e3500000| Untracked 
|  54|0x00000000e3600000, 0x00000000e3600000, 0x00000000e3700000|  0%| F|  |TAMS 0x00000000e3600000| PB 0x00000000e3600000| Untracked 
|  55|0x00000000e3700000, 0x00000000e3700000, 0x00000000e3800000|  0%| F|  |TAMS 0x00000000e3700000| PB 0x00000000e3700000| Untracked 
|  56|0x00000000e3800000, 0x00000000e3800000, 0x00000000e3900000|  0%| F|  |TAMS 0x00000000e3800000| PB 0x00000000e3800000| Untracked 
|  57|0x00000000e3900000, 0x00000000e3900000, 0x00000000e3a00000|  0%| F|  |TAMS 0x00000000e3900000| PB 0x00000000e3900000| Untracked 
|  58|0x00000000e3a00000, 0x00000000e3a00000, 0x00000000e3b00000|  0%| F|  |TAMS 0x00000000e3a00000| PB 0x00000000e3a00000| Untracked 
|  59|0x00000000e3b00000, 0x00000000e3b00000, 0x00000000e3c00000|  0%| F|  |TAMS 0x00000000e3b00000| PB 0x00000000e3b00000| Untracked 
|  60|0x00000000e3c00000, 0x00000000e3c00000, 0x00000000e3d00000|  0%| F|  |TAMS 0x00000000e3c00000| PB 0x00000000e3c00000| Untracked 
|  61|0x00000000e3d00000, 0x00000000e3d00000, 0x00000000e3e00000|  0%| F|  |TAMS 0x00000000e3d00000| PB 0x00000000e3d00000| Untracked 
|  62|0x00000000e3e00000, 0x00000000e3e00000, 0x00000000e3f00000|  0%| F|  |TAMS 0x00000000e3e00000| PB 0x00000000e3e00000| Untracked 
|  63|0x00000000e3f00000, 0x00000000e3f00000, 0x00000000e4000000|  0%| F|  |TAMS 0x00000000e3f00000| PB 0x00000000e3f00000| Untracked 
|  64|0x00000000e4000000, 0x00000000e4000000, 0x00000000e4100000|  0%| F|  |TAMS 0x00000000e4000000| PB 0x00000000e4000000| Untracked 
|  65|0x00000000e4100000, 0x00000000e4100000, 0x00000000e4200000|  0%| F|  |TAMS 0x00000000e4100000| PB 0x00000000e4100000| Untracked 
|  66|0x00000000e4200000, 0x00000000e4200000, 0x00000000e4300000|  0%| F|  |TAMS 0x00000000e4200000| PB 0x00000000e4200000| Untracked 
|  67|0x00000000e4300000, 0x00000000e4300000, 0x00000000e4400000|  0%| F|  |TAMS 0x00000000e4300000| PB 0x00000000e4300000| Untracked 
|  68|0x00000000e4400000, 0x00000000e4400000, 0x00000000e4500000|  0%| F|  |TAMS 0x00000000e4400000| PB 0x00000000e4400000| Untracked 
|  69|0x00000000e4500000, 0x00000000e4500000, 0x00000000e4600000|  0%| F|  |TAMS 0x00000000e4500000| PB 0x00000000e4500000| Untracked 
|  70|0x00000000e4600000, 0x00000000e4600000, 0x00000000e4700000|  0%| F|  |TAMS 0x00000000e4600000| PB 0x00000000e4600000| Untracked 
|  71|0x00000000e4700000, 0x00000000e4700000, 0x00000000e4800000|  0%| F|  |TAMS 0x00000000e4700000| PB 0x00000000e4700000| Untracked 
|  72|0x00000000e4800000, 0x00000000e4800000, 0x00000000e4900000|  0%| F|  |TAMS 0x00000000e4800000| PB 0x00000000e4800000| Untracked 
|  73|0x00000000e4900000, 0x00000000e4900000, 0x00000000e4a00000|  0%| F|  |TAMS 0x00000000e4900000| PB 0x00000000e4900000| Untracked 
|  74|0x00000000e4a00000, 0x00000000e4a00000, 0x00000000e4b00000|  0%| F|  |TAMS 0x00000000e4a00000| PB 0x00000000e4a00000| Untracked 
|  75|0x00000000e4b00000, 0x00000000e4b00000, 0x00000000e4c00000|  0%| F|  |TAMS 0x00000000e4b00000| PB 0x00000000e4b00000| Untracked 
|  76|0x00000000e4c00000, 0x00000000e4c00000, 0x00000000e4d00000|  0%| F|  |TAMS 0x00000000e4c00000| PB 0x00000000e4c00000| Untracked 
|  77|0x00000000e4d00000, 0x00000000e4d00000, 0x00000000e4e00000|  0%| F|  |TAMS 0x00000000e4d00000| PB 0x00000000e4d00000| Untracked 
|  78|0x00000000e4e00000, 0x00000000e4e00000, 0x00000000e4f00000|  0%| F|  |TAMS 0x00000000e4e00000| PB 0x00000000e4e00000| Untracked 
|  79|0x00000000e4f00000, 0x00000000e4f00000, 0x00000000e5000000|  0%| F|  |TAMS 0x00000000e4f00000| PB 0x00000000e4f00000| Untracked 
|  80|0x00000000e5000000, 0x00000000e5000000, 0x00000000e5100000|  0%| F|  |TAMS 0x00000000e5000000| PB 0x00000000e5000000| Untracked 
|  81|0x00000000e5100000, 0x00000000e5100000, 0x00000000e5200000|  0%| F|  |TAMS 0x00000000e5100000| PB 0x00000000e5100000| Untracked 
|  82|0x00000000e5200000, 0x00000000e5200000, 0x00000000e5300000|  0%| F|  |TAMS 0x00000000e5200000| PB 0x00000000e5200000| Untracked 
|  83|0x00000000e5300000, 0x00000000e5300000, 0x00000000e5400000|  0%| F|  |TAMS 0x00000000e5300000| PB 0x00000000e5300000| Untracked 
|  84|0x00000000e5400000, 0x00000000e5400000, 0x00000000e5500000|  0%| F|  |TAMS 0x00000000e5400000| PB 0x00000000e5400000| Untracked 
|  85|0x00000000e5500000, 0x00000000e5500000, 0x00000000e5600000|  0%| F|  |TAMS 0x00000000e5500000| PB 0x00000000e5500000| Untracked 
|  86|0x00000000e5600000, 0x00000000e5600000, 0x00000000e5700000|  0%| F|  |TAMS 0x00000000e5600000| PB 0x00000000e5600000| Untracked 
|  87|0x00000000e5700000, 0x00000000e5700000, 0x00000000e5800000|  0%| F|  |TAMS 0x00000000e5700000| PB 0x00000000e5700000| Untracked 
|  88|0x00000000e5800000, 0x00000000e5800000, 0x00000000e5900000|  0%| F|  |TAMS 0x00000000e5800000| PB 0x00000000e5800000| Untracked 
|  89|0x00000000e5900000, 0x00000000e5900000, 0x00000000e5a00000|  0%| F|  |TAMS 0x00000000e5900000| PB 0x00000000e5900000| Untracked 
|  90|0x00000000e5a00000, 0x00000000e5a00000, 0x00000000e5b00000|  0%| F|  |TAMS 0x00000000e5a00000| PB 0x00000000e5a00000| Untracked 
|  91|0x00000000e5b00000, 0x00000000e5b00000, 0x00000000e5c00000|  0%| F|  |TAMS 0x00000000e5b00000| PB 0x00000000e5b00000| Untracked 
|  92|0x00000000e5c00000, 0x00000000e5c00000, 0x00000000e5d00000|  0%| F|  |TAMS 0x00000000e5c00000| PB 0x00000000e5c00000| Untracked 
|  93|0x00000000e5d00000, 0x00000000e5d00000, 0x00000000e5e00000|  0%| F|  |TAMS 0x00000000e5d00000| PB 0x00000000e5d00000| Untracked 
|  94|0x00000000e5e00000, 0x00000000e5e00000, 0x00000000e5f00000|  0%| F|  |TAMS 0x00000000e5e00000| PB 0x00000000e5e00000| Untracked 
|  95|0x00000000e5f00000, 0x00000000e5f00000, 0x00000000e6000000|  0%| F|  |TAMS 0x00000000e5f00000| PB 0x00000000e5f00000| Untracked 
|  96|0x00000000e6000000, 0x00000000e6000000, 0x00000000e6100000|  0%| F|  |TAMS 0x00000000e6000000| PB 0x00000000e6000000| Untracked 
|  97|0x00000000e6100000, 0x00000000e6100000, 0x00000000e6200000|  0%| F|  |TAMS 0x00000000e6100000| PB 0x00000000e6100000| Untracked 
|  98|0x00000000e6200000, 0x00000000e6200000, 0x00000000e6300000|  0%| F|  |TAMS 0x00000000e6200000| PB 0x00000000e6200000| Untracked 
|  99|0x00000000e6300000, 0x00000000e6300000, 0x00000000e6400000|  0%| F|  |TAMS 0x00000000e6300000| PB 0x00000000e6300000| Untracked 
| 100|0x00000000e6400000, 0x00000000e6400000, 0x00000000e6500000|  0%| F|  |TAMS 0x00000000e6400000| PB 0x00000000e6400000| Untracked 
| 101|0x00000000e6500000, 0x00000000e6500000, 0x00000000e6600000|  0%| F|  |TAMS 0x00000000e6500000| PB 0x00000000e6500000| Untracked 
| 102|0x00000000e6600000, 0x00000000e6600000, 0x00000000e6700000|  0%| F|  |TAMS 0x00000000e6600000| PB 0x00000000e6600000| Untracked 
| 103|0x00000000e6700000, 0x00000000e6700000, 0x00000000e6800000|  0%| F|  |TAMS 0x00000000e6700000| PB 0x00000000e6700000| Untracked 
| 104|0x00000000e6800000, 0x00000000e6800000, 0x00000000e6900000|  0%| F|  |TAMS 0x00000000e6800000| PB 0x00000000e6800000| Untracked 
| 105|0x00000000e6900000, 0x00000000e6900000, 0x00000000e6a00000|  0%| F|  |TAMS 0x00000000e6900000| PB 0x00000000e6900000| Untracked 
| 106|0x00000000e6a00000, 0x00000000e6a00000, 0x00000000e6b00000|  0%| F|  |TAMS 0x00000000e6a00000| PB 0x00000000e6a00000| Untracked 
| 107|0x00000000e6b00000, 0x00000000e6b00000, 0x00000000e6c00000|  0%| F|  |TAMS 0x00000000e6b00000| PB 0x00000000e6b00000| Untracked 
| 108|0x00000000e6c00000, 0x00000000e6c00000, 0x00000000e6d00000|  0%| F|  |TAMS 0x00000000e6c00000| PB 0x00000000e6c00000| Untracked 
| 109|0x00000000e6d00000, 0x00000000e6d00000, 0x00000000e6e00000|  0%| F|  |TAMS 0x00000000e6d00000| PB 0x00000000e6d00000| Untracked 
| 110|0x00000000e6e00000, 0x00000000e6e00000, 0x00000000e6f00000|  0%| F|  |TAMS 0x00000000e6e00000| PB 0x00000000e6e00000| Untracked 
| 111|0x00000000e6f00000, 0x00000000e6f00000, 0x00000000e7000000|  0%| F|  |TAMS 0x00000000e6f00000| PB 0x00000000e6f00000| Untracked 
| 112|0x00000000e7000000, 0x00000000e7000000, 0x00000000e7100000|  0%| F|  |TAMS 0x00000000e7000000| PB 0x00000000e7000000| Untracked 
| 113|0x00000000e7100000, 0x00000000e7100000, 0x00000000e7200000|  0%| F|  |TAMS 0x00000000e7100000| PB 0x00000000e7100000| Untracked 
| 114|0x00000000e7200000, 0x00000000e7200000, 0x00000000e7300000|  0%| F|  |TAMS 0x00000000e7200000| PB 0x00000000e7200000| Untracked 
| 115|0x00000000e7300000, 0x00000000e7300000, 0x00000000e7400000|  0%| F|  |TAMS 0x00000000e7300000| PB 0x00000000e7300000| Untracked 
| 116|0x00000000e7400000, 0x00000000e7400000, 0x00000000e7500000|  0%| F|  |TAMS 0x00000000e7400000| PB 0x00000000e7400000| Untracked 
| 117|0x00000000e7500000, 0x00000000e7500000, 0x00000000e7600000|  0%| F|  |TAMS 0x00000000e7500000| PB 0x00000000e7500000| Untracked 
| 118|0x00000000e7600000, 0x00000000e7600000, 0x00000000e7700000|  0%| F|  |TAMS 0x00000000e7600000| PB 0x00000000e7600000| Untracked 
| 119|0x00000000e7700000, 0x00000000e7700000, 0x00000000e7800000|  0%| F|  |TAMS 0x00000000e7700000| PB 0x00000000e7700000| Untracked 
| 120|0x00000000e7800000, 0x00000000e7800000, 0x00000000e7900000|  0%| F|  |TAMS 0x00000000e7800000| PB 0x00000000e7800000| Untracked 
| 121|0x00000000e7900000, 0x00000000e7900000, 0x00000000e7a00000|  0%| F|  |TAMS 0x00000000e7900000| PB 0x00000000e7900000| Untracked 
| 122|0x00000000e7a00000, 0x00000000e7a00000, 0x00000000e7b00000|  0%| F|  |TAMS 0x00000000e7a00000| PB 0x00000000e7a00000| Untracked 
| 123|0x00000000e7b00000, 0x00000000e7b00000, 0x00000000e7c00000|  0%| F|  |TAMS 0x00000000e7b00000| PB 0x00000000e7b00000| Untracked 
| 124|0x00000000e7c00000, 0x00000000e7c00000, 0x00000000e7d00000|  0%| F|  |TAMS 0x00000000e7c00000| PB 0x00000000e7c00000| Untracked 
| 125|0x00000000e7d00000, 0x00000000e7d00000, 0x00000000e7e00000|  0%| F|  |TAMS 0x00000000e7d00000| PB 0x00000000e7d00000| Untracked 
| 126|0x00000000e7e00000, 0x00000000e7e00000, 0x00000000e7f00000|  0%| F|  |TAMS 0x00000000e7e00000| PB 0x00000000e7e00000| Untracked 
| 127|0x00000000e7f00000, 0x00000000e7f00000, 0x00000000e8000000|  0%| F|  |TAMS 0x00000000e7f00000| PB 0x00000000e7f00000| Untracked 
| 128|0x00000000e8000000, 0x00000000e8000000, 0x00000000e8100000|  0%| F|  |TAMS 0x00000000e8000000| PB 0x00000000e8000000| Untracked 
| 129|0x00000000e8100000, 0x00000000e8100000, 0x00000000e8200000|  0%| F|  |TAMS 0x00000000e8100000| PB 0x00000000e8100000| Untracked 
| 130|0x00000000e8200000, 0x00000000e8200000, 0x00000000e8300000|  0%| F|  |TAMS 0x00000000e8200000| PB 0x00000000e8200000| Untracked 
| 131|0x00000000e8300000, 0x00000000e8300000, 0x00000000e8400000|  0%| F|  |TAMS 0x00000000e8300000| PB 0x00000000e8300000| Untracked 
| 132|0x00000000e8400000, 0x00000000e8400000, 0x00000000e8500000|  0%| F|  |TAMS 0x00000000e8400000| PB 0x00000000e8400000| Untracked 
| 133|0x00000000e8500000, 0x00000000e8500000, 0x00000000e8600000|  0%| F|  |TAMS 0x00000000e8500000| PB 0x00000000e8500000| Untracked 
| 134|0x00000000e8600000, 0x00000000e8600000, 0x00000000e8700000|  0%| F|  |TAMS 0x00000000e8600000| PB 0x00000000e8600000| Untracked 
| 135|0x00000000e8700000, 0x00000000e8700000, 0x00000000e8800000|  0%| F|  |TAMS 0x00000000e8700000| PB 0x00000000e8700000| Untracked 
| 136|0x00000000e8800000, 0x00000000e8800000, 0x00000000e8900000|  0%| F|  |TAMS 0x00000000e8800000| PB 0x00000000e8800000| Untracked 
| 137|0x00000000e8900000, 0x00000000e8900000, 0x00000000e8a00000|  0%| F|  |TAMS 0x00000000e8900000| PB 0x00000000e8900000| Untracked 
| 138|0x00000000e8a00000, 0x00000000e8a00000, 0x00000000e8b00000|  0%| F|  |TAMS 0x00000000e8a00000| PB 0x00000000e8a00000| Untracked 
| 139|0x00000000e8b00000, 0x00000000e8b00000, 0x00000000e8c00000|  0%| F|  |TAMS 0x00000000e8b00000| PB 0x00000000e8b00000| Untracked 
| 140|0x00000000e8c00000, 0x00000000e8c00000, 0x00000000e8d00000|  0%| F|  |TAMS 0x00000000e8c00000| PB 0x00000000e8c00000| Untracked 
| 141|0x00000000e8d00000, 0x00000000e8d00000, 0x00000000e8e00000|  0%| F|  |TAMS 0x00000000e8d00000| PB 0x00000000e8d00000| Untracked 
| 142|0x00000000e8e00000, 0x00000000e8e00000, 0x00000000e8f00000|  0%| F|  |TAMS 0x00000000e8e00000| PB 0x00000000e8e00000| Untracked 
| 143|0x00000000e8f00000, 0x00000000e8f00000, 0x00000000e9000000|  0%| F|  |TAMS 0x00000000e8f00000| PB 0x00000000e8f00000| Untracked 
| 144|0x00000000e9000000, 0x00000000e9000000, 0x00000000e9100000|  0%| F|  |TAMS 0x00000000e9000000| PB 0x00000000e9000000| Untracked 
| 145|0x00000000e9100000, 0x00000000e9100000, 0x00000000e9200000|  0%| F|  |TAMS 0x00000000e9100000| PB 0x00000000e9100000| Untracked 
| 146|0x00000000e9200000, 0x00000000e9200000, 0x00000000e9300000|  0%| F|  |TAMS 0x00000000e9200000| PB 0x00000000e9200000| Untracked 
| 147|0x00000000e9300000, 0x00000000e9300000, 0x00000000e9400000|  0%| F|  |TAMS 0x00000000e9300000| PB 0x00000000e9300000| Untracked 
| 148|0x00000000e9400000, 0x00000000e9400000, 0x00000000e9500000|  0%| F|  |TAMS 0x00000000e9400000| PB 0x00000000e9400000| Untracked 
| 149|0x00000000e9500000, 0x00000000e9500000, 0x00000000e9600000|  0%| F|  |TAMS 0x00000000e9500000| PB 0x00000000e9500000| Untracked 
| 150|0x00000000e9600000, 0x00000000e9600000, 0x00000000e9700000|  0%| F|  |TAMS 0x00000000e9600000| PB 0x00000000e9600000| Untracked 
| 151|0x00000000e9700000, 0x00000000e9700000, 0x00000000e9800000|  0%| F|  |TAMS 0x00000000e9700000| PB 0x00000000e9700000| Untracked 
| 152|0x00000000e9800000, 0x00000000e9800000, 0x00000000e9900000|  0%| F|  |TAMS 0x00000000e9800000| PB 0x00000000e9800000| Untracked 
| 153|0x00000000e9900000, 0x00000000e9900000, 0x00000000e9a00000|  0%| F|  |TAMS 0x00000000e9900000| PB 0x00000000e9900000| Untracked 
| 154|0x00000000e9a00000, 0x00000000e9a00000, 0x00000000e9b00000|  0%| F|  |TAMS 0x00000000e9a00000| PB 0x00000000e9a00000| Untracked 
| 155|0x00000000e9b00000, 0x00000000e9b00000, 0x00000000e9c00000|  0%| F|  |TAMS 0x00000000e9b00000| PB 0x00000000e9b00000| Untracked 
| 156|0x00000000e9c00000, 0x00000000e9c00000, 0x00000000e9d00000|  0%| F|  |TAMS 0x00000000e9c00000| PB 0x00000000e9c00000| Untracked 
| 157|0x00000000e9d00000, 0x00000000e9d00000, 0x00000000e9e00000|  0%| F|  |TAMS 0x00000000e9d00000| PB 0x00000000e9d00000| Untracked 
| 158|0x00000000e9e00000, 0x00000000e9e00000, 0x00000000e9f00000|  0%| F|  |TAMS 0x00000000e9e00000| PB 0x00000000e9e00000| Untracked 
| 159|0x00000000e9f00000, 0x00000000e9f00000, 0x00000000ea000000|  0%| F|  |TAMS 0x00000000e9f00000| PB 0x00000000e9f00000| Untracked 
| 160|0x00000000ea000000, 0x00000000ea000000, 0x00000000ea100000|  0%| F|  |TAMS 0x00000000ea000000| PB 0x00000000ea000000| Untracked 
| 161|0x00000000ea100000, 0x00000000ea100000, 0x00000000ea200000|  0%| F|  |TAMS 0x00000000ea100000| PB 0x00000000ea100000| Untracked 
| 162|0x00000000ea200000, 0x00000000ea200000, 0x00000000ea300000|  0%| F|  |TAMS 0x00000000ea200000| PB 0x00000000ea200000| Untracked 
| 163|0x00000000ea300000, 0x00000000ea300000, 0x00000000ea400000|  0%| F|  |TAMS 0x00000000ea300000| PB 0x00000000ea300000| Untracked 
| 164|0x00000000ea400000, 0x00000000ea400000, 0x00000000ea500000|  0%| F|  |TAMS 0x00000000ea400000| PB 0x00000000ea400000| Untracked 
| 165|0x00000000ea500000, 0x00000000ea500000, 0x00000000ea600000|  0%| F|  |TAMS 0x00000000ea500000| PB 0x00000000ea500000| Untracked 
| 166|0x00000000ea600000, 0x00000000ea600000, 0x00000000ea700000|  0%| F|  |TAMS 0x00000000ea600000| PB 0x00000000ea600000| Untracked 
| 167|0x00000000ea700000, 0x00000000ea700000, 0x00000000ea800000|  0%| F|  |TAMS 0x00000000ea700000| PB 0x00000000ea700000| Untracked 
| 168|0x00000000ea800000, 0x00000000ea800000, 0x00000000ea900000|  0%| F|  |TAMS 0x00000000ea800000| PB 0x00000000ea800000| Untracked 
| 169|0x00000000ea900000, 0x00000000ea900000, 0x00000000eaa00000|  0%| F|  |TAMS 0x00000000ea900000| PB 0x00000000ea900000| Untracked 
| 170|0x00000000eaa00000, 0x00000000eaa00000, 0x00000000eab00000|  0%| F|  |TAMS 0x00000000eaa00000| PB 0x00000000eaa00000| Untracked 
| 171|0x00000000eab00000, 0x00000000eab00000, 0x00000000eac00000|  0%| F|  |TAMS 0x00000000eab00000| PB 0x00000000eab00000| Untracked 
| 172|0x00000000eac00000, 0x00000000eac00000, 0x00000000ead00000|  0%| F|  |TAMS 0x00000000eac00000| PB 0x00000000eac00000| Untracked 
| 173|0x00000000ead00000, 0x00000000ead00000, 0x00000000eae00000|  0%| F|  |TAMS 0x00000000ead00000| PB 0x00000000ead00000| Untracked 
| 174|0x00000000eae00000, 0x00000000eae00000, 0x00000000eaf00000|  0%| F|  |TAMS 0x00000000eae00000| PB 0x00000000eae00000| Untracked 
| 175|0x00000000eaf00000, 0x00000000eaf00000, 0x00000000eb000000|  0%| F|  |TAMS 0x00000000eaf00000| PB 0x00000000eaf00000| Untracked 
| 176|0x00000000eb000000, 0x00000000eb000000, 0x00000000eb100000|  0%| F|  |TAMS 0x00000000eb000000| PB 0x00000000eb000000| Untracked 
| 177|0x00000000eb100000, 0x00000000eb100000, 0x00000000eb200000|  0%| F|  |TAMS 0x00000000eb100000| PB 0x00000000eb100000| Untracked 
| 178|0x00000000eb200000, 0x00000000eb200000, 0x00000000eb300000|  0%| F|  |TAMS 0x00000000eb200000| PB 0x00000000eb200000| Untracked 
| 179|0x00000000eb300000, 0x00000000eb300000, 0x00000000eb400000|  0%| F|  |TAMS 0x00000000eb300000| PB 0x00000000eb300000| Untracked 
| 180|0x00000000eb400000, 0x00000000eb400000, 0x00000000eb500000|  0%| F|  |TAMS 0x00000000eb400000| PB 0x00000000eb400000| Untracked 
| 181|0x00000000eb500000, 0x00000000eb500000, 0x00000000eb600000|  0%| F|  |TAMS 0x00000000eb500000| PB 0x00000000eb500000| Untracked 
| 182|0x00000000eb600000, 0x00000000eb600000, 0x00000000eb700000|  0%| F|  |TAMS 0x00000000eb600000| PB 0x00000000eb600000| Untracked 
| 183|0x00000000eb700000, 0x00000000eb700000, 0x00000000eb800000|  0%| F|  |TAMS 0x00000000eb700000| PB 0x00000000eb700000| Untracked 
| 184|0x00000000eb800000, 0x00000000eb800000, 0x00000000eb900000|  0%| F|  |TAMS 0x00000000eb800000| PB 0x00000000eb800000| Untracked 
| 185|0x00000000eb900000, 0x00000000eb900000, 0x00000000eba00000|  0%| F|  |TAMS 0x00000000eb900000| PB 0x00000000eb900000| Untracked 
| 186|0x00000000eba00000, 0x00000000eba00000, 0x00000000ebb00000|  0%| F|  |TAMS 0x00000000eba00000| PB 0x00000000eba00000| Untracked 
| 187|0x00000000ebb00000, 0x00000000ebb00000, 0x00000000ebc00000|  0%| F|  |TAMS 0x00000000ebb00000| PB 0x00000000ebb00000| Untracked 
| 188|0x00000000ebc00000, 0x00000000ebc00000, 0x00000000ebd00000|  0%| F|  |TAMS 0x00000000ebc00000| PB 0x00000000ebc00000| Untracked 
| 189|0x00000000ebd00000, 0x00000000ebd00000, 0x00000000ebe00000|  0%| F|  |TAMS 0x00000000ebd00000| PB 0x00000000ebd00000| Untracked 
| 190|0x00000000ebe00000, 0x00000000ebe00000, 0x00000000ebf00000|  0%| F|  |TAMS 0x00000000ebe00000| PB 0x00000000ebe00000| Untracked 
| 191|0x00000000ebf00000, 0x00000000ebf00000, 0x00000000ec000000|  0%| F|  |TAMS 0x00000000ebf00000| PB 0x00000000ebf00000| Untracked 
| 192|0x00000000ec000000, 0x00000000ec000000, 0x00000000ec100000|  0%| F|  |TAMS 0x00000000ec000000| PB 0x00000000ec000000| Untracked 
| 193|0x00000000ec100000, 0x00000000ec100000, 0x00000000ec200000|  0%| F|  |TAMS 0x00000000ec100000| PB 0x00000000ec100000| Untracked 
| 194|0x00000000ec200000, 0x00000000ec200000, 0x00000000ec300000|  0%| F|  |TAMS 0x00000000ec200000| PB 0x00000000ec200000| Untracked 
| 195|0x00000000ec300000, 0x00000000ec300000, 0x00000000ec400000|  0%| F|  |TAMS 0x00000000ec300000| PB 0x00000000ec300000| Untracked 
| 196|0x00000000ec400000, 0x00000000ec400000, 0x00000000ec500000|  0%| F|  |TAMS 0x00000000ec400000| PB 0x00000000ec400000| Untracked 
| 197|0x00000000ec500000, 0x00000000ec500000, 0x00000000ec600000|  0%| F|  |TAMS 0x00000000ec500000| PB 0x00000000ec500000| Untracked 
| 198|0x00000000ec600000, 0x00000000ec600000, 0x00000000ec700000|  0%| F|  |TAMS 0x00000000ec600000| PB 0x00000000ec600000| Untracked 
| 199|0x00000000ec700000, 0x00000000ec700000, 0x00000000ec800000|  0%| F|  |TAMS 0x00000000ec700000| PB 0x00000000ec700000| Untracked 
| 200|0x00000000ec800000, 0x00000000ec800000, 0x00000000ec900000|  0%| F|  |TAMS 0x00000000ec800000| PB 0x00000000ec800000| Untracked 
| 201|0x00000000ec900000, 0x00000000ec900000, 0x00000000eca00000|  0%| F|  |TAMS 0x00000000ec900000| PB 0x00000000ec900000| Untracked 
| 202|0x00000000eca00000, 0x00000000eca00000, 0x00000000ecb00000|  0%| F|  |TAMS 0x00000000eca00000| PB 0x00000000eca00000| Untracked 
| 203|0x00000000ecb00000, 0x00000000ecb00000, 0x00000000ecc00000|  0%| F|  |TAMS 0x00000000ecb00000| PB 0x00000000ecb00000| Untracked 
| 204|0x00000000ecc00000, 0x00000000ecc00000, 0x00000000ecd00000|  0%| F|  |TAMS 0x00000000ecc00000| PB 0x00000000ecc00000| Untracked 
| 205|0x00000000ecd00000, 0x00000000ecd00000, 0x00000000ece00000|  0%| F|  |TAMS 0x00000000ecd00000| PB 0x00000000ecd00000| Untracked 
| 206|0x00000000ece00000, 0x00000000ecf00000, 0x00000000ecf00000|100%| E|  |TAMS 0x00000000ece00000| PB 0x00000000ece00000| Complete 
| 207|0x00000000ecf00000, 0x00000000ed000000, 0x00000000ed000000|100%| E|CS|TAMS 0x00000000ecf00000| PB 0x00000000ecf00000| Complete 
| 208|0x00000000ed000000, 0x00000000ed100000, 0x00000000ed100000|100%| E|CS|TAMS 0x00000000ed000000| PB 0x00000000ed000000| Complete 
| 209|0x00000000ed100000, 0x00000000ed200000, 0x00000000ed200000|100%| E|CS|TAMS 0x00000000ed100000| PB 0x00000000ed100000| Complete 
| 210|0x00000000ed200000, 0x00000000ed300000, 0x00000000ed300000|100%| E|CS|TAMS 0x00000000ed200000| PB 0x00000000ed200000| Complete 
| 211|0x00000000ed300000, 0x00000000ed400000, 0x00000000ed400000|100%| E|CS|TAMS 0x00000000ed300000| PB 0x00000000ed300000| Complete 
| 212|0x00000000ed400000, 0x00000000ed500000, 0x00000000ed500000|100%| E|CS|TAMS 0x00000000ed400000| PB 0x00000000ed400000| Complete 
| 213|0x00000000ed500000, 0x00000000ed600000, 0x00000000ed600000|100%| E|CS|TAMS 0x00000000ed500000| PB 0x00000000ed500000| Complete 
| 214|0x00000000ed600000, 0x00000000ed700000, 0x00000000ed700000|100%| E|CS|TAMS 0x00000000ed600000| PB 0x00000000ed600000| Complete 
| 215|0x00000000ed700000, 0x00000000ed800000, 0x00000000ed800000|100%| E|CS|TAMS 0x00000000ed700000| PB 0x00000000ed700000| Complete 
| 216|0x00000000ed800000, 0x00000000ed900000, 0x00000000ed900000|100%| E|CS|TAMS 0x00000000ed800000| PB 0x00000000ed800000| Complete 
| 217|0x00000000ed900000, 0x00000000eda00000, 0x00000000eda00000|100%| E|CS|TAMS 0x00000000ed900000| PB 0x00000000ed900000| Complete 
| 218|0x00000000eda00000, 0x00000000edb00000, 0x00000000edb00000|100%| E|CS|TAMS 0x00000000eda00000| PB 0x00000000eda00000| Complete 
| 219|0x00000000edb00000, 0x00000000edc00000, 0x00000000edc00000|100%| E|CS|TAMS 0x00000000edb00000| PB 0x00000000edb00000| Complete 
| 220|0x00000000edc00000, 0x00000000edd00000, 0x00000000edd00000|100%| E|CS|TAMS 0x00000000edc00000| PB 0x00000000edc00000| Complete 
| 221|0x00000000edd00000, 0x00000000ede00000, 0x00000000ede00000|100%| E|CS|TAMS 0x00000000edd00000| PB 0x00000000edd00000| Complete 
| 222|0x00000000ede00000, 0x00000000edf00000, 0x00000000edf00000|100%| E|  |TAMS 0x00000000ede00000| PB 0x00000000ede00000| Complete 
| 223|0x00000000edf00000, 0x00000000edfb7600, 0x00000000ee000000| 71%| S|CS|TAMS 0x00000000edf00000| PB 0x00000000edf00000| Complete 
| 224|0x00000000ee000000, 0x00000000ee100000, 0x00000000ee100000|100%| S|CS|TAMS 0x00000000ee000000| PB 0x00000000ee000000| Complete 
| 225|0x00000000ee100000, 0x00000000ee200000, 0x00000000ee200000|100%| S|CS|TAMS 0x00000000ee100000| PB 0x00000000ee100000| Complete 
| 226|0x00000000ee200000, 0x00000000ee300000, 0x00000000ee300000|100%| E|CS|TAMS 0x00000000ee200000| PB 0x00000000ee200000| Complete 
| 227|0x00000000ee300000, 0x00000000ee400000, 0x00000000ee400000|100%| E|CS|TAMS 0x00000000ee300000| PB 0x00000000ee300000| Complete 
| 228|0x00000000ee400000, 0x00000000ee500000, 0x00000000ee500000|100%| E|CS|TAMS 0x00000000ee400000| PB 0x00000000ee400000| Complete 
| 229|0x00000000ee500000, 0x00000000ee600000, 0x00000000ee600000|100%| E|CS|TAMS 0x00000000ee500000| PB 0x00000000ee500000| Complete 
| 230|0x00000000ee600000, 0x00000000ee700000, 0x00000000ee700000|100%| E|CS|TAMS 0x00000000ee600000| PB 0x00000000ee600000| Complete 
| 231|0x00000000ee700000, 0x00000000ee800000, 0x00000000ee800000|100%| E|CS|TAMS 0x00000000ee700000| PB 0x00000000ee700000| Complete 
| 232|0x00000000ee800000, 0x00000000ee900000, 0x00000000ee900000|100%| E|CS|TAMS 0x00000000ee800000| PB 0x00000000ee800000| Complete 
| 233|0x00000000ee900000, 0x00000000eea00000, 0x00000000eea00000|100%| E|CS|TAMS 0x00000000ee900000| PB 0x00000000ee900000| Complete 
| 234|0x00000000eea00000, 0x00000000eeb00000, 0x00000000eeb00000|100%| E|CS|TAMS 0x00000000eea00000| PB 0x00000000eea00000| Complete 
| 235|0x00000000eeb00000, 0x00000000eec00000, 0x00000000eec00000|100%| E|CS|TAMS 0x00000000eeb00000| PB 0x00000000eeb00000| Complete 
| 236|0x00000000eec00000, 0x00000000eed00000, 0x00000000eed00000|100%| E|CS|TAMS 0x00000000eec00000| PB 0x00000000eec00000| Complete 
| 237|0x00000000eed00000, 0x00000000eee00000, 0x00000000eee00000|100%| E|CS|TAMS 0x00000000eed00000| PB 0x00000000eed00000| Complete 
| 238|0x00000000eee00000, 0x00000000eef00000, 0x00000000eef00000|100%| E|CS|TAMS 0x00000000eee00000| PB 0x00000000eee00000| Complete 
| 239|0x00000000eef00000, 0x00000000ef000000, 0x00000000ef000000|100%| E|CS|TAMS 0x00000000eef00000| PB 0x00000000eef00000| Complete 
| 240|0x00000000ef000000, 0x00000000ef100000, 0x00000000ef100000|100%| E|CS|TAMS 0x00000000ef000000| PB 0x00000000ef000000| Complete 
| 241|0x00000000ef100000, 0x00000000ef200000, 0x00000000ef200000|100%| E|CS|TAMS 0x00000000ef100000| PB 0x00000000ef100000| Complete 
| 242|0x00000000ef200000, 0x00000000ef300000, 0x00000000ef300000|100%| E|CS|TAMS 0x00000000ef200000| PB 0x00000000ef200000| Complete 
| 243|0x00000000ef300000, 0x00000000ef400000, 0x00000000ef400000|100%| E|CS|TAMS 0x00000000ef300000| PB 0x00000000ef300000| Complete 
| 244|0x00000000ef400000, 0x00000000ef500000, 0x00000000ef500000|100%| E|CS|TAMS 0x00000000ef400000| PB 0x00000000ef400000| Complete 
| 245|0x00000000ef500000, 0x00000000ef600000, 0x00000000ef600000|100%| E|CS|TAMS 0x00000000ef500000| PB 0x00000000ef500000| Complete 
| 246|0x00000000ef600000, 0x00000000ef700000, 0x00000000ef700000|100%| E|CS|TAMS 0x00000000ef600000| PB 0x00000000ef600000| Complete 
| 247|0x00000000ef700000, 0x00000000ef800000, 0x00000000ef800000|100%| E|CS|TAMS 0x00000000ef700000| PB 0x00000000ef700000| Complete 
| 248|0x00000000ef800000, 0x00000000ef900000, 0x00000000ef900000|100%| E|CS|TAMS 0x00000000ef800000| PB 0x00000000ef800000| Complete 
| 249|0x00000000ef900000, 0x00000000efa00000, 0x00000000efa00000|100%| E|CS|TAMS 0x00000000ef900000| PB 0x00000000ef900000| Complete 
| 250|0x00000000efa00000, 0x00000000efb00000, 0x00000000efb00000|100%| E|CS|TAMS 0x00000000efa00000| PB 0x00000000efa00000| Complete 
| 251|0x00000000efb00000, 0x00000000efc00000, 0x00000000efc00000|100%| E|CS|TAMS 0x00000000efb00000| PB 0x00000000efb00000| Complete 
| 252|0x00000000efc00000, 0x00000000efd00000, 0x00000000efd00000|100%| E|CS|TAMS 0x00000000efc00000| PB 0x00000000efc00000| Complete 
| 253|0x00000000efd00000, 0x00000000efe00000, 0x00000000efe00000|100%| E|CS|TAMS 0x00000000efd00000| PB 0x00000000efd00000| Complete 
| 254|0x00000000efe00000, 0x00000000eff00000, 0x00000000eff00000|100%| E|CS|TAMS 0x00000000efe00000| PB 0x00000000efe00000| Complete 
| 255|0x00000000eff00000, 0x00000000f0000000, 0x00000000f0000000|100%| E|CS|TAMS 0x00000000eff00000| PB 0x00000000eff00000| Complete 

Card table byte_map: [0x000002a019920000,0x000002a019a20000] _byte_map_base: 0x000002a019220000

Marking Bits: (CMBitMap*) 0x000002a07fcc6400
 Bits: [0x000002a019a20000, 0x000002a01a220000)

Polling page: 0x000002a07fd60000

Metaspace:

Usage:
  Non-class:     37.69 MB used.
      Class:      6.23 MB used.
       Both:     43.92 MB used.

Virtual space:
  Non-class space:       64.00 MB reserved,      38.50 MB ( 60%) committed,  1 nodes.
      Class space:      320.00 MB reserved,       6.94 MB (  2%) committed,  1 nodes.
             Both:      384.00 MB reserved,      45.44 MB ( 12%) committed. 

Chunk freelists:
   Non-Class:  9.36 MB
       Class:  9.01 MB
        Both:  18.36 MB

MaxMetaspaceSize: 384.00 MB
CompressedClassSpaceSize: 320.00 MB
Initial GC threshold: 21.00 MB
Current GC threshold: 59.00 MB
CDS: on
 - commit_granule_bytes: 65536.
 - commit_granule_words: 8192.
 - virtual_space_node_default_size: 8388608.
 - enlarge_chunks_in_place: 1.
 - use_allocation_guard: 0.


Internal statistics:

num_allocs_failed_limit: 6.
num_arena_births: 2712.
num_arena_deaths: 0.
num_vsnodes_births: 2.
num_vsnodes_deaths: 0.
num_space_committed: 727.
num_space_uncommitted: 0.
num_chunks_returned_to_freelist: 6.
num_chunks_taken_from_freelist: 4797.
num_chunk_merges: 6.
num_chunk_splits: 3116.
num_chunks_enlarged: 1894.
num_inconsistent_stats: 0.

CodeHeap 'non-profiled nmethods': size=119168Kb used=2910Kb max_used=2910Kb free=116257Kb
 bounds [0x000002a0115f0000, 0x000002a0118d0000, 0x000002a018a50000]
CodeHeap 'profiled nmethods': size=119104Kb used=9719Kb max_used=9867Kb free=109384Kb
 bounds [0x000002a009a50000, 0x000002a00a410000, 0x000002a010ea0000]
CodeHeap 'non-nmethods': size=7488Kb used=2701Kb max_used=2743Kb free=4786Kb
 bounds [0x000002a010ea0000, 0x000002a011160000, 0x000002a0115f0000]
CodeCache: size=245760Kb, used=15330Kb, max_used=15520Kb, free=230427Kb
 total_blobs=5775, nmethods=4937, adapters=742, full_count=0
Compilation: enabled, stopped_count=0, restarted_count=0

Compilation events (20 events):
Event: 111.665 Thread 0x000002a01d259ac0 5484       3       org.objectweb.asm.ClassReader::readConst (276 bytes)
Event: 111.666 Thread 0x000002a01d259ac0 nmethod 5484 0x000002a009bd7d90 code [0x000002a009bd8240, 0x000002a009bd9e60]
Event: 111.669 Thread 0x000002a01d259ac0 5485       3       com.google.common.cache.LocalCache$Segment::drainRecencyQueue (45 bytes)
Event: 111.669 Thread 0x000002a01d259ac0 nmethod 5485 0x000002a009ccf490 code [0x000002a009ccf680, 0x000002a009ccfc68]
Event: 111.669 Thread 0x000002a01d259ac0 5486       1       com.google.common.cache.LocalCache$2::offer (2 bytes)
Event: 111.669 Thread 0x000002a01d259ac0 nmethod 5486 0x000002a011798a10 code [0x000002a011798ba0, 0x000002a011798c68]
Event: 111.675 Thread 0x000002a01d221850 nmethod 5482 0x000002a011797810 code [0x000002a011797a00, 0x000002a0117984b8]
Event: 111.676 Thread 0x000002a01d221850 5483       4       org.objectweb.asm.SymbolTable::addConstantMemberReference (147 bytes)
Event: 111.689 Thread 0x000002a01d259ac0 5487       3       jdk.internal.org.objectweb.asm.Type::getInternalName (16 bytes)
Event: 111.689 Thread 0x000002a01d259ac0 nmethod 5487 0x000002a009ccf090 code [0x000002a009ccf240, 0x000002a009ccf390]
Event: 111.691 Thread 0x000002a01d259ac0 5488       3       java.util.TreeMap::getFirstEntry (26 bytes)
Event: 111.692 Thread 0x000002a01d259ac0 nmethod 5488 0x000002a009ccec10 code [0x000002a009ccedc0, 0x000002a009ccefa8]
Event: 111.692 Thread 0x000002a01d259ac0 5489       3       java.util.TreeMap$PrivateEntryIterator::<init> (28 bytes)
Event: 111.692 Thread 0x000002a01d259ac0 nmethod 5489 0x000002a009cce710 code [0x000002a009cce8c0, 0x000002a009cceb20]
Event: 111.692 Thread 0x000002a01d259ac0 5491       3       org.gradle.internal.instantiation.generator.AbstractClassGenerator$ClassGenerationHandler::hasFields (1 bytes)
Event: 111.692 Thread 0x000002a01d259ac0 nmethod 5491 0x000002a009cce410 code [0x000002a009cce5a0, 0x000002a009cce6a8]
Event: 111.692 Thread 0x000002a01d259ac0 5492       3       org.gradle.model.internal.asm.MethodVisitorScope::_GOTO (9 bytes)
Event: 111.693 Thread 0x000002a01d259ac0 nmethod 5492 0x000002a009ccdf10 code [0x000002a009cce0c0, 0x000002a009cce330]
Event: 111.695 Thread 0x000002a01d259ac0 5493       3       com.google.common.base.Preconditions::checkState (17 bytes)
Event: 111.695 Thread 0x000002a01d259ac0 nmethod 5493 0x000002a009ccd810 code [0x000002a009ccd9e0, 0x000002a009ccdda8]

GC Heap History (14 events):
Event: 0.729 GC heap before
{Heap before GC invocations=0 (full 0):
 garbage-first heap   total 262144K, used 22528K [0x00000000e0000000, 0x0000000100000000)
  region size 1024K, 23 young (23552K), 0 survivors (0K)
 Metaspace       used 1071K, committed 1216K, reserved 393216K
  class space    used 80K, committed 128K, reserved 327680K
}
Event: 0.826 GC heap after
{Heap after GC invocations=1 (full 0):
 garbage-first heap   total 262144K, used 1717K [0x00000000e0000000, 0x0000000100000000)
  region size 1024K, 2 young (2048K), 2 survivors (2048K)
 Metaspace       used 1071K, committed 1216K, reserved 393216K
  class space    used 80K, committed 128K, reserved 327680K
}
Event: 2.389 GC heap before
{Heap before GC invocations=1 (full 0):
 garbage-first heap   total 262144K, used 40629K [0x00000000e0000000, 0x0000000100000000)
  region size 1024K, 38 young (38912K), 2 survivors (2048K)
 Metaspace       used 4480K, committed 4672K, reserved 393216K
  class space    used 559K, committed 640K, reserved 327680K
}
Event: 2.399 GC heap after
{Heap after GC invocations=2 (full 0):
 garbage-first heap   total 262144K, used 11089K [0x00000000e0000000, 0x0000000100000000)
  region size 1024K, 5 young (5120K), 5 survivors (5120K)
 Metaspace       used 4480K, committed 4672K, reserved 393216K
  class space    used 559K, committed 640K, reserved 327680K
}
Event: 4.750 GC heap before
{Heap before GC invocations=2 (full 0):
 garbage-first heap   total 262144K, used 63313K [0x00000000e0000000, 0x0000000100000000)
  region size 1024K, 55 young (56320K), 5 survivors (5120K)
 Metaspace       used 5741K, committed 6016K, reserved 393216K
  class space    used 767K, committed 896K, reserved 327680K
}
Event: 4.794 GC heap after
{Heap after GC invocations=3 (full 0):
 garbage-first heap   total 262144K, used 17157K [0x00000000e0000000, 0x0000000100000000)
  region size 1024K, 6 young (6144K), 6 survivors (6144K)
 Metaspace       used 5741K, committed 6016K, reserved 393216K
  class space    used 767K, committed 896K, reserved 327680K
}
Event: 53.802 GC heap before
{Heap before GC invocations=3 (full 0):
 garbage-first heap   total 262144K, used 108293K [0x00000000e0000000, 0x0000000100000000)
  region size 1024K, 96 young (98304K), 6 survivors (6144K)
 Metaspace       used 20869K, committed 21504K, reserved 393216K
  class space    used 3013K, committed 3328K, reserved 327680K
}
Event: 54.109 GC heap after
{Heap after GC invocations=4 (full 0):
 garbage-first heap   total 262144K, used 23732K [0x00000000e0000000, 0x0000000100000000)
  region size 1024K, 12 young (12288K), 12 survivors (12288K)
 Metaspace       used 20869K, committed 21504K, reserved 393216K
  class space    used 3013K, committed 3328K, reserved 327680K
}
Event: 66.268 GC heap before
{Heap before GC invocations=5 (full 0):
 garbage-first heap   total 262144K, used 56500K [0x00000000e0000000, 0x0000000100000000)
  region size 1024K, 44 young (45056K), 12 survivors (12288K)
 Metaspace       used 25035K, committed 25984K, reserved 393216K
  class space    used 3688K, committed 4160K, reserved 327680K
}
Event: 66.342 GC heap after
{Heap after GC invocations=6 (full 0):
 garbage-first heap   total 262144K, used 26057K [0x00000000e0000000, 0x0000000100000000)
  region size 1024K, 3 young (3072K), 3 survivors (3072K)
 Metaspace       used 25035K, committed 25984K, reserved 393216K
  class space    used 3688K, committed 4160K, reserved 327680K
}
Event: 103.930 GC heap before
{Heap before GC invocations=6 (full 0):
 garbage-first heap   total 262144K, used 100809K [0x00000000e0000000, 0x0000000100000000)
  region size 1024K, 78 young (79872K), 3 survivors (3072K)
 Metaspace       used 35089K, committed 36160K, reserved 393216K
  class space    used 4981K, committed 5504K, reserved 327680K
}
Event: 104.040 GC heap after
{Heap after GC invocations=7 (full 0):
 garbage-first heap   total 262144K, used 32071K [0x00000000e0000000, 0x0000000100000000)
  region size 1024K, 9 young (9216K), 9 survivors (9216K)
 Metaspace       used 35089K, committed 36160K, reserved 393216K
  class space    used 4981K, committed 5504K, reserved 327680K
}
Event: 108.325 GC heap before
{Heap before GC invocations=8 (full 0):
 garbage-first heap   total 262144K, used 62791K [0x00000000e0000000, 0x0000000100000000)
  region size 1024K, 39 young (39936K), 9 survivors (9216K)
 Metaspace       used 38217K, committed 39552K, reserved 393216K
  class space    used 5508K, committed 6144K, reserved 327680K
}
Event: 108.333 GC heap after
{Heap after GC invocations=9 (full 0):
 garbage-first heap   total 262144K, used 33928K [0x00000000e0000000, 0x0000000100000000)
  region size 1024K, 3 young (3072K), 3 survivors (3072K)
 Metaspace       used 38217K, committed 39552K, reserved 393216K
  class space    used 5508K, committed 6144K, reserved 327680K
}

Dll operation events (15 events):
Event: 0.015 Loaded shared library C:\Program Files\Microsoft\jdk-21.0.8.9-hotspot\bin\java.dll
Event: 0.109 Loaded shared library C:\Program Files\Microsoft\jdk-21.0.8.9-hotspot\bin\jsvml.dll
Event: 0.183 Loaded shared library C:\Program Files\Microsoft\jdk-21.0.8.9-hotspot\bin\zip.dll
Event: 0.186 Loaded shared library C:\Program Files\Microsoft\jdk-21.0.8.9-hotspot\bin\instrument.dll
Event: 0.191 Loaded shared library C:\Program Files\Microsoft\jdk-21.0.8.9-hotspot\bin\net.dll
Event: 0.193 Loaded shared library C:\Program Files\Microsoft\jdk-21.0.8.9-hotspot\bin\nio.dll
Event: 0.197 Loaded shared library C:\Program Files\Microsoft\jdk-21.0.8.9-hotspot\bin\zip.dll
Event: 0.681 Loaded shared library C:\Program Files\Microsoft\jdk-21.0.8.9-hotspot\bin\jimage.dll
Event: 1.177 Loaded shared library C:\Program Files\Microsoft\jdk-21.0.8.9-hotspot\bin\verify.dll
Event: 1.275 Loaded shared library C:\Users\Lilianna\.gradle\native\1def1411415f61bf3af743bc5b6707747c0891f09f0c88961ee8f79bc544acac\windows-amd64\native-platform.dll
Event: 1.422 Loaded shared library C:\Users\Lilianna\.gradle\native\0.2.7\x86_64-windows-gnu\gradle-fileevents.dll
Event: 4.896 Loaded shared library C:\Program Files\Microsoft\jdk-21.0.8.9-hotspot\bin\management.dll
Event: 4.937 Loaded shared library C:\Program Files\Microsoft\jdk-21.0.8.9-hotspot\bin\management_ext.dll
Event: 5.440 Loaded shared library C:\Program Files\Microsoft\jdk-21.0.8.9-hotspot\bin\extnet.dll
Event: 23.388 Loaded shared library C:\Program Files\Microsoft\jdk-21.0.8.9-hotspot\bin\sunmscapi.dll

Deoptimization events (20 events):
Event: 110.940 Thread 0x000002a01d2cb230 Uncommon trap: trap_request=0xffffffde fr.pc=0x000002a011855c84 relative=0x0000000000000244
Event: 110.940 Thread 0x000002a01d2cb230 Uncommon trap: reason=class_check action=maybe_recompile pc=0x000002a011855c84 method=jdk.internal.loader.URLClassPath.getResource(Ljava/lang/String;Z)Ljdk/internal/loader/Resource; @ 53 c2
Event: 110.940 Thread 0x000002a01d2cb230 DEOPT PACKING pc=0x000002a011855c84 sp=0x000000aa019f90b0
Event: 110.940 Thread 0x000002a01d2cb230 DEOPT UNPACKING pc=0x000002a010ef46a2 sp=0x000000aa019f9058 mode 2
Event: 110.940 Thread 0x000002a01d2cb230 Uncommon trap: trap_request=0xffffffde fr.pc=0x000002a011874c48 relative=0x0000000000000468
Event: 110.940 Thread 0x000002a01d2cb230 Uncommon trap: reason=class_check action=maybe_recompile pc=0x000002a011874c48 method=jdk.internal.loader.Resource.cachedInputStream()Ljava/io/InputStream; @ 9 c2
Event: 110.940 Thread 0x000002a01d2cb230 DEOPT PACKING pc=0x000002a011874c48 sp=0x000000aa019f8f80
Event: 110.940 Thread 0x000002a01d2cb230 DEOPT UNPACKING pc=0x000002a010ef46a2 sp=0x000000aa019f8f68 mode 2
Event: 111.402 Thread 0x000002a01d2cb230 Uncommon trap: trap_request=0xffffffc6 fr.pc=0x000002a0117f105c relative=0x00000000000002fc
Event: 111.402 Thread 0x000002a01d2cb230 Uncommon trap: reason=bimorphic_or_optimized_type_check action=maybe_recompile pc=0x000002a0117f105c method=com.google.common.base.CharMatcher.indexIn(Ljava/lang/CharSequence;I)I @ 31 c2
Event: 111.402 Thread 0x000002a01d2cb230 DEOPT PACKING pc=0x000002a0117f105c sp=0x000000aa019f84f0
Event: 111.402 Thread 0x000002a01d2cb230 DEOPT UNPACKING pc=0x000002a010ef46a2 sp=0x000000aa019f8498 mode 2
Event: 111.402 Thread 0x000002a01d2cb230 Uncommon trap: trap_request=0xffffffc6 fr.pc=0x000002a0117f105c relative=0x00000000000002fc
Event: 111.402 Thread 0x000002a01d2cb230 Uncommon trap: reason=bimorphic_or_optimized_type_check action=maybe_recompile pc=0x000002a0117f105c method=com.google.common.base.CharMatcher.indexIn(Ljava/lang/CharSequence;I)I @ 31 c2
Event: 111.402 Thread 0x000002a01d2cb230 DEOPT PACKING pc=0x000002a0117f105c sp=0x000000aa019f84f0
Event: 111.402 Thread 0x000002a01d2cb230 DEOPT UNPACKING pc=0x000002a010ef46a2 sp=0x000000aa019f8498 mode 2
Event: 111.634 Thread 0x000002a01d2cb230 Uncommon trap: trap_request=0xffffffc6 fr.pc=0x000002a0117f105c relative=0x00000000000002fc
Event: 111.634 Thread 0x000002a01d2cb230 Uncommon trap: reason=bimorphic_or_optimized_type_check action=maybe_recompile pc=0x000002a0117f105c method=com.google.common.base.CharMatcher.indexIn(Ljava/lang/CharSequence;I)I @ 31 c2
Event: 111.634 Thread 0x000002a01d2cb230 DEOPT PACKING pc=0x000002a0117f105c sp=0x000000aa019f9210
Event: 111.634 Thread 0x000002a01d2cb230 DEOPT UNPACKING pc=0x000002a010ef46a2 sp=0x000000aa019f91b8 mode 2

Classes loaded (20 events):
Event: 109.760 Loading class javax/naming/InvalidNameException
Event: 109.760 Loading class javax/naming/InvalidNameException done
Event: 109.760 Loading class javax/net/ssl/SSLPeerUnverifiedException
Event: 109.760 Loading class javax/net/ssl/SSLPeerUnverifiedException done
Event: 109.760 Loading class java/security/cert/CertificateParsingException
Event: 109.761 Loading class java/security/cert/CertificateException
Event: 109.761 Loading class java/security/cert/CertificateException done
Event: 109.761 Loading class java/security/cert/CertificateParsingException done
Event: 110.953 Loading class com/sun/beans/finder/MethodFinder
Event: 110.954 Loading class com/sun/beans/finder/AbstractFinder
Event: 110.954 Loading class com/sun/beans/finder/AbstractFinder done
Event: 110.954 Loading class com/sun/beans/finder/MethodFinder done
Event: 110.954 Loading class com/sun/beans/finder/MethodFinder$1
Event: 110.954 Loading class com/sun/beans/finder/MethodFinder$1 done
Event: 110.955 Loading class com/sun/beans/finder/FinderUtils
Event: 110.955 Loading class com/sun/beans/finder/FinderUtils done
Event: 111.138 Loading class sun/reflect/MagicAccessorImpl
Event: 111.138 Loading class sun/reflect/MagicAccessorImpl done
Event: 111.385 Loading class java/util/function/IntBinaryOperator
Event: 111.386 Loading class java/util/function/IntBinaryOperator done

Classes unloaded (0 events):
No events

Classes redefined (0 events):
No events

Internal exceptions (20 events):
Event: 108.283 Thread 0x000002a01d2cb230 Exception <a 'java/lang/NoSuchMethodError'{0x00000000ee4012d8}: 'java.lang.Object java.lang.invoke.DirectMethodHandle$Holder.invokeSpecial(java.lang.Object, java.lang.Object, java.lang.Object, java.lang.Object, java.lang.Object, java.lang.Object, java.lang.Object, java.lang.Object, java.lang.Object, java.lang.Object, java.lang.Object, java.lang.Object, java.lang.Object, java.lang.Object, java.lang.Object, java.lang.Object, java.lang.Object, java.lang.Object, java.lang.Object, java.lang.Object)'> (0x0000000
Event: 108.283 Thread 0x000002a01d2cb230 Exception <a 'java/lang/NoSuchMethodError'{0x00000000ee406878}: 'java.lang.Object java.lang.invoke.DelegatingMethodHandle$Holder.reinvoke_L(java.lang.Object, java.lang.Object, java.lang.Object, java.lang.Object, java.lang.Object, java.lang.Object, java.lang.Object, java.lang.Object, java.lang.Object, java.lang.Object, java.lang.Object, java.lang.Object, java.lang.Object, java.lang.Object, java.lang.Object, java.lang.Object, java.lang.Object, java.lang.Object, java.lang.Object)'> (0x00000000ee406878) 
throw
Event: 108.428 Thread 0x000002a01d2cb230 Implicit null exception at 0x000002a01181a3fc to 0x000002a01181a4b4
Event: 109.462 Thread 0x000002a01d2cb230 Exception <a 'java/lang/NoSuchMethodError'{0x00000000eeef1d58}: 'long java.lang.invoke.DirectMethodHandle$Holder.invokeStatic(java.lang.Object, long)'> (0x00000000eeef1d58) 
thrown [s\src\hotspot\share\interpreter\linkResolver.cpp, line 773]
Event: 109.722 Thread 0x000002a01d2cb230 Exception <a 'java/lang/NoSuchMethodError'{0x00000000ee70b5b0}: 'java.lang.Object java.lang.invoke.DirectMethodHandle$Holder.invokeVirtual(java.lang.Object, java.lang.Object, java.lang.Object, java.lang.Object, java.lang.Object, java.lang.Object, java.lang.Object, java.lang.Object, java.lang.Object, java.lang.Object, java.lang.Object, java.lang.Object, java.lang.Object, java.lang.Object, java.lang.Object, java.lang.Object, java.lang.Object)'> (0x00000000ee70b5b0) 
thrown [s\src\hotspot\share\interpreter\li
Event: 109.722 Thread 0x000002a01d2cb230 Exception <a 'java/lang/NoSuchMethodError'{0x00000000ee7115b8}: 'java.lang.Object java.lang.invoke.DirectMethodHandle$Holder.invokeSpecial(java.lang.Object, java.lang.Object, java.lang.Object, java.lang.Object, java.lang.Object, java.lang.Object, java.lang.Object, java.lang.Object, java.lang.Object, java.lang.Object, java.lang.Object, java.lang.Object, java.lang.Object, java.lang.Object, java.lang.Object, java.lang.Object, java.lang.Object, java.lang.Object)'> (0x00000000ee7115b8) 
thrown [s\src\hotspot\sh
Event: 109.722 Thread 0x000002a01d2cb230 Exception <a 'java/lang/NoSuchMethodError'{0x00000000ee716b10}: 'java.lang.Object java.lang.invoke.DelegatingMethodHandle$Holder.reinvoke_L(java.lang.Object, java.lang.Object, java.lang.Object, java.lang.Object, java.lang.Object, java.lang.Object, java.lang.Object, java.lang.Object, java.lang.Object, java.lang.Object, java.lang.Object, java.lang.Object, java.lang.Object, java.lang.Object, java.lang.Object, java.lang.Object, java.lang.Object)'> (0x00000000ee716b10) 
thrown [s\src\hotspot\share\interpreter\l
Event: 110.915 Thread 0x000002a01d2cb230 Exception <a 'java/lang/ClassNotFoundException'{0x00000000edb2cb40}: build_46b5rlfwezzv4t1gei1e0aqtrBeanInfo> (0x00000000edb2cb40) 
thrown [s\src\hotspot\share\classfile\systemDictionary.cpp, line 312]
Event: 110.915 Thread 0x000002a01d2cb230 Exception <a 'java/lang/ClassNotFoundException'{0x00000000edb36988}: org/gradle/api/internal/project/ProjectScriptBeanInfo> (0x00000000edb36988) 
thrown [s\src\hotspot\share\classfile\systemDictionary.cpp, line 312]
Event: 110.916 Thread 0x000002a01d2cb230 Exception <a 'java/lang/ClassNotFoundException'{0x00000000edb40920}: org/gradle/api/internal/project/ProjectScriptCustomizer> (0x00000000edb40920) 
thrown [s\src\hotspot\share\classfile\systemDictionary.cpp, line 312]
Event: 110.918 Thread 0x000002a01d2cb230 Exception <a 'java/lang/ClassNotFoundException'{0x00000000edb581d8}: build_46b5rlfwezzv4t1gei1e0aqtrCustomizer> (0x00000000edb581d8) 
thrown [s\src\hotspot\share\classfile\systemDictionary.cpp, line 312]
Event: 110.947 Thread 0x000002a01d2cb230 Exception <a 'java/lang/ClassNotFoundException'{0x00000000eda12428}: groovy/lang/Closure$1BeanInfo> (0x00000000eda12428) 
thrown [s\src\hotspot\share\classfile\systemDictionary.cpp, line 312]
Event: 110.948 Thread 0x000002a01d2cb230 Exception <a 'java/lang/ClassNotFoundException'{0x00000000eda20f60}: groovy/lang/ClosureBeanInfo> (0x00000000eda20f60) 
thrown [s\src\hotspot\share\classfile\systemDictionary.cpp, line 312]
Event: 110.949 Thread 0x000002a01d2cb230 Exception <a 'java/lang/ClassNotFoundException'{0x00000000eda2f0c0}: groovy/lang/ClosureCustomizer> (0x00000000eda2f0c0) 
thrown [s\src\hotspot\share\classfile\systemDictionary.cpp, line 312]
Event: 110.953 Thread 0x000002a01d2cb230 Exception <a 'java/lang/ClassNotFoundException'{0x00000000eda60cf8}: groovy/lang/Closure$1Customizer> (0x00000000eda60cf8) 
thrown [s\src\hotspot\share\classfile\systemDictionary.cpp, line 312]
Event: 111.333 Thread 0x000002a01d2cb230 Exception <a 'java/lang/ClassNotFoundException'{0x00000000ed796490}: org/gradle/internal/metaobject/ConfigureDelegateBeanInfo> (0x00000000ed796490) 
thrown [s\src\hotspot\share\classfile\systemDictionary.cpp, line 312]
Event: 111.334 Thread 0x000002a01d2cb230 Exception <a 'java/lang/ClassNotFoundException'{0x00000000ed7a4f70}: org/gradle/internal/metaobject/ConfigureDelegateCustomizer> (0x00000000ed7a4f70) 
thrown [s\src\hotspot\share\classfile\systemDictionary.cpp, line 312]
Event: 111.392 Thread 0x000002a01d2cb230 Exception <a 'java/lang/ClassNotFoundException'{0x00000000ed64f1e8}: org/gradle/plugin/use/internal/PluginRequestCollector$PluginDependenciesSpecImplBeanInfo> (0x00000000ed64f1e8) 
thrown [s\src\hotspot\share\classfile\systemDictionary.cpp, line 312]
Event: 111.393 Thread 0x000002a01d2cb230 Exception <a 'java/lang/ClassNotFoundException'{0x00000000ed65f448}: org/gradle/plugin/use/internal/PluginRequestCollector$PluginDependenciesSpecImplCustomizer> (0x00000000ed65f448) 
thrown [s\src\hotspot\share\classfile\systemDictionary.cpp, line 312]
Event: 111.398 Thread 0x000002a01d2cb230 Exception <a 'java/lang/NoSuchMethodError'{0x00000000ed66daa8}: 'java.lang.Object java.lang.invoke.DirectMethodHandle$Holder.invokeVirtual(java.lang.Object, java.lang.Object, java.lang.Object, int)'> (0x00000000ed66daa8) 
thrown [s\src\hotspot\share\interpreter\linkResolver.cpp, line 773]

ZGC Phase Switch (0 events):
No events

VM Operations (20 events):
Event: 105.181 Executing VM operation: Cleanup
Event: 105.210 Executing VM operation: Cleanup done
Event: 106.218 Executing VM operation: Cleanup
Event: 106.234 Executing VM operation: Cleanup done
Event: 107.247 Executing VM operation: Cleanup
Event: 107.247 Executing VM operation: Cleanup done
Event: 108.247 Executing VM operation: Cleanup
Event: 108.281 Executing VM operation: Cleanup done
Event: 108.324 Executing VM operation: G1CollectForAllocation (G1 Evacuation Pause)
Event: 108.333 Executing VM operation: G1CollectForAllocation (G1 Evacuation Pause) done
Event: 108.721 Executing VM operation: HandshakeAllThreads (Deoptimize)
Event: 108.722 Executing VM operation: HandshakeAllThreads (Deoptimize) done
Event: 109.529 Executing VM operation: HandshakeAllThreads (Deoptimize)
Event: 109.529 Executing VM operation: HandshakeAllThreads (Deoptimize) done
Event: 109.529 Executing VM operation: Cleanup
Event: 109.530 Executing VM operation: Cleanup done
Event: 110.539 Executing VM operation: Cleanup
Event: 110.540 Executing VM operation: Cleanup done
Event: 111.553 Executing VM operation: Cleanup
Event: 111.568 Executing VM operation: Cleanup done

Memory protections (0 events):
No events

Nmethod flushes (20 events):
Event: 104.171 Thread 0x000002a01d1f23b0 flushing  nmethod 0x000002a009b62090
Event: 104.171 Thread 0x000002a01d1f23b0 flushing  nmethod 0x000002a009b62e90
Event: 104.171 Thread 0x000002a01d1f23b0 flushing  nmethod 0x000002a009b63d90
Event: 104.171 Thread 0x000002a01d1f23b0 flushing  nmethod 0x000002a009b66610
Event: 104.171 Thread 0x000002a01d1f23b0 flushing  nmethod 0x000002a009b67010
Event: 104.171 Thread 0x000002a01d1f23b0 flushing  nmethod 0x000002a009b67d90
Event: 104.171 Thread 0x000002a01d1f23b0 flushing  nmethod 0x000002a009b68290
Event: 104.171 Thread 0x000002a01d1f23b0 flushing  nmethod 0x000002a009b68690
Event: 104.171 Thread 0x000002a01d1f23b0 flushing  nmethod 0x000002a009cb0590
Event: 104.171 Thread 0x000002a01d1f23b0 flushing  nmethod 0x000002a009cc5190
Event: 104.171 Thread 0x000002a01d1f23b0 flushing  nmethod 0x000002a009cca690
Event: 104.171 Thread 0x000002a01d1f23b0 flushing  nmethod 0x000002a009ccab90
Event: 104.171 Thread 0x000002a01d1f23b0 flushing  nmethod 0x000002a009e11010
Event: 104.171 Thread 0x000002a01d1f23b0 flushing  nmethod 0x000002a009e15c10
Event: 104.171 Thread 0x000002a01d1f23b0 flushing  nmethod 0x000002a009e17610
Event: 104.171 Thread 0x000002a01d1f23b0 flushing  nmethod 0x000002a009e1c810
Event: 104.171 Thread 0x000002a01d1f23b0 flushing  nmethod 0x000002a009ea9590
Event: 104.171 Thread 0x000002a01d1f23b0 flushing  nmethod 0x000002a009eac710
Event: 104.171 Thread 0x000002a01d1f23b0 flushing  nmethod 0x000002a009f84a10
Event: 104.171 Thread 0x000002a01d1f23b0 flushing  nmethod 0x000002a00a0ad710

Events (20 events):
Event: 24.652 Thread 0x000002a037100090 Thread added: 0x000002a037f38180
Event: 42.431 Thread 0x000002a037100090 Thread added: 0x000002a01d2cb230
Event: 42.614 Thread 0x000002a01d2cb230 Thread added: 0x000002a037edb420
Event: 42.632 Thread 0x000002a01d2cb230 Thread added: 0x000002a01d70fc30
Event: 42.655 Thread 0x000002a01d2cb230 Thread added: 0x000002a01d70e880
Event: 45.453 Thread 0x000002a01d2cb230 Thread added: 0x000002a01d70db60
Event: 45.567 Thread 0x000002a01d2cb230 Thread added: 0x000002a01d7102c0
Event: 47.243 Thread 0x000002a01d7102c0 Thread added: 0x000002a01d710950
Event: 47.409 Thread 0x000002a01d2cb230 Thread added: 0x000002a01d70d4d0
Event: 59.406 Thread 0x000002a01d2cb230 Thread added: 0x000002a01d70e1f0
Event: 60.148 Thread 0x000002a01d2cb230 Thread added: 0x000002a01d70f5a0
Event: 65.380 Thread 0x000002a01d2cb230 Thread added: 0x000002a0372427c0
Event: 65.422 Thread 0x000002a01d2cb230 Thread added: 0x000002a037240060
Event: 97.123 Thread 0x000002a01d2cb230 Thread added: 0x000002a037240d80
Event: 99.568 Thread 0x000002a01d2cb230 Thread added: 0x000002a037241410
Event: 103.043 Thread 0x000002a01d2cb230 Thread added: 0x000002a037242130
Event: 103.243 Thread 0x000002a01d2cb230 Thread added: 0x000002a037241aa0
Event: 107.465 Thread 0x000002a01d2cb230 Thread added: 0x000002a037242e50
Event: 107.836 Thread 0x000002a01d2cb230 Thread added: 0x000002a0372434e0
Event: 110.849 Thread 0x000002a01d2cb230 Thread added: 0x000002a0372406f0


Dynamic libraries:
0x00007ff7a1560000 - 0x00007ff7a156e000 	C:\Program Files\Microsoft\jdk-21.0.8.9-hotspot\bin\java.exe
0x00007ffc90770000 - 0x00007ffc90968000 	C:\Windows\SYSTEM32\ntdll.dll
0x00007ffc8e8d0000 - 0x00007ffc8e992000 	C:\Windows\System32\KERNEL32.DLL
0x00007ffc8e220000 - 0x00007ffc8e516000 	C:\Windows\System32\KERNELBASE.dll
0x00007ffc8dfd0000 - 0x00007ffc8e0d0000 	C:\Windows\System32\ucrtbase.dll
0x00007ffc876b0000 - 0x00007ffc876c8000 	C:\Program Files\Microsoft\jdk-21.0.8.9-hotspot\bin\jli.dll
0x00007ffc8fcf0000 - 0x00007ffc8fe8d000 	C:\Windows\System32\USER32.dll
0x00007ffc8e150000 - 0x00007ffc8e172000 	C:\Windows\System32\win32u.dll
0x00007ffc8e8a0000 - 0x00007ffc8e8cb000 	C:\Windows\System32\GDI32.dll
0x00007ffc8e650000 - 0x00007ffc8e769000 	C:\Windows\System32\gdi32full.dll
0x00007ffc867f0000 - 0x00007ffc8680e000 	C:\Program Files\Microsoft\jdk-21.0.8.9-hotspot\bin\VCRUNTIME140.dll
0x00007ffc8e180000 - 0x00007ffc8e21d000 	C:\Windows\System32\msvcp_win.dll
0x00007ffc76f40000 - 0x00007ffc771db000 	C:\Windows\WinSxS\amd64_microsoft.windows.common-controls_6595b64144ccf1df_6.0.19041.6280_none_60bc30a171f2f3f3\COMCTL32.dll
0x00007ffc90110000 - 0x00007ffc901ae000 	C:\Windows\System32\msvcrt.dll
0x00007ffc8f150000 - 0x00007ffc8f17f000 	C:\Windows\System32\IMM32.DLL
0x00007ffc87a00000 - 0x00007ffc87a0c000 	C:\Program Files\Microsoft\jdk-21.0.8.9-hotspot\bin\vcruntime140_1.dll
0x00007ffc5aa00000 - 0x00007ffc5aa89000 	C:\Program Files\Microsoft\jdk-21.0.8.9-hotspot\bin\msvcp140.dll
0x00007ffbe3040000 - 0x00007ffbe3dec000 	C:\Program Files\Microsoft\jdk-21.0.8.9-hotspot\bin\server\jvm.dll
0x00007ffc8ec60000 - 0x00007ffc8ed11000 	C:\Windows\System32\ADVAPI32.dll
0x00007ffc8f2f0000 - 0x00007ffc8f38f000 	C:\Windows\System32\sechost.dll
0x00007ffc8f3b0000 - 0x00007ffc8f4d0000 	C:\Windows\System32\RPCRT4.dll
0x00007ffc8e5d0000 - 0x00007ffc8e5f7000 	C:\Windows\System32\bcrypt.dll
0x00007ffc8ff70000 - 0x00007ffc8ffdb000 	C:\Windows\System32\WS2_32.dll
0x00007ffc8d340000 - 0x00007ffc8d38b000 	C:\Windows\SYSTEM32\POWRPROF.dll
0x00007ffc80920000 - 0x00007ffc80947000 	C:\Windows\SYSTEM32\WINMM.dll
0x00007ffc847a0000 - 0x00007ffc847aa000 	C:\Windows\SYSTEM32\VERSION.dll
0x00007ffc8d1a0000 - 0x00007ffc8d1b2000 	C:\Windows\SYSTEM32\UMPDC.dll
0x00007ffc8c5c0000 - 0x00007ffc8c5d2000 	C:\Windows\SYSTEM32\kernel.appcore.dll
0x00007ffc876a0000 - 0x00007ffc876aa000 	C:\Program Files\Microsoft\jdk-21.0.8.9-hotspot\bin\jimage.dll
0x00007ffc8c290000 - 0x00007ffc8c491000 	C:\Windows\SYSTEM32\DBGHELP.DLL
0x00007ffc7aae0000 - 0x00007ffc7ab14000 	C:\Windows\SYSTEM32\dbgcore.DLL
0x00007ffc8dde0000 - 0x00007ffc8de62000 	C:\Windows\System32\bcryptPrimitives.dll
0x00007ffc5a580000 - 0x00007ffc5a590000 	C:\Program Files\Microsoft\jdk-21.0.8.9-hotspot\bin\instrument.dll
0x00007ffc84530000 - 0x00007ffc84551000 	C:\Program Files\Microsoft\jdk-21.0.8.9-hotspot\bin\java.dll
0x00007ffc8f580000 - 0x00007ffc8fcf0000 	C:\Windows\System32\SHELL32.dll
0x00007ffc8ba10000 - 0x00007ffc8c1b5000 	C:\Windows\SYSTEM32\windows.storage.dll
0x00007ffc8edf0000 - 0x00007ffc8f143000 	C:\Windows\System32\combase.dll
0x00007ffc8d730000 - 0x00007ffc8d75b000 	C:\Windows\SYSTEM32\Wldp.dll
0x00007ffc8f220000 - 0x00007ffc8f2ed000 	C:\Windows\System32\OLEAUT32.dll
0x00007ffc8f4d0000 - 0x00007ffc8f57d000 	C:\Windows\System32\SHCORE.dll
0x00007ffc8ed20000 - 0x00007ffc8ed7b000 	C:\Windows\System32\shlwapi.dll
0x00007ffc8dd10000 - 0x00007ffc8dd34000 	C:\Windows\SYSTEM32\profapi.dll
0x00007ffc5a920000 - 0x00007ffc5a9f6000 	C:\Program Files\Microsoft\jdk-21.0.8.9-hotspot\bin\jsvml.dll
0x00007ffc84480000 - 0x00007ffc84498000 	C:\Program Files\Microsoft\jdk-21.0.8.9-hotspot\bin\zip.dll
0x00007ffc845d0000 - 0x00007ffc845e1000 	C:\Program Files\Microsoft\jdk-21.0.8.9-hotspot\bin\net.dll
0x00007ffc89cd0000 - 0x00007ffc89dda000 	C:\Windows\SYSTEM32\WINHTTP.dll
0x00007ffc8d510000 - 0x00007ffc8d57a000 	C:\Windows\system32\mswsock.dll
0x00007ffc844a0000 - 0x00007ffc844b6000 	C:\Program Files\Microsoft\jdk-21.0.8.9-hotspot\bin\nio.dll
0x00007ffc842e0000 - 0x00007ffc842f0000 	C:\Program Files\Microsoft\jdk-21.0.8.9-hotspot\bin\verify.dll
0x00007ffc5a8e0000 - 0x00007ffc5a907000 	C:\Users\Lilianna\.gradle\native\1def1411415f61bf3af743bc5b6707747c0891f09f0c88961ee8f79bc544acac\windows-amd64\native-platform.dll
0x00007ffc587d0000 - 0x00007ffc58848000 	C:\Users\Lilianna\.gradle\native\0.2.7\x86_64-windows-gnu\gradle-fileevents.dll
0x00007ffc69f10000 - 0x00007ffc69f1a000 	C:\Program Files\Microsoft\jdk-21.0.8.9-hotspot\bin\management.dll
0x00007ffc5a910000 - 0x00007ffc5a91c000 	C:\Program Files\Microsoft\jdk-21.0.8.9-hotspot\bin\management_ext.dll
0x00007ffc8e890000 - 0x00007ffc8e898000 	C:\Windows\System32\PSAPI.DLL
0x00007ffc8d1c0000 - 0x00007ffc8d1fb000 	C:\Windows\SYSTEM32\IPHLPAPI.DLL
0x00007ffc8ed80000 - 0x00007ffc8ed88000 	C:\Windows\System32\NSI.dll
0x00007ffc5a8c0000 - 0x00007ffc5a8c9000 	C:\Program Files\Microsoft\jdk-21.0.8.9-hotspot\bin\extnet.dll
0x00007ffc8d770000 - 0x00007ffc8d788000 	C:\Windows\SYSTEM32\CRYPTSP.dll
0x00007ffc8cde0000 - 0x00007ffc8ce18000 	C:\Windows\system32\rsaenh.dll
0x00007ffc8dc90000 - 0x00007ffc8dcbe000 	C:\Windows\SYSTEM32\USERENV.dll
0x00007ffc8d6a0000 - 0x00007ffc8d6ac000 	C:\Windows\SYSTEM32\CRYPTBASE.dll
0x00007ffc59d40000 - 0x00007ffc59d4e000 	C:\Program Files\Microsoft\jdk-21.0.8.9-hotspot\bin\sunmscapi.dll
0x00007ffc8de70000 - 0x00007ffc8dfcd000 	C:\Windows\System32\CRYPT32.dll
0x00007ffc8d880000 - 0x00007ffc8d8a7000 	C:\Windows\SYSTEM32\ncrypt.dll
0x00007ffc8d840000 - 0x00007ffc8d87b000 	C:\Windows\SYSTEM32\NTASN1.dll
0x00007ffc5bc70000 - 0x00007ffc5bc77000 	C:\Windows\system32\wshunix.dll

JVMTI agents:
C:\Users\Lilianna\.gradle\wrapper\dists\gradle-8.14-bin\38aieal9i53h9rfe7vjup95b9\gradle-8.14\lib\agents\gradle-instrumentation-agent-8.14.jar path:C:\Program Files\Microsoft\jdk-21.0.8.9-hotspot\bin\instrument.dll, loaded, initialized, instrumentlib options:none

dbghelp: loaded successfully - version: 4.0.5 - missing functions: none
symbol engine: initialized successfully - sym options: 0x614 - pdb path: .;C:\Program Files\Microsoft\jdk-21.0.8.9-hotspot\bin;C:\Windows\SYSTEM32;C:\Windows\WinSxS\amd64_microsoft.windows.common-controls_6595b64144ccf1df_6.0.19041.6280_none_60bc30a171f2f3f3;C:\Program Files\Microsoft\jdk-21.0.8.9-hotspot\bin\server;C:\Users\Lilianna\.gradle\native\1def1411415f61bf3af743bc5b6707747c0891f09f0c88961ee8f79bc544acac\windows-amd64;C:\Users\Lilianna\.gradle\native\0.2.7\x86_64-windows-gnu

VM Arguments:
jvm_args: --add-opens=java.base/java.lang=ALL-UNNAMED --add-opens=java.base/java.lang.invoke=ALL-UNNAMED --add-opens=java.base/java.util=ALL-UNNAMED --add-opens=java.prefs/java.util.prefs=ALL-UNNAMED --add-exports=jdk.compiler/com.sun.tools.javac.api=ALL-UNNAMED --add-exports=jdk.compiler/com.sun.tools.javac.util=ALL-UNNAMED --add-opens=java.base/java.util=ALL-UNNAMED --add-opens=java.prefs/java.util.prefs=ALL-UNNAMED --add-opens=java.base/java.nio.charset=ALL-UNNAMED --add-opens=java.base/java.net=ALL-UNNAMED --add-opens=java.base/java.util.concurrent.atomic=ALL-UNNAMED --add-opens=java.xml/javax.xml.namespace=ALL-UNNAMED -XX:MaxMetaspaceSize=384m -XX:+HeapDumpOnOutOfMemoryError -Xms256m -Xmx512m -Dfile.encoding=UTF-8 -Duser.country=RU -Duser.language=ru -Duser.variant -javaagent:C:\Users\Lilianna\.gradle\wrapper\dists\gradle-8.14-bin\38aieal9i53h9rfe7vjup95b9\gradle-8.14\lib\agents\gradle-instrumentation-agent-8.14.jar 
java_command: org.gradle.launcher.daemon.bootstrap.GradleDaemon 8.14
java_class_path (initial): C:\Users\Lilianna\.gradle\wrapper\dists\gradle-8.14-bin\38aieal9i53h9rfe7vjup95b9\gradle-8.14\lib\gradle-daemon-main-8.14.jar
Launcher Type: SUN_STANDARD

[Global flags]
     intx CICompilerCount                          = 12                                        {product} {ergonomic}
   size_t CompressedClassSpaceSize                 = 335544320                                 {product} {ergonomic}
     uint ConcGCThreads                            = 3                                         {product} {ergonomic}
     uint G1ConcRefinementThreads                  = 13                                        {product} {ergonomic}
   size_t G1HeapRegionSize                         = 1048576                                   {product} {ergonomic}
    uintx GCDrainStackTargetSize                   = 64                                        {product} {ergonomic}
     bool HeapDumpOnOutOfMemoryError               = true                                   {manageable} {command line}
   size_t InitialHeapSize                          = 268435456                                 {product} {command line}
   size_t MarkStackSize                            = 4194304                                   {product} {ergonomic}
   size_t MaxHeapSize                              = 536870912                                 {product} {command line}
   size_t MaxMetaspaceSize                         = 402653184                                 {product} {command line}
   size_t MaxNewSize                               = 321912832                                 {product} {ergonomic}
   size_t MinHeapDeltaBytes                        = 1048576                                   {product} {ergonomic}
   size_t MinHeapSize                              = 268435456                                 {product} {command line}
    uintx NonNMethodCodeHeapSize                   = 7602480                                {pd product} {ergonomic}
    uintx NonProfiledCodeHeapSize                  = 122027880                              {pd product} {ergonomic}
    uintx ProfiledCodeHeapSize                     = 122027880                              {pd product} {ergonomic}
    uintx ReservedCodeCacheSize                    = 251658240                              {pd product} {ergonomic}
     bool SegmentedCodeCache                       = true                                      {product} {ergonomic}
   size_t SoftMaxHeapSize                          = 536870912                              {manageable} {ergonomic}
     bool UseCompressedOops                        = true                           {product lp64_product} {ergonomic}
     bool UseG1GC                                  = true                                      {product} {ergonomic}
     bool UseLargePagesIndividualAllocation        = false                                  {pd product} {ergonomic}

Logging:
Log output configuration:
 #0: stdout all=warning uptime,level,tags foldmultilines=false
 #1: stderr all=off uptime,level,tags foldmultilines=false

Environment Variables:
JAVA_HOME=C:\Program Files\Microsoft\jdk-21.0.8.9-hotspot\
PATH=C:\Program Files\Microsoft\jdk-21.0.8.9-hotspot\bin;C:\Program Files\NVIDIA GPU Computing Toolkit\CUDA\v12.9\bin;C:\Program Files\NVIDIA GPU Computing Toolkit\CUDA\v12.9\libnvvp;C:\Program Files\NVIDIA GPU Computing Toolkit\CUDA\v10.0\bin;C:\Program Files\NVIDIA GPU Computing Toolkit\CUDA\v10.0\libnvvp;C:\Program Files\NVIDIA GPU Computing Toolkit\CUDA\v12.6\bin;C:\Program Files\NVIDIA GPU Computing Toolkit\CUDA\v12.6\libnvvp;C:\Program Files (x86)\Common Files\Oracle\Java\javapath;C:\Windows\system32;C:\Windows;C:\Windows\System32\Wbem;C:\Windows\System32\WindowsPowerShell\v1.0\;C:\Windows\System32\OpenSSH\;C:\Program Files (x86)\NVIDIA Corporation\PhysX\Common;C:\Program Files\NVIDIA Corporation\NVIDIA NvDLISR;C:\Program Files\dotnet\;C:\Program Files\Git\cmd;C:\Program Files (x86)\GitExtensions\;C:\Program Files\Microsoft SQL Server\150\Tools\Binn\;C:\Program Files\Microsoft SQL Server\Client SDK\ODBC\170\Tools\Binn\;C:\Program Files (x86)\Windows Kits\10\Windows Performance Toolkit\;C:\Users\Lilianna\AppData\Local\Programs\Python\Launcher\;C:\Users\Lilianna\AppData\Local\Microsoft\WindowsApps;C:\Users\Lilianna\AppData\Local\Programs\Microsoft VS Code\bin;C:\ghcup\bin;C:\ProgramDa;C:\Program Files\CMake\bin;C:\Program Files\NVIDIA Corporation\Nsight Compute 2025.2.0\;C:\Program Files\NVIDIA Corporation\NVIDIA App\NvDLISR;C:\Program Files\Docker\Docker\resources\bin;C:\Program Files\nodejs\;C:\Program Files\NVIDIA GPU Computing Toolkit\CUDA\v12.9\bin;C:\Program Files\NVIDIA GPU Computing Toolkit\CUDA\v12.9\libnvvp;C:\Program Files\NVIDIA GPU Computing Toolkit\CUDA\v10.0\bin;C:\Program Files\NVIDIA GPU Computing Toolkit\CUDA\v10.0\libnvvp;C:\Program Files\NVIDIA GPU Computing Toolkit\CUDA\v12.6\bin;C:\Program Files\NVIDIA GPU Computing Toolkit\CUDA\v12.6\libnvvp;C:\Program Files (x86)\Common Files\Oracle\Java\javapath;C:\Windows\system32;C:\Windows;C:\Windows\System32\Wbem;C:\Windows\System32\WindowsPowerShell\v1.0\;C:\Windows\System32\OpenSSH\;C:\Program Files (x86)\NVIDIA Corporation\PhysX\Common;C:\Program Files\NVIDIA Corporation\NVIDIA NvDLISR;C:\Program Files\dotnet\;C:\Program Files\Git\cmd;C:\Program Files (x86)\GitExtensions\;C:\Program Files\Microsoft SQL Server\150\Tools\Binn\;C:\Program Files\Microsoft SQL Server\Client SDK\ODBC\170\Tools\Binn\;C:\Program Files (x86)\Windows Kits\10\Windows Performance Toolkit\;C:\Users\Lilianna\AppData\Local\Programs\Python\Launcher\;C:\Program Files\OpenSSL-Win64\bin;
USERNAME=Lilianna
OS=Windows_NT
PROCESSOR_IDENTIFIER=Intel64 Family 6 Model 154 Stepping 3, GenuineIntel
TMP=C:\Users\Lilianna\AppData\Local\Temp
TEMP=C:\Users\Lilianna\AppData\Local\Temp




Periodic native trim disabled

---------------  S Y S T E M  ---------------

OS:
 Windows 10 , 64 bit Build 19041 (10.0.19041.5915)
OS uptime: 2 days 21:02 hours
Hyper-V role detected

CPU: total 16 (initial active 16) (8 cores per cpu, 2 threads per core) family 6 model 154 stepping 3 microcode 0x429, cx8, cmov, fxsr, ht, mmx, 3dnowpref, sse, sse2, sse3, ssse3, sse4.1, sse4.2, popcnt, lzcnt, tsc, tscinvbit, avx, avx2, aes, erms, clmul, bmi1, bmi2, adx, sha, fma, vzeroupper, clflush, clflushopt, clwb, hv, rdtscp, rdpid, fsrm, f16c, cet_ibt, cet_ss
Processor Information for the first 16 processors :
  Max Mhz: 2300, Current Mhz: 2300, Mhz Limit: 2300

Memory: 4k page, system-wide physical 16000M (4M free)
TotalPageFile size 65152M (AvailPageFile size 125M)
current process WorkingSet (physical memory assigned to process): 162M, peak: 168M
current process commit charge ("private bytes"): 456M, peak: 476M

vm_info: OpenJDK 64-Bit Server VM (21.0.8+9-LTS) for windows-amd64 JRE (21.0.8+9-LTS), built on 2025-07-10T20:22:44Z by "MicrosoftCorporation" with unknown MS VC++:1944

END.
