#
# There is insufficient memory for the Java Runtime Environment to continue.
# Native memory allocation (malloc) failed to allocate 1844848 bytes. Error detail: Chunk::new
# Possible reasons:
#   The system is out of physical RAM or swap space
#   This process is running with CompressedOops enabled, and the Java Heap may be blocking the growth of the native heap
# Possible solutions:
#   Reduce memory load on the system
#   Increase physical memory or swap space
#   Check if swap backing store is full
#   Decrease Java heap size (-Xmx/-Xms)
#   Decrease number of Java threads
#   Decrease Java thread stack sizes (-Xss)
#   Set larger code cache with -XX:ReservedCodeCacheSize=
#   JVM is running with Unscaled Compressed Oops mode in which the Java heap is
#     placed in the first 4GB address space. The Java Heap base address is the
#     maximum limit for the native heap growth. Please use -XX:HeapBaseMinAddress
#     to set the Java Heap base and to place the Java Heap above 4GB virtual address.
# This output file may be truncated or incomplete.
#
#  Out of Memory Error (arena.cpp:168), pid=3508, tid=65724
#
# JRE version: OpenJDK Runtime Environment Microsoft-11933218 (21.0.8+9) (build 21.0.8+9-LTS)
# Java VM: OpenJDK 64-Bit Server VM Microsoft-11933218 (21.0.8+9-LTS, mixed mode, sharing, tiered, compressed oops, compressed class ptrs, g1 gc, windows-amd64)
# No core dump will be written. Minidumps are not enabled by default on client versions of Windows
#

---------------  S U M M A R Y ------------

Command Line: --add-opens=java.base/java.lang=ALL-UNNAMED --add-opens=java.base/java.lang.invoke=ALL-UNNAMED --add-opens=java.base/java.util=ALL-UNNAMED --add-opens=java.prefs/java.util.prefs=ALL-UNNAMED --add-exports=jdk.compiler/com.sun.tools.javac.api=ALL-UNNAMED --add-exports=jdk.compiler/com.sun.tools.javac.util=ALL-UNNAMED --add-opens=java.base/java.util=ALL-UNNAMED --add-opens=java.prefs/java.util.prefs=ALL-UNNAMED --add-opens=java.base/java.nio.charset=ALL-UNNAMED --add-opens=java.base/java.net=ALL-UNNAMED --add-opens=java.base/java.util.concurrent.atomic=ALL-UNNAMED --add-opens=java.xml/javax.xml.namespace=ALL-UNNAMED -XX:MaxMetaspaceSize=384m -XX:+HeapDumpOnOutOfMemoryError -Xms256m -Xmx512m -Dfile.encoding=UTF-8 -Duser.country=RU -Duser.language=ru -Duser.variant -javaagent:C:\Users\Lilianna\.gradle\wrapper\dists\gradle-8.14-bin\38aieal9i53h9rfe7vjup95b9\gradle-8.14\lib\agents\gradle-instrumentation-agent-8.14.jar org.gradle.launcher.daemon.bootstrap.GradleDaemon 8.14

Host: 12th Gen Intel(R) Core(TM) i7-12650H, 16 cores, 15G,  Windows 10 , 64 bit Build 19041 (10.0.19041.5915)
Time: Mon Sep 29 22:56:12 2025 elapsed time: 77.460178 seconds (0d 0h 1m 17s)

---------------  T H R E A D  ---------------

Current thread (0x0000017197654d00):  JavaThread "C2 CompilerThread0" daemon [_thread_in_native, id=65724, stack(0x000000457e000000,0x000000457e100000) (1024K)]


Current CompileTask:
C2:77460 3186   !   4       java.lang.ClassLoader::loadClass (121 bytes)

Stack: [0x000000457e000000,0x000000457e100000]
Native frames: (J=compiled Java code, j=interpreted, Vv=VM code, C=native code)
V  [jvm.dll+0x6e1729]
V  [jvm.dll+0x8bf47b]
V  [jvm.dll+0x8c19aa]
V  [jvm.dll+0x8c2083]
V  [jvm.dll+0x289fd6]
V  [jvm.dll+0xc903d]
V  [jvm.dll+0xc958c]
V  [jvm.dll+0x3c771c]
V  [jvm.dll+0x1ea3a6]
V  [jvm.dll+0x251db3]
V  [jvm.dll+0x251283]
V  [jvm.dll+0x1d18bf]
V  [jvm.dll+0x260f4a]
V  [jvm.dll+0x25f2b5]
V  [jvm.dll+0x40151d]
V  [jvm.dll+0x86975d]
V  [jvm.dll+0x6dff2d]
C  [ucrtbase.dll+0x21bb2]
C  [KERNEL32.DLL+0x17374]
C  [ntdll.dll+0x4cc91]


---------------  P R O C E S S  ---------------

Threads class SMR info:
_java_thread_list=0x00000171b29a17a0, length=23, elements={
0x00000171f7bc9060, 0x00000171fe31c240, 0x00000171fe31ce90, 0x0000017197652090,
0x0000017197652ae0, 0x0000017197653530, 0x0000017197653f80, 0x0000017197654d00,
0x0000017197655790, 0x00000171fe2f1e80, 0x00000171978904b0, 0x00000171b257af80,
0x00000171b1d60c80, 0x00000171b2754440, 0x00000171978aa6f0, 0x00000171978abe00,
0x00000171b23c7de0, 0x00000171b23919b0, 0x00000171b18f3250, 0x00000171b18f38e0,
0x00000171b18f2530, 0x00000171b18f3f70, 0x00000171b18f1ea0
}

Java Threads: ( => current thread )
  0x00000171f7bc9060 JavaThread "main"                              [_thread_blocked, id=60928, stack(0x000000457d200000,0x000000457d300000) (1024K)]
  0x00000171fe31c240 JavaThread "Reference Handler"          daemon [_thread_blocked, id=65616, stack(0x000000457da00000,0x000000457db00000) (1024K)]
  0x00000171fe31ce90 JavaThread "Finalizer"                  daemon [_thread_blocked, id=65620, stack(0x000000457db00000,0x000000457dc00000) (1024K)]
  0x0000017197652090 JavaThread "Signal Dispatcher"          daemon [_thread_blocked, id=65664, stack(0x000000457dc00000,0x000000457dd00000) (1024K)]
  0x0000017197652ae0 JavaThread "Attach Listener"            daemon [_thread_blocked, id=65704, stack(0x000000457dd00000,0x000000457de00000) (1024K)]
  0x0000017197653530 JavaThread "Service Thread"             daemon [_thread_blocked, id=65712, stack(0x000000457de00000,0x000000457df00000) (1024K)]
  0x0000017197653f80 JavaThread "Monitor Deflation Thread"   daemon [_thread_blocked, id=65720, stack(0x000000457df00000,0x000000457e000000) (1024K)]
=>0x0000017197654d00 JavaThread "C2 CompilerThread0"         daemon [_thread_in_native, id=65724, stack(0x000000457e000000,0x000000457e100000) (1024K)]
  0x0000017197655790 JavaThread "C1 CompilerThread0"         daemon [_thread_blocked, id=65736, stack(0x000000457e100000,0x000000457e200000) (1024K)]
  0x00000171fe2f1e80 JavaThread "Common-Cleaner"             daemon [_thread_blocked, id=65832, stack(0x000000457e200000,0x000000457e300000) (1024K)]
  0x00000171978904b0 JavaThread "Notification Thread"        daemon [_thread_blocked, id=66064, stack(0x000000457e300000,0x000000457e400000) (1024K)]
  0x00000171b257af80 JavaThread "Daemon health stats"               [_thread_blocked, id=66884, stack(0x000000457ec00000,0x000000457ed00000) (1024K)]
  0x00000171b1d60c80 JavaThread "Incoming local TCP Connector on port 56888"        [_thread_in_native, id=66988, stack(0x000000457ed00000,0x000000457ee00000) (1024K)]
  0x00000171b2754440 JavaThread "Daemon periodic checks"            [_thread_blocked, id=40744, stack(0x000000457ee00000,0x000000457ef00000) (1024K)]
  0x00000171978aa6f0 JavaThread "Daemon"                            [_thread_blocked, id=67064, stack(0x000000457d100000,0x000000457d200000) (1024K)]
  0x00000171978abe00 JavaThread "Handler for socket connection from /127.0.0.1:56888 to /127.0.0.1:56905"        [_thread_in_native, id=60672, stack(0x000000457ef00000,0x000000457f000000) (1024K)]
  0x00000171b23c7de0 JavaThread "Cancel handler"                    [_thread_blocked, id=45716, stack(0x000000457f000000,0x000000457f100000) (1024K)]
  0x00000171b23919b0 JavaThread "Daemon worker"                     [_thread_blocked, id=64344, stack(0x000000457f100000,0x000000457f200000) (1024K)]
  0x00000171b18f3250 JavaThread "Asynchronous log dispatcher for DefaultDaemonConnection: socket connection from /127.0.0.1:56888 to /127.0.0.1:56905"        [_thread_blocked, id=51448, stack(0x000000457f200000,0x000000457f300000) (1024K)]
  0x00000171b18f38e0 JavaThread "Stdin handler"                     [_thread_blocked, id=46244, stack(0x000000457f300000,0x000000457f400000) (1024K)]
  0x00000171b18f2530 JavaThread "Daemon client event forwarder"        [_thread_blocked, id=64336, stack(0x000000457f400000,0x000000457f500000) (1024K)]
  0x00000171b18f3f70 JavaThread "Cache worker for journal cache (C:\Users\Lilianna\.gradle\caches\journal-1)"        [_thread_blocked, id=51636, stack(0x000000457f500000,0x000000457f600000) (1024K)]
  0x00000171b18f1ea0 JavaThread "File lock request listener"        [_thread_in_native, id=63684, stack(0x000000457f600000,0x000000457f700000) (1024K)]
Total: 23

Other Threads:
  0x00000171fe301080 VMThread "VM Thread"                           [id=48640, stack(0x000000457d900000,0x000000457da00000) (1024K)]
  0x00000171fe2f0d10 WatcherThread "VM Periodic Task Thread"        [id=48144, stack(0x000000457d800000,0x000000457d900000) (1024K)]
  0x00000171fa0365d0 WorkerThread "GC Thread#0"                     [id=33348, stack(0x000000457d300000,0x000000457d400000) (1024K)]
  0x0000017197a030d0 WorkerThread "GC Thread#1"                     [id=66208, stack(0x000000457e400000,0x000000457e500000) (1024K)]
  0x0000017197a03470 WorkerThread "GC Thread#2"                     [id=56840, stack(0x000000457e500000,0x000000457e600000) (1024K)]
  0x00000171b10ab480 WorkerThread "GC Thread#3"                     [id=66040, stack(0x000000457e600000,0x000000457e700000) (1024K)]
  0x00000171b10ab820 WorkerThread "GC Thread#4"                     [id=32372, stack(0x000000457e700000,0x000000457e800000) (1024K)]
  0x00000171b1173950 WorkerThread "GC Thread#5"                     [id=66412, stack(0x000000457e800000,0x000000457e900000) (1024K)]
  0x00000171b11611b0 WorkerThread "GC Thread#6"                     [id=66852, stack(0x000000457e900000,0x000000457ea00000) (1024K)]
  0x00000171b1161550 WorkerThread "GC Thread#7"                     [id=66856, stack(0x000000457ea00000,0x000000457eb00000) (1024K)]
  0x00000171b11618f0 WorkerThread "GC Thread#8"                     [id=66860, stack(0x000000457eb00000,0x000000457ec00000) (1024K)]
  0x00000171fa03b360 ConcurrentGCThread "G1 Main Marker"            [id=34604, stack(0x000000457d400000,0x000000457d500000) (1024K)]
  0x00000171fa03c710 WorkerThread "G1 Conc#0"                       [id=63340, stack(0x000000457d500000,0x000000457d600000) (1024K)]
  0x00000171fe1c25e0 ConcurrentGCThread "G1 Refine#0"               [id=61488, stack(0x000000457d600000,0x000000457d700000) (1024K)]
  0x00000171fe1c2e00 ConcurrentGCThread "G1 Service"                [id=63976, stack(0x000000457d700000,0x000000457d800000) (1024K)]
Total: 15

Threads with active compile tasks:
C2 CompilerThread0  77512 3186   !   4       java.lang.ClassLoader::loadClass (121 bytes)
Total: 1

VM state: not at safepoint (normal execution)

VM Mutex/Monitor currently owned by a thread: None

Heap address: 0x00000000e0000000, size: 512 MB, Compressed Oops mode: 32-bit

CDS archive(s) mapped at: [0x0000017198000000-0x0000017198c80000-0x0000017198c80000), size 13107200, SharedBaseAddress: 0x0000017198000000, ArchiveRelocationMode: 1.
Compressed class space mapped at: 0x0000017199000000-0x00000171ad000000, reserved size: 335544320
Narrow klass base: 0x0000017198000000, Narrow klass shift: 0, Narrow klass range: 0x100000000

GC Precious Log:
 CardTable entry size: 512
 Card Set container configuration: InlinePtr #cards 5 size 8 Array Of Cards #cards 12 size 40 Howl #buckets 4 coarsen threshold 1843 Howl Bitmap #cards 512 size 80 coarsen threshold 460 Card regions per heap region 1 cards per card region 2048
 CPUs: 16 total, 16 available
 Memory: 16000M
 Large Page Support: Disabled
 NUMA Support: Disabled
 Compressed Oops: Enabled (32-bit)
 Heap Region Size: 1M
 Heap Min Capacity: 256M
 Heap Initial Capacity: 256M
 Heap Max Capacity: 512M
 Pre-touch: Disabled
 Parallel Workers: 13
 Concurrent Workers: 3
 Concurrent Refinement Workers: 13
 Periodic GC: Disabled

Heap:
 garbage-first heap   total 262144K, used 67060K [0x00000000e0000000, 0x0000000100000000)
  region size 1024K, 55 young (56320K), 6 survivors (6144K)
 Metaspace       used 15411K, committed 15872K, reserved 393216K
  class space    used 2084K, committed 2304K, reserved 327680K

Heap Regions: E=young(eden), S=young(survivor), O=old, HS=humongous(starts), HC=humongous(continues), CS=collection set, F=free, TAMS=top-at-mark-start, PB=parsable bottom
|   0|0x00000000e0000000, 0x00000000e0100000, 0x00000000e0100000|100%|HS|  |TAMS 0x00000000e0000000| PB 0x00000000e0000000| Complete 
|   1|0x00000000e0100000, 0x00000000e0200000, 0x00000000e0200000|100%|HC|  |TAMS 0x00000000e0100000| PB 0x00000000e0100000| Complete 
|   2|0x00000000e0200000, 0x00000000e0300000, 0x00000000e0300000|100%|HC|  |TAMS 0x00000000e0200000| PB 0x00000000e0200000| Complete 
|   3|0x00000000e0300000, 0x00000000e0400000, 0x00000000e0400000|100%| O|  |TAMS 0x00000000e0300000| PB 0x00000000e0300000| Untracked 
|   4|0x00000000e0400000, 0x00000000e0500000, 0x00000000e0500000|100%| O|  |TAMS 0x00000000e0400000| PB 0x00000000e0400000| Untracked 
|   5|0x00000000e0500000, 0x00000000e0600000, 0x00000000e0600000|100%| O|  |TAMS 0x00000000e0500000| PB 0x00000000e0500000| Untracked 
|   6|0x00000000e0600000, 0x00000000e0700000, 0x00000000e0700000|100%|HS|  |TAMS 0x00000000e0600000| PB 0x00000000e0600000| Complete 
|   7|0x00000000e0700000, 0x00000000e0700000, 0x00000000e0800000|  0%| F|  |TAMS 0x00000000e0700000| PB 0x00000000e0700000| Untracked 
|   8|0x00000000e0800000, 0x00000000e0900000, 0x00000000e0900000|100%| O|  |TAMS 0x00000000e0800000| PB 0x00000000e0800000| Untracked 
|   9|0x00000000e0900000, 0x00000000e0a00000, 0x00000000e0a00000|100%| O|  |TAMS 0x00000000e0900000| PB 0x00000000e0900000| Untracked 
|  10|0x00000000e0a00000, 0x00000000e0b00000, 0x00000000e0b00000|100%| O|  |TAMS 0x00000000e0a00000| PB 0x00000000e0a00000| Untracked 
|  11|0x00000000e0b00000, 0x00000000e0c00000, 0x00000000e0c00000|100%| O|  |TAMS 0x00000000e0b00000| PB 0x00000000e0b00000| Untracked 
|  12|0x00000000e0c00000, 0x00000000e0ca07c8, 0x00000000e0d00000| 62%| O|  |TAMS 0x00000000e0c00000| PB 0x00000000e0c00000| Untracked 
|  13|0x00000000e0d00000, 0x00000000e0d00000, 0x00000000e0e00000|  0%| F|  |TAMS 0x00000000e0d00000| PB 0x00000000e0d00000| Untracked 
|  14|0x00000000e0e00000, 0x00000000e0e00000, 0x00000000e0f00000|  0%| F|  |TAMS 0x00000000e0e00000| PB 0x00000000e0e00000| Untracked 
|  15|0x00000000e0f00000, 0x00000000e0f00000, 0x00000000e1000000|  0%| F|  |TAMS 0x00000000e0f00000| PB 0x00000000e0f00000| Untracked 
|  16|0x00000000e1000000, 0x00000000e1000000, 0x00000000e1100000|  0%| F|  |TAMS 0x00000000e1000000| PB 0x00000000e1000000| Untracked 
|  17|0x00000000e1100000, 0x00000000e1100000, 0x00000000e1200000|  0%| F|  |TAMS 0x00000000e1100000| PB 0x00000000e1100000| Untracked 
|  18|0x00000000e1200000, 0x00000000e1200000, 0x00000000e1300000|  0%| F|  |TAMS 0x00000000e1200000| PB 0x00000000e1200000| Untracked 
|  19|0x00000000e1300000, 0x00000000e1300000, 0x00000000e1400000|  0%| F|  |TAMS 0x00000000e1300000| PB 0x00000000e1300000| Untracked 
|  20|0x00000000e1400000, 0x00000000e1400000, 0x00000000e1500000|  0%| F|  |TAMS 0x00000000e1400000| PB 0x00000000e1400000| Untracked 
|  21|0x00000000e1500000, 0x00000000e1500000, 0x00000000e1600000|  0%| F|  |TAMS 0x00000000e1500000| PB 0x00000000e1500000| Untracked 
|  22|0x00000000e1600000, 0x00000000e1600000, 0x00000000e1700000|  0%| F|  |TAMS 0x00000000e1600000| PB 0x00000000e1600000| Untracked 
|  23|0x00000000e1700000, 0x00000000e1700000, 0x00000000e1800000|  0%| F|  |TAMS 0x00000000e1700000| PB 0x00000000e1700000| Untracked 
|  24|0x00000000e1800000, 0x00000000e1800000, 0x00000000e1900000|  0%| F|  |TAMS 0x00000000e1800000| PB 0x00000000e1800000| Untracked 
|  25|0x00000000e1900000, 0x00000000e1900000, 0x00000000e1a00000|  0%| F|  |TAMS 0x00000000e1900000| PB 0x00000000e1900000| Untracked 
|  26|0x00000000e1a00000, 0x00000000e1a00000, 0x00000000e1b00000|  0%| F|  |TAMS 0x00000000e1a00000| PB 0x00000000e1a00000| Untracked 
|  27|0x00000000e1b00000, 0x00000000e1b00000, 0x00000000e1c00000|  0%| F|  |TAMS 0x00000000e1b00000| PB 0x00000000e1b00000| Untracked 
|  28|0x00000000e1c00000, 0x00000000e1c00000, 0x00000000e1d00000|  0%| F|  |TAMS 0x00000000e1c00000| PB 0x00000000e1c00000| Untracked 
|  29|0x00000000e1d00000, 0x00000000e1d00000, 0x00000000e1e00000|  0%| F|  |TAMS 0x00000000e1d00000| PB 0x00000000e1d00000| Untracked 
|  30|0x00000000e1e00000, 0x00000000e1e00000, 0x00000000e1f00000|  0%| F|  |TAMS 0x00000000e1e00000| PB 0x00000000e1e00000| Untracked 
|  31|0x00000000e1f00000, 0x00000000e1f00000, 0x00000000e2000000|  0%| F|  |TAMS 0x00000000e1f00000| PB 0x00000000e1f00000| Untracked 
|  32|0x00000000e2000000, 0x00000000e2000000, 0x00000000e2100000|  0%| F|  |TAMS 0x00000000e2000000| PB 0x00000000e2000000| Untracked 
|  33|0x00000000e2100000, 0x00000000e2100000, 0x00000000e2200000|  0%| F|  |TAMS 0x00000000e2100000| PB 0x00000000e2100000| Untracked 
|  34|0x00000000e2200000, 0x00000000e2200000, 0x00000000e2300000|  0%| F|  |TAMS 0x00000000e2200000| PB 0x00000000e2200000| Untracked 
|  35|0x00000000e2300000, 0x00000000e2300000, 0x00000000e2400000|  0%| F|  |TAMS 0x00000000e2300000| PB 0x00000000e2300000| Untracked 
|  36|0x00000000e2400000, 0x00000000e2400000, 0x00000000e2500000|  0%| F|  |TAMS 0x00000000e2400000| PB 0x00000000e2400000| Untracked 
|  37|0x00000000e2500000, 0x00000000e2500000, 0x00000000e2600000|  0%| F|  |TAMS 0x00000000e2500000| PB 0x00000000e2500000| Untracked 
|  38|0x00000000e2600000, 0x00000000e2600000, 0x00000000e2700000|  0%| F|  |TAMS 0x00000000e2600000| PB 0x00000000e2600000| Untracked 
|  39|0x00000000e2700000, 0x00000000e2700000, 0x00000000e2800000|  0%| F|  |TAMS 0x00000000e2700000| PB 0x00000000e2700000| Untracked 
|  40|0x00000000e2800000, 0x00000000e2800000, 0x00000000e2900000|  0%| F|  |TAMS 0x00000000e2800000| PB 0x00000000e2800000| Untracked 
|  41|0x00000000e2900000, 0x00000000e2900000, 0x00000000e2a00000|  0%| F|  |TAMS 0x00000000e2900000| PB 0x00000000e2900000| Untracked 
|  42|0x00000000e2a00000, 0x00000000e2a00000, 0x00000000e2b00000|  0%| F|  |TAMS 0x00000000e2a00000| PB 0x00000000e2a00000| Untracked 
|  43|0x00000000e2b00000, 0x00000000e2b00000, 0x00000000e2c00000|  0%| F|  |TAMS 0x00000000e2b00000| PB 0x00000000e2b00000| Untracked 
|  44|0x00000000e2c00000, 0x00000000e2c00000, 0x00000000e2d00000|  0%| F|  |TAMS 0x00000000e2c00000| PB 0x00000000e2c00000| Untracked 
|  45|0x00000000e2d00000, 0x00000000e2d00000, 0x00000000e2e00000|  0%| F|  |TAMS 0x00000000e2d00000| PB 0x00000000e2d00000| Untracked 
|  46|0x00000000e2e00000, 0x00000000e2e00000, 0x00000000e2f00000|  0%| F|  |TAMS 0x00000000e2e00000| PB 0x00000000e2e00000| Untracked 
|  47|0x00000000e2f00000, 0x00000000e2f00000, 0x00000000e3000000|  0%| F|  |TAMS 0x00000000e2f00000| PB 0x00000000e2f00000| Untracked 
|  48|0x00000000e3000000, 0x00000000e3000000, 0x00000000e3100000|  0%| F|  |TAMS 0x00000000e3000000| PB 0x00000000e3000000| Untracked 
|  49|0x00000000e3100000, 0x00000000e3100000, 0x00000000e3200000|  0%| F|  |TAMS 0x00000000e3100000| PB 0x00000000e3100000| Untracked 
|  50|0x00000000e3200000, 0x00000000e3200000, 0x00000000e3300000|  0%| F|  |TAMS 0x00000000e3200000| PB 0x00000000e3200000| Untracked 
|  51|0x00000000e3300000, 0x00000000e3300000, 0x00000000e3400000|  0%| F|  |TAMS 0x00000000e3300000| PB 0x00000000e3300000| Untracked 
|  52|0x00000000e3400000, 0x00000000e3400000, 0x00000000e3500000|  0%| F|  |TAMS 0x00000000e3400000| PB 0x00000000e3400000| Untracked 
|  53|0x00000000e3500000, 0x00000000e3500000, 0x00000000e3600000|  0%| F|  |TAMS 0x00000000e3500000| PB 0x00000000e3500000| Untracked 
|  54|0x00000000e3600000, 0x00000000e3600000, 0x00000000e3700000|  0%| F|  |TAMS 0x00000000e3600000| PB 0x00000000e3600000| Untracked 
|  55|0x00000000e3700000, 0x00000000e3700000, 0x00000000e3800000|  0%| F|  |TAMS 0x00000000e3700000| PB 0x00000000e3700000| Untracked 
|  56|0x00000000e3800000, 0x00000000e3800000, 0x00000000e3900000|  0%| F|  |TAMS 0x00000000e3800000| PB 0x00000000e3800000| Untracked 
|  57|0x00000000e3900000, 0x00000000e3900000, 0x00000000e3a00000|  0%| F|  |TAMS 0x00000000e3900000| PB 0x00000000e3900000| Untracked 
|  58|0x00000000e3a00000, 0x00000000e3a00000, 0x00000000e3b00000|  0%| F|  |TAMS 0x00000000e3a00000| PB 0x00000000e3a00000| Untracked 
|  59|0x00000000e3b00000, 0x00000000e3b00000, 0x00000000e3c00000|  0%| F|  |TAMS 0x00000000e3b00000| PB 0x00000000e3b00000| Untracked 
|  60|0x00000000e3c00000, 0x00000000e3c00000, 0x00000000e3d00000|  0%| F|  |TAMS 0x00000000e3c00000| PB 0x00000000e3c00000| Untracked 
|  61|0x00000000e3d00000, 0x00000000e3d00000, 0x00000000e3e00000|  0%| F|  |TAMS 0x00000000e3d00000| PB 0x00000000e3d00000| Untracked 
|  62|0x00000000e3e00000, 0x00000000e3e00000, 0x00000000e3f00000|  0%| F|  |TAMS 0x00000000e3e00000| PB 0x00000000e3e00000| Untracked 
|  63|0x00000000e3f00000, 0x00000000e3f00000, 0x00000000e4000000|  0%| F|  |TAMS 0x00000000e3f00000| PB 0x00000000e3f00000| Untracked 
|  64|0x00000000e4000000, 0x00000000e4000000, 0x00000000e4100000|  0%| F|  |TAMS 0x00000000e4000000| PB 0x00000000e4000000| Untracked 
|  65|0x00000000e4100000, 0x00000000e4100000, 0x00000000e4200000|  0%| F|  |TAMS 0x00000000e4100000| PB 0x00000000e4100000| Untracked 
|  66|0x00000000e4200000, 0x00000000e4200000, 0x00000000e4300000|  0%| F|  |TAMS 0x00000000e4200000| PB 0x00000000e4200000| Untracked 
|  67|0x00000000e4300000, 0x00000000e4300000, 0x00000000e4400000|  0%| F|  |TAMS 0x00000000e4300000| PB 0x00000000e4300000| Untracked 
|  68|0x00000000e4400000, 0x00000000e4400000, 0x00000000e4500000|  0%| F|  |TAMS 0x00000000e4400000| PB 0x00000000e4400000| Untracked 
|  69|0x00000000e4500000, 0x00000000e4500000, 0x00000000e4600000|  0%| F|  |TAMS 0x00000000e4500000| PB 0x00000000e4500000| Untracked 
|  70|0x00000000e4600000, 0x00000000e4600000, 0x00000000e4700000|  0%| F|  |TAMS 0x00000000e4600000| PB 0x00000000e4600000| Untracked 
|  71|0x00000000e4700000, 0x00000000e4700000, 0x00000000e4800000|  0%| F|  |TAMS 0x00000000e4700000| PB 0x00000000e4700000| Untracked 
|  72|0x00000000e4800000, 0x00000000e4800000, 0x00000000e4900000|  0%| F|  |TAMS 0x00000000e4800000| PB 0x00000000e4800000| Untracked 
|  73|0x00000000e4900000, 0x00000000e4900000, 0x00000000e4a00000|  0%| F|  |TAMS 0x00000000e4900000| PB 0x00000000e4900000| Untracked 
|  74|0x00000000e4a00000, 0x00000000e4a00000, 0x00000000e4b00000|  0%| F|  |TAMS 0x00000000e4a00000| PB 0x00000000e4a00000| Untracked 
|  75|0x00000000e4b00000, 0x00000000e4b00000, 0x00000000e4c00000|  0%| F|  |TAMS 0x00000000e4b00000| PB 0x00000000e4b00000| Untracked 
|  76|0x00000000e4c00000, 0x00000000e4c00000, 0x00000000e4d00000|  0%| F|  |TAMS 0x00000000e4c00000| PB 0x00000000e4c00000| Untracked 
|  77|0x00000000e4d00000, 0x00000000e4d00000, 0x00000000e4e00000|  0%| F|  |TAMS 0x00000000e4d00000| PB 0x00000000e4d00000| Untracked 
|  78|0x00000000e4e00000, 0x00000000e4e00000, 0x00000000e4f00000|  0%| F|  |TAMS 0x00000000e4e00000| PB 0x00000000e4e00000| Untracked 
|  79|0x00000000e4f00000, 0x00000000e4f00000, 0x00000000e5000000|  0%| F|  |TAMS 0x00000000e4f00000| PB 0x00000000e4f00000| Untracked 
|  80|0x00000000e5000000, 0x00000000e5000000, 0x00000000e5100000|  0%| F|  |TAMS 0x00000000e5000000| PB 0x00000000e5000000| Untracked 
|  81|0x00000000e5100000, 0x00000000e5100000, 0x00000000e5200000|  0%| F|  |TAMS 0x00000000e5100000| PB 0x00000000e5100000| Untracked 
|  82|0x00000000e5200000, 0x00000000e5200000, 0x00000000e5300000|  0%| F|  |TAMS 0x00000000e5200000| PB 0x00000000e5200000| Untracked 
|  83|0x00000000e5300000, 0x00000000e5300000, 0x00000000e5400000|  0%| F|  |TAMS 0x00000000e5300000| PB 0x00000000e5300000| Untracked 
|  84|0x00000000e5400000, 0x00000000e5400000, 0x00000000e5500000|  0%| F|  |TAMS 0x00000000e5400000| PB 0x00000000e5400000| Untracked 
|  85|0x00000000e5500000, 0x00000000e5500000, 0x00000000e5600000|  0%| F|  |TAMS 0x00000000e5500000| PB 0x00000000e5500000| Untracked 
|  86|0x00000000e5600000, 0x00000000e5600000, 0x00000000e5700000|  0%| F|  |TAMS 0x00000000e5600000| PB 0x00000000e5600000| Untracked 
|  87|0x00000000e5700000, 0x00000000e5700000, 0x00000000e5800000|  0%| F|  |TAMS 0x00000000e5700000| PB 0x00000000e5700000| Untracked 
|  88|0x00000000e5800000, 0x00000000e5800000, 0x00000000e5900000|  0%| F|  |TAMS 0x00000000e5800000| PB 0x00000000e5800000| Untracked 
|  89|0x00000000e5900000, 0x00000000e5900000, 0x00000000e5a00000|  0%| F|  |TAMS 0x00000000e5900000| PB 0x00000000e5900000| Untracked 
|  90|0x00000000e5a00000, 0x00000000e5a00000, 0x00000000e5b00000|  0%| F|  |TAMS 0x00000000e5a00000| PB 0x00000000e5a00000| Untracked 
|  91|0x00000000e5b00000, 0x00000000e5b00000, 0x00000000e5c00000|  0%| F|  |TAMS 0x00000000e5b00000| PB 0x00000000e5b00000| Untracked 
|  92|0x00000000e5c00000, 0x00000000e5c00000, 0x00000000e5d00000|  0%| F|  |TAMS 0x00000000e5c00000| PB 0x00000000e5c00000| Untracked 
|  93|0x00000000e5d00000, 0x00000000e5d00000, 0x00000000e5e00000|  0%| F|  |TAMS 0x00000000e5d00000| PB 0x00000000e5d00000| Untracked 
|  94|0x00000000e5e00000, 0x00000000e5e00000, 0x00000000e5f00000|  0%| F|  |TAMS 0x00000000e5e00000| PB 0x00000000e5e00000| Untracked 
|  95|0x00000000e5f00000, 0x00000000e5f00000, 0x00000000e6000000|  0%| F|  |TAMS 0x00000000e5f00000| PB 0x00000000e5f00000| Untracked 
|  96|0x00000000e6000000, 0x00000000e6000000, 0x00000000e6100000|  0%| F|  |TAMS 0x00000000e6000000| PB 0x00000000e6000000| Untracked 
|  97|0x00000000e6100000, 0x00000000e6100000, 0x00000000e6200000|  0%| F|  |TAMS 0x00000000e6100000| PB 0x00000000e6100000| Untracked 
|  98|0x00000000e6200000, 0x00000000e6200000, 0x00000000e6300000|  0%| F|  |TAMS 0x00000000e6200000| PB 0x00000000e6200000| Untracked 
|  99|0x00000000e6300000, 0x00000000e6300000, 0x00000000e6400000|  0%| F|  |TAMS 0x00000000e6300000| PB 0x00000000e6300000| Untracked 
| 100|0x00000000e6400000, 0x00000000e6400000, 0x00000000e6500000|  0%| F|  |TAMS 0x00000000e6400000| PB 0x00000000e6400000| Untracked 
| 101|0x00000000e6500000, 0x00000000e6500000, 0x00000000e6600000|  0%| F|  |TAMS 0x00000000e6500000| PB 0x00000000e6500000| Untracked 
| 102|0x00000000e6600000, 0x00000000e6600000, 0x00000000e6700000|  0%| F|  |TAMS 0x00000000e6600000| PB 0x00000000e6600000| Untracked 
| 103|0x00000000e6700000, 0x00000000e6700000, 0x00000000e6800000|  0%| F|  |TAMS 0x00000000e6700000| PB 0x00000000e6700000| Untracked 
| 104|0x00000000e6800000, 0x00000000e6800000, 0x00000000e6900000|  0%| F|  |TAMS 0x00000000e6800000| PB 0x00000000e6800000| Untracked 
| 105|0x00000000e6900000, 0x00000000e6900000, 0x00000000e6a00000|  0%| F|  |TAMS 0x00000000e6900000| PB 0x00000000e6900000| Untracked 
| 106|0x00000000e6a00000, 0x00000000e6a00000, 0x00000000e6b00000|  0%| F|  |TAMS 0x00000000e6a00000| PB 0x00000000e6a00000| Untracked 
| 107|0x00000000e6b00000, 0x00000000e6b00000, 0x00000000e6c00000|  0%| F|  |TAMS 0x00000000e6b00000| PB 0x00000000e6b00000| Untracked 
| 108|0x00000000e6c00000, 0x00000000e6c00000, 0x00000000e6d00000|  0%| F|  |TAMS 0x00000000e6c00000| PB 0x00000000e6c00000| Untracked 
| 109|0x00000000e6d00000, 0x00000000e6d00000, 0x00000000e6e00000|  0%| F|  |TAMS 0x00000000e6d00000| PB 0x00000000e6d00000| Untracked 
| 110|0x00000000e6e00000, 0x00000000e6e00000, 0x00000000e6f00000|  0%| F|  |TAMS 0x00000000e6e00000| PB 0x00000000e6e00000| Untracked 
| 111|0x00000000e6f00000, 0x00000000e6f00000, 0x00000000e7000000|  0%| F|  |TAMS 0x00000000e6f00000| PB 0x00000000e6f00000| Untracked 
| 112|0x00000000e7000000, 0x00000000e7000000, 0x00000000e7100000|  0%| F|  |TAMS 0x00000000e7000000| PB 0x00000000e7000000| Untracked 
| 113|0x00000000e7100000, 0x00000000e7100000, 0x00000000e7200000|  0%| F|  |TAMS 0x00000000e7100000| PB 0x00000000e7100000| Untracked 
| 114|0x00000000e7200000, 0x00000000e7200000, 0x00000000e7300000|  0%| F|  |TAMS 0x00000000e7200000| PB 0x00000000e7200000| Untracked 
| 115|0x00000000e7300000, 0x00000000e7300000, 0x00000000e7400000|  0%| F|  |TAMS 0x00000000e7300000| PB 0x00000000e7300000| Untracked 
| 116|0x00000000e7400000, 0x00000000e7400000, 0x00000000e7500000|  0%| F|  |TAMS 0x00000000e7400000| PB 0x00000000e7400000| Untracked 
| 117|0x00000000e7500000, 0x00000000e7500000, 0x00000000e7600000|  0%| F|  |TAMS 0x00000000e7500000| PB 0x00000000e7500000| Untracked 
| 118|0x00000000e7600000, 0x00000000e7600000, 0x00000000e7700000|  0%| F|  |TAMS 0x00000000e7600000| PB 0x00000000e7600000| Untracked 
| 119|0x00000000e7700000, 0x00000000e7700000, 0x00000000e7800000|  0%| F|  |TAMS 0x00000000e7700000| PB 0x00000000e7700000| Untracked 
| 120|0x00000000e7800000, 0x00000000e7800000, 0x00000000e7900000|  0%| F|  |TAMS 0x00000000e7800000| PB 0x00000000e7800000| Untracked 
| 121|0x00000000e7900000, 0x00000000e7900000, 0x00000000e7a00000|  0%| F|  |TAMS 0x00000000e7900000| PB 0x00000000e7900000| Untracked 
| 122|0x00000000e7a00000, 0x00000000e7a00000, 0x00000000e7b00000|  0%| F|  |TAMS 0x00000000e7a00000| PB 0x00000000e7a00000| Untracked 
| 123|0x00000000e7b00000, 0x00000000e7b00000, 0x00000000e7c00000|  0%| F|  |TAMS 0x00000000e7b00000| PB 0x00000000e7b00000| Untracked 
| 124|0x00000000e7c00000, 0x00000000e7c00000, 0x00000000e7d00000|  0%| F|  |TAMS 0x00000000e7c00000| PB 0x00000000e7c00000| Untracked 
| 125|0x00000000e7d00000, 0x00000000e7d00000, 0x00000000e7e00000|  0%| F|  |TAMS 0x00000000e7d00000| PB 0x00000000e7d00000| Untracked 
| 126|0x00000000e7e00000, 0x00000000e7e00000, 0x00000000e7f00000|  0%| F|  |TAMS 0x00000000e7e00000| PB 0x00000000e7e00000| Untracked 
| 127|0x00000000e7f00000, 0x00000000e7f00000, 0x00000000e8000000|  0%| F|  |TAMS 0x00000000e7f00000| PB 0x00000000e7f00000| Untracked 
| 128|0x00000000e8000000, 0x00000000e8000000, 0x00000000e8100000|  0%| F|  |TAMS 0x00000000e8000000| PB 0x00000000e8000000| Untracked 
| 129|0x00000000e8100000, 0x00000000e8100000, 0x00000000e8200000|  0%| F|  |TAMS 0x00000000e8100000| PB 0x00000000e8100000| Untracked 
| 130|0x00000000e8200000, 0x00000000e8200000, 0x00000000e8300000|  0%| F|  |TAMS 0x00000000e8200000| PB 0x00000000e8200000| Untracked 
| 131|0x00000000e8300000, 0x00000000e8300000, 0x00000000e8400000|  0%| F|  |TAMS 0x00000000e8300000| PB 0x00000000e8300000| Untracked 
| 132|0x00000000e8400000, 0x00000000e8400000, 0x00000000e8500000|  0%| F|  |TAMS 0x00000000e8400000| PB 0x00000000e8400000| Untracked 
| 133|0x00000000e8500000, 0x00000000e8500000, 0x00000000e8600000|  0%| F|  |TAMS 0x00000000e8500000| PB 0x00000000e8500000| Untracked 
| 134|0x00000000e8600000, 0x00000000e8600000, 0x00000000e8700000|  0%| F|  |TAMS 0x00000000e8600000| PB 0x00000000e8600000| Untracked 
| 135|0x00000000e8700000, 0x00000000e8700000, 0x00000000e8800000|  0%| F|  |TAMS 0x00000000e8700000| PB 0x00000000e8700000| Untracked 
| 136|0x00000000e8800000, 0x00000000e8800000, 0x00000000e8900000|  0%| F|  |TAMS 0x00000000e8800000| PB 0x00000000e8800000| Untracked 
| 137|0x00000000e8900000, 0x00000000e8900000, 0x00000000e8a00000|  0%| F|  |TAMS 0x00000000e8900000| PB 0x00000000e8900000| Untracked 
| 138|0x00000000e8a00000, 0x00000000e8a00000, 0x00000000e8b00000|  0%| F|  |TAMS 0x00000000e8a00000| PB 0x00000000e8a00000| Untracked 
| 139|0x00000000e8b00000, 0x00000000e8b00000, 0x00000000e8c00000|  0%| F|  |TAMS 0x00000000e8b00000| PB 0x00000000e8b00000| Untracked 
| 140|0x00000000e8c00000, 0x00000000e8c00000, 0x00000000e8d00000|  0%| F|  |TAMS 0x00000000e8c00000| PB 0x00000000e8c00000| Untracked 
| 141|0x00000000e8d00000, 0x00000000e8d00000, 0x00000000e8e00000|  0%| F|  |TAMS 0x00000000e8d00000| PB 0x00000000e8d00000| Untracked 
| 142|0x00000000e8e00000, 0x00000000e8e00000, 0x00000000e8f00000|  0%| F|  |TAMS 0x00000000e8e00000| PB 0x00000000e8e00000| Untracked 
| 143|0x00000000e8f00000, 0x00000000e8f00000, 0x00000000e9000000|  0%| F|  |TAMS 0x00000000e8f00000| PB 0x00000000e8f00000| Untracked 
| 144|0x00000000e9000000, 0x00000000e9000000, 0x00000000e9100000|  0%| F|  |TAMS 0x00000000e9000000| PB 0x00000000e9000000| Untracked 
| 145|0x00000000e9100000, 0x00000000e9100000, 0x00000000e9200000|  0%| F|  |TAMS 0x00000000e9100000| PB 0x00000000e9100000| Untracked 
| 146|0x00000000e9200000, 0x00000000e9200000, 0x00000000e9300000|  0%| F|  |TAMS 0x00000000e9200000| PB 0x00000000e9200000| Untracked 
| 147|0x00000000e9300000, 0x00000000e9300000, 0x00000000e9400000|  0%| F|  |TAMS 0x00000000e9300000| PB 0x00000000e9300000| Untracked 
| 148|0x00000000e9400000, 0x00000000e9400000, 0x00000000e9500000|  0%| F|  |TAMS 0x00000000e9400000| PB 0x00000000e9400000| Untracked 
| 149|0x00000000e9500000, 0x00000000e9500000, 0x00000000e9600000|  0%| F|  |TAMS 0x00000000e9500000| PB 0x00000000e9500000| Untracked 
| 150|0x00000000e9600000, 0x00000000e9600000, 0x00000000e9700000|  0%| F|  |TAMS 0x00000000e9600000| PB 0x00000000e9600000| Untracked 
| 151|0x00000000e9700000, 0x00000000e9700000, 0x00000000e9800000|  0%| F|  |TAMS 0x00000000e9700000| PB 0x00000000e9700000| Untracked 
| 152|0x00000000e9800000, 0x00000000e9800000, 0x00000000e9900000|  0%| F|  |TAMS 0x00000000e9800000| PB 0x00000000e9800000| Untracked 
| 153|0x00000000e9900000, 0x00000000e9900000, 0x00000000e9a00000|  0%| F|  |TAMS 0x00000000e9900000| PB 0x00000000e9900000| Untracked 
| 154|0x00000000e9a00000, 0x00000000e9a00000, 0x00000000e9b00000|  0%| F|  |TAMS 0x00000000e9a00000| PB 0x00000000e9a00000| Untracked 
| 155|0x00000000e9b00000, 0x00000000e9b00000, 0x00000000e9c00000|  0%| F|  |TAMS 0x00000000e9b00000| PB 0x00000000e9b00000| Untracked 
| 156|0x00000000e9c00000, 0x00000000e9c00000, 0x00000000e9d00000|  0%| F|  |TAMS 0x00000000e9c00000| PB 0x00000000e9c00000| Untracked 
| 157|0x00000000e9d00000, 0x00000000e9d00000, 0x00000000e9e00000|  0%| F|  |TAMS 0x00000000e9d00000| PB 0x00000000e9d00000| Untracked 
| 158|0x00000000e9e00000, 0x00000000e9e00000, 0x00000000e9f00000|  0%| F|  |TAMS 0x00000000e9e00000| PB 0x00000000e9e00000| Untracked 
| 159|0x00000000e9f00000, 0x00000000e9f00000, 0x00000000ea000000|  0%| F|  |TAMS 0x00000000e9f00000| PB 0x00000000e9f00000| Untracked 
| 160|0x00000000ea000000, 0x00000000ea000000, 0x00000000ea100000|  0%| F|  |TAMS 0x00000000ea000000| PB 0x00000000ea000000| Untracked 
| 161|0x00000000ea100000, 0x00000000ea100000, 0x00000000ea200000|  0%| F|  |TAMS 0x00000000ea100000| PB 0x00000000ea100000| Untracked 
| 162|0x00000000ea200000, 0x00000000ea200000, 0x00000000ea300000|  0%| F|  |TAMS 0x00000000ea200000| PB 0x00000000ea200000| Untracked 
| 163|0x00000000ea300000, 0x00000000ea300000, 0x00000000ea400000|  0%| F|  |TAMS 0x00000000ea300000| PB 0x00000000ea300000| Untracked 
| 164|0x00000000ea400000, 0x00000000ea400000, 0x00000000ea500000|  0%| F|  |TAMS 0x00000000ea400000| PB 0x00000000ea400000| Untracked 
| 165|0x00000000ea500000, 0x00000000ea500000, 0x00000000ea600000|  0%| F|  |TAMS 0x00000000ea500000| PB 0x00000000ea500000| Untracked 
| 166|0x00000000ea600000, 0x00000000ea600000, 0x00000000ea700000|  0%| F|  |TAMS 0x00000000ea600000| PB 0x00000000ea600000| Untracked 
| 167|0x00000000ea700000, 0x00000000ea700000, 0x00000000ea800000|  0%| F|  |TAMS 0x00000000ea700000| PB 0x00000000ea700000| Untracked 
| 168|0x00000000ea800000, 0x00000000ea800000, 0x00000000ea900000|  0%| F|  |TAMS 0x00000000ea800000| PB 0x00000000ea800000| Untracked 
| 169|0x00000000ea900000, 0x00000000ea900000, 0x00000000eaa00000|  0%| F|  |TAMS 0x00000000ea900000| PB 0x00000000ea900000| Untracked 
| 170|0x00000000eaa00000, 0x00000000eaa00000, 0x00000000eab00000|  0%| F|  |TAMS 0x00000000eaa00000| PB 0x00000000eaa00000| Untracked 
| 171|0x00000000eab00000, 0x00000000eab00000, 0x00000000eac00000|  0%| F|  |TAMS 0x00000000eab00000| PB 0x00000000eab00000| Untracked 
| 172|0x00000000eac00000, 0x00000000eac00000, 0x00000000ead00000|  0%| F|  |TAMS 0x00000000eac00000| PB 0x00000000eac00000| Untracked 
| 173|0x00000000ead00000, 0x00000000ead00000, 0x00000000eae00000|  0%| F|  |TAMS 0x00000000ead00000| PB 0x00000000ead00000| Untracked 
| 174|0x00000000eae00000, 0x00000000eae00000, 0x00000000eaf00000|  0%| F|  |TAMS 0x00000000eae00000| PB 0x00000000eae00000| Untracked 
| 175|0x00000000eaf00000, 0x00000000eaf00000, 0x00000000eb000000|  0%| F|  |TAMS 0x00000000eaf00000| PB 0x00000000eaf00000| Untracked 
| 176|0x00000000eb000000, 0x00000000eb000000, 0x00000000eb100000|  0%| F|  |TAMS 0x00000000eb000000| PB 0x00000000eb000000| Untracked 
| 177|0x00000000eb100000, 0x00000000eb100000, 0x00000000eb200000|  0%| F|  |TAMS 0x00000000eb100000| PB 0x00000000eb100000| Untracked 
| 178|0x00000000eb200000, 0x00000000eb200000, 0x00000000eb300000|  0%| F|  |TAMS 0x00000000eb200000| PB 0x00000000eb200000| Untracked 
| 179|0x00000000eb300000, 0x00000000eb300000, 0x00000000eb400000|  0%| F|  |TAMS 0x00000000eb300000| PB 0x00000000eb300000| Untracked 
| 180|0x00000000eb400000, 0x00000000eb400000, 0x00000000eb500000|  0%| F|  |TAMS 0x00000000eb400000| PB 0x00000000eb400000| Untracked 
| 181|0x00000000eb500000, 0x00000000eb500000, 0x00000000eb600000|  0%| F|  |TAMS 0x00000000eb500000| PB 0x00000000eb500000| Untracked 
| 182|0x00000000eb600000, 0x00000000eb600000, 0x00000000eb700000|  0%| F|  |TAMS 0x00000000eb600000| PB 0x00000000eb600000| Untracked 
| 183|0x00000000eb700000, 0x00000000eb700000, 0x00000000eb800000|  0%| F|  |TAMS 0x00000000eb700000| PB 0x00000000eb700000| Untracked 
| 184|0x00000000eb800000, 0x00000000eb800000, 0x00000000eb900000|  0%| F|  |TAMS 0x00000000eb800000| PB 0x00000000eb800000| Untracked 
| 185|0x00000000eb900000, 0x00000000eb900000, 0x00000000eba00000|  0%| F|  |TAMS 0x00000000eb900000| PB 0x00000000eb900000| Untracked 
| 186|0x00000000eba00000, 0x00000000eba00000, 0x00000000ebb00000|  0%| F|  |TAMS 0x00000000eba00000| PB 0x00000000eba00000| Untracked 
| 187|0x00000000ebb00000, 0x00000000ebb00000, 0x00000000ebc00000|  0%| F|  |TAMS 0x00000000ebb00000| PB 0x00000000ebb00000| Untracked 
| 188|0x00000000ebc00000, 0x00000000ebc00000, 0x00000000ebd00000|  0%| F|  |TAMS 0x00000000ebc00000| PB 0x00000000ebc00000| Untracked 
| 189|0x00000000ebd00000, 0x00000000ebd00000, 0x00000000ebe00000|  0%| F|  |TAMS 0x00000000ebd00000| PB 0x00000000ebd00000| Untracked 
| 190|0x00000000ebe00000, 0x00000000ebe00000, 0x00000000ebf00000|  0%| F|  |TAMS 0x00000000ebe00000| PB 0x00000000ebe00000| Untracked 
| 191|0x00000000ebf00000, 0x00000000ebf00000, 0x00000000ec000000|  0%| F|  |TAMS 0x00000000ebf00000| PB 0x00000000ebf00000| Untracked 
| 192|0x00000000ec000000, 0x00000000ec000000, 0x00000000ec100000|  0%| F|  |TAMS 0x00000000ec000000| PB 0x00000000ec000000| Untracked 
| 193|0x00000000ec100000, 0x00000000ec100000, 0x00000000ec200000|  0%| F|  |TAMS 0x00000000ec100000| PB 0x00000000ec100000| Untracked 
| 194|0x00000000ec200000, 0x00000000ec200000, 0x00000000ec300000|  0%| F|  |TAMS 0x00000000ec200000| PB 0x00000000ec200000| Untracked 
| 195|0x00000000ec300000, 0x00000000ec3dcb00, 0x00000000ec400000| 86%| S|CS|TAMS 0x00000000ec300000| PB 0x00000000ec300000| Complete 
| 196|0x00000000ec400000, 0x00000000ec500000, 0x00000000ec500000|100%| S|CS|TAMS 0x00000000ec400000| PB 0x00000000ec400000| Complete 
| 197|0x00000000ec500000, 0x00000000ec600000, 0x00000000ec600000|100%| S|CS|TAMS 0x00000000ec500000| PB 0x00000000ec500000| Complete 
| 198|0x00000000ec600000, 0x00000000ec700000, 0x00000000ec700000|100%| S|CS|TAMS 0x00000000ec600000| PB 0x00000000ec600000| Complete 
| 199|0x00000000ec700000, 0x00000000ec800000, 0x00000000ec800000|100%| S|CS|TAMS 0x00000000ec700000| PB 0x00000000ec700000| Complete 
| 200|0x00000000ec800000, 0x00000000ec900000, 0x00000000ec900000|100%| S|CS|TAMS 0x00000000ec800000| PB 0x00000000ec800000| Complete 
| 201|0x00000000ec900000, 0x00000000ec900000, 0x00000000eca00000|  0%| F|  |TAMS 0x00000000ec900000| PB 0x00000000ec900000| Untracked 
| 202|0x00000000eca00000, 0x00000000eca00000, 0x00000000ecb00000|  0%| F|  |TAMS 0x00000000eca00000| PB 0x00000000eca00000| Untracked 
| 203|0x00000000ecb00000, 0x00000000ecb00000, 0x00000000ecc00000|  0%| F|  |TAMS 0x00000000ecb00000| PB 0x00000000ecb00000| Untracked 
| 204|0x00000000ecc00000, 0x00000000ecc00000, 0x00000000ecd00000|  0%| F|  |TAMS 0x00000000ecc00000| PB 0x00000000ecc00000| Untracked 
| 205|0x00000000ecd00000, 0x00000000ecd00000, 0x00000000ece00000|  0%| F|  |TAMS 0x00000000ecd00000| PB 0x00000000ecd00000| Untracked 
| 206|0x00000000ece00000, 0x00000000ece00000, 0x00000000ecf00000|  0%| F|  |TAMS 0x00000000ece00000| PB 0x00000000ece00000| Untracked 
| 207|0x00000000ecf00000, 0x00000000ecf80000, 0x00000000ed000000| 50%| E|  |TAMS 0x00000000ecf00000| PB 0x00000000ecf00000| Complete 
| 208|0x00000000ed000000, 0x00000000ed100000, 0x00000000ed100000|100%| E|CS|TAMS 0x00000000ed000000| PB 0x00000000ed000000| Complete 
| 209|0x00000000ed100000, 0x00000000ed200000, 0x00000000ed200000|100%| E|CS|TAMS 0x00000000ed100000| PB 0x00000000ed100000| Complete 
| 210|0x00000000ed200000, 0x00000000ed300000, 0x00000000ed300000|100%| E|CS|TAMS 0x00000000ed200000| PB 0x00000000ed200000| Complete 
| 211|0x00000000ed300000, 0x00000000ed400000, 0x00000000ed400000|100%| E|CS|TAMS 0x00000000ed300000| PB 0x00000000ed300000| Complete 
| 212|0x00000000ed400000, 0x00000000ed500000, 0x00000000ed500000|100%| E|CS|TAMS 0x00000000ed400000| PB 0x00000000ed400000| Complete 
| 213|0x00000000ed500000, 0x00000000ed600000, 0x00000000ed600000|100%| E|CS|TAMS 0x00000000ed500000| PB 0x00000000ed500000| Complete 
| 214|0x00000000ed600000, 0x00000000ed700000, 0x00000000ed700000|100%| E|CS|TAMS 0x00000000ed600000| PB 0x00000000ed600000| Complete 
| 215|0x00000000ed700000, 0x00000000ed800000, 0x00000000ed800000|100%| E|CS|TAMS 0x00000000ed700000| PB 0x00000000ed700000| Complete 
| 216|0x00000000ed800000, 0x00000000ed900000, 0x00000000ed900000|100%| E|CS|TAMS 0x00000000ed800000| PB 0x00000000ed800000| Complete 
| 217|0x00000000ed900000, 0x00000000eda00000, 0x00000000eda00000|100%| E|CS|TAMS 0x00000000ed900000| PB 0x00000000ed900000| Complete 
| 218|0x00000000eda00000, 0x00000000edb00000, 0x00000000edb00000|100%| E|CS|TAMS 0x00000000eda00000| PB 0x00000000eda00000| Complete 
| 219|0x00000000edb00000, 0x00000000edc00000, 0x00000000edc00000|100%| E|CS|TAMS 0x00000000edb00000| PB 0x00000000edb00000| Complete 
| 220|0x00000000edc00000, 0x00000000edd00000, 0x00000000edd00000|100%| E|CS|TAMS 0x00000000edc00000| PB 0x00000000edc00000| Complete 
| 221|0x00000000edd00000, 0x00000000ede00000, 0x00000000ede00000|100%| E|CS|TAMS 0x00000000edd00000| PB 0x00000000edd00000| Complete 
| 222|0x00000000ede00000, 0x00000000edf00000, 0x00000000edf00000|100%| E|CS|TAMS 0x00000000ede00000| PB 0x00000000ede00000| Complete 
| 223|0x00000000edf00000, 0x00000000ee000000, 0x00000000ee000000|100%| E|CS|TAMS 0x00000000edf00000| PB 0x00000000edf00000| Complete 
| 224|0x00000000ee000000, 0x00000000ee100000, 0x00000000ee100000|100%| E|CS|TAMS 0x00000000ee000000| PB 0x00000000ee000000| Complete 
| 225|0x00000000ee100000, 0x00000000ee200000, 0x00000000ee200000|100%| E|CS|TAMS 0x00000000ee100000| PB 0x00000000ee100000| Complete 
| 226|0x00000000ee200000, 0x00000000ee300000, 0x00000000ee300000|100%| E|CS|TAMS 0x00000000ee200000| PB 0x00000000ee200000| Complete 
| 227|0x00000000ee300000, 0x00000000ee400000, 0x00000000ee400000|100%| E|CS|TAMS 0x00000000ee300000| PB 0x00000000ee300000| Complete 
| 228|0x00000000ee400000, 0x00000000ee500000, 0x00000000ee500000|100%| E|CS|TAMS 0x00000000ee400000| PB 0x00000000ee400000| Complete 
| 229|0x00000000ee500000, 0x00000000ee600000, 0x00000000ee600000|100%| E|CS|TAMS 0x00000000ee500000| PB 0x00000000ee500000| Complete 
| 230|0x00000000ee600000, 0x00000000ee700000, 0x00000000ee700000|100%| E|CS|TAMS 0x00000000ee600000| PB 0x00000000ee600000| Complete 
| 231|0x00000000ee700000, 0x00000000ee800000, 0x00000000ee800000|100%| E|CS|TAMS 0x00000000ee700000| PB 0x00000000ee700000| Complete 
| 232|0x00000000ee800000, 0x00000000ee900000, 0x00000000ee900000|100%| E|CS|TAMS 0x00000000ee800000| PB 0x00000000ee800000| Complete 
| 233|0x00000000ee900000, 0x00000000eea00000, 0x00000000eea00000|100%| E|CS|TAMS 0x00000000ee900000| PB 0x00000000ee900000| Complete 
| 234|0x00000000eea00000, 0x00000000eeb00000, 0x00000000eeb00000|100%| E|CS|TAMS 0x00000000eea00000| PB 0x00000000eea00000| Complete 
| 235|0x00000000eeb00000, 0x00000000eec00000, 0x00000000eec00000|100%| E|CS|TAMS 0x00000000eeb00000| PB 0x00000000eeb00000| Complete 
| 236|0x00000000eec00000, 0x00000000eed00000, 0x00000000eed00000|100%| E|CS|TAMS 0x00000000eec00000| PB 0x00000000eec00000| Complete 
| 237|0x00000000eed00000, 0x00000000eee00000, 0x00000000eee00000|100%| E|CS|TAMS 0x00000000eed00000| PB 0x00000000eed00000| Complete 
| 238|0x00000000eee00000, 0x00000000eef00000, 0x00000000eef00000|100%| E|CS|TAMS 0x00000000eee00000| PB 0x00000000eee00000| Complete 
| 239|0x00000000eef00000, 0x00000000ef000000, 0x00000000ef000000|100%| E|CS|TAMS 0x00000000eef00000| PB 0x00000000eef00000| Complete 
| 240|0x00000000ef000000, 0x00000000ef100000, 0x00000000ef100000|100%| E|CS|TAMS 0x00000000ef000000| PB 0x00000000ef000000| Complete 
| 241|0x00000000ef100000, 0x00000000ef200000, 0x00000000ef200000|100%| E|CS|TAMS 0x00000000ef100000| PB 0x00000000ef100000| Complete 
| 242|0x00000000ef200000, 0x00000000ef300000, 0x00000000ef300000|100%| E|CS|TAMS 0x00000000ef200000| PB 0x00000000ef200000| Complete 
| 243|0x00000000ef300000, 0x00000000ef400000, 0x00000000ef400000|100%| E|CS|TAMS 0x00000000ef300000| PB 0x00000000ef300000| Complete 
| 244|0x00000000ef400000, 0x00000000ef500000, 0x00000000ef500000|100%| E|CS|TAMS 0x00000000ef400000| PB 0x00000000ef400000| Complete 
| 245|0x00000000ef500000, 0x00000000ef600000, 0x00000000ef600000|100%| E|CS|TAMS 0x00000000ef500000| PB 0x00000000ef500000| Complete 
| 246|0x00000000ef600000, 0x00000000ef700000, 0x00000000ef700000|100%| E|CS|TAMS 0x00000000ef600000| PB 0x00000000ef600000| Complete 
| 247|0x00000000ef700000, 0x00000000ef800000, 0x00000000ef800000|100%| E|CS|TAMS 0x00000000ef700000| PB 0x00000000ef700000| Complete 
| 248|0x00000000ef800000, 0x00000000ef900000, 0x00000000ef900000|100%| E|CS|TAMS 0x00000000ef800000| PB 0x00000000ef800000| Complete 
| 249|0x00000000ef900000, 0x00000000efa00000, 0x00000000efa00000|100%| E|CS|TAMS 0x00000000ef900000| PB 0x00000000ef900000| Complete 
| 250|0x00000000efa00000, 0x00000000efb00000, 0x00000000efb00000|100%| E|CS|TAMS 0x00000000efa00000| PB 0x00000000efa00000| Complete 
| 251|0x00000000efb00000, 0x00000000efc00000, 0x00000000efc00000|100%| E|CS|TAMS 0x00000000efb00000| PB 0x00000000efb00000| Complete 
| 252|0x00000000efc00000, 0x00000000efd00000, 0x00000000efd00000|100%| E|CS|TAMS 0x00000000efc00000| PB 0x00000000efc00000| Complete 
| 253|0x00000000efd00000, 0x00000000efe00000, 0x00000000efe00000|100%| E|CS|TAMS 0x00000000efd00000| PB 0x00000000efd00000| Complete 
| 254|0x00000000efe00000, 0x00000000eff00000, 0x00000000eff00000|100%| E|CS|TAMS 0x00000000efe00000| PB 0x00000000efe00000| Complete 
| 255|0x00000000eff00000, 0x00000000f0000000, 0x00000000f0000000|100%| E|CS|TAMS 0x00000000eff00000| PB 0x00000000eff00000| Complete 

Card table byte_map: [0x00000171faa50000,0x00000171fab50000] _byte_map_base: 0x00000171fa350000

Marking Bits: (CMBitMap*) 0x00000171fa036a80
 Bits: [0x00000171fab50000, 0x00000171fb350000)

Polling page: 0x00000171f7b60000

Metaspace:

Usage:
  Non-class:     13.01 MB used.
      Class:      2.04 MB used.
       Both:     15.05 MB used.

Virtual space:
  Non-class space:       64.00 MB reserved,      13.25 MB ( 21%) committed,  1 nodes.
      Class space:      320.00 MB reserved,       2.25 MB ( <1%) committed,  1 nodes.
             Both:      384.00 MB reserved,      15.50 MB (  4%) committed. 

Chunk freelists:
   Non-Class:  2.34 MB
       Class:  13.80 MB
        Both:  16.14 MB

MaxMetaspaceSize: 384.00 MB
CompressedClassSpaceSize: 320.00 MB
Initial GC threshold: 21.00 MB
Current GC threshold: 21.00 MB
CDS: on
 - commit_granule_bytes: 65536.
 - commit_granule_words: 8192.
 - virtual_space_node_default_size: 8388608.
 - enlarge_chunks_in_place: 1.
 - use_allocation_guard: 0.


Internal statistics:

num_allocs_failed_limit: 0.
num_arena_births: 478.
num_arena_deaths: 0.
num_vsnodes_births: 2.
num_vsnodes_deaths: 0.
num_space_committed: 248.
num_space_uncommitted: 0.
num_chunks_returned_to_freelist: 0.
num_chunks_taken_from_freelist: 988.
num_chunk_merges: 0.
num_chunk_splits: 643.
num_chunks_enlarged: 445.
num_inconsistent_stats: 0.

CodeHeap 'non-profiled nmethods': size=119168Kb used=1415Kb max_used=1415Kb free=117753Kb
 bounds [0x00000171901e0000, 0x0000017190450000, 0x0000017197640000]
CodeHeap 'profiled nmethods': size=119104Kb used=6407Kb max_used=6407Kb free=112696Kb
 bounds [0x0000017188640000, 0x0000017188c90000, 0x000001718fa90000]
CodeHeap 'non-nmethods': size=7488Kb used=1473Kb max_used=1487Kb free=6014Kb
 bounds [0x000001718fa90000, 0x000001718fd00000, 0x00000171901e0000]
CodeCache: size=245760Kb, used=9295Kb, max_used=9309Kb, free=236463Kb
 total_blobs=3772, nmethods=3217, adapters=459, full_count=0
Compilation: enabled, stopped_count=0, restarted_count=0

Compilation events (20 events):
Event: 77.363 Thread 0x0000017197655790 3225       3       jdk.internal.misc.Unsafe::getByte (7 bytes)
Event: 77.363 Thread 0x0000017197655790 nmethod 3225 0x0000017188c7d590 code [0x0000017188c7d720, 0x0000017188c7d840]
Event: 77.363 Thread 0x0000017197655790 3226       3       sun.nio.ch.DatagramChannelImpl$DatagramPackets::getBufLength (29 bytes)
Event: 77.363 Thread 0x0000017197655790 nmethod 3226 0x0000017188c7d910 code [0x0000017188c7db40, 0x0000017188c7e400]
Event: 77.363 Thread 0x0000017197655790 3227       3       java.lang.invoke.VarHandleGuards::guard_L_I (74 bytes)
Event: 77.364 Thread 0x0000017197655790 nmethod 3227 0x0000017188c7e690 code [0x0000017188c7e9c0, 0x0000017188c80280]
Event: 77.364 Thread 0x0000017197655790 3228       3       java.lang.invoke.VarHandleInts$FieldInstanceReadOnly::get (27 bytes)
Event: 77.365 Thread 0x0000017197655790 nmethod 3228 0x0000017188c80990 code [0x0000017188c80b80, 0x0000017188c810d0]
Event: 77.365 Thread 0x0000017197655790 3231       3       java.nio.MappedByteBuffer::limit (8 bytes)
Event: 77.365 Thread 0x0000017197655790 nmethod 3231 0x0000017188c81310 code [0x0000017188c814c0, 0x0000017188c81670]
Event: 77.365 Thread 0x0000017197655790 3229       1       org.gradle.cache.internal.locklistener.DefaultFileLockContentionHandler::access$400 (5 bytes)
Event: 77.365 Thread 0x0000017197655790 nmethod 3229 0x0000017190341010 code [0x00000171903411a0, 0x0000017190341250]
Event: 77.365 Thread 0x0000017197655790 3230       1       org.gradle.cache.internal.locklistener.FileLockPacketPayload::getType (5 bytes)
Event: 77.365 Thread 0x0000017197655790 nmethod 3230 0x0000017190341310 code [0x00000171903414a0, 0x0000017190341568]
Event: 77.365 Thread 0x0000017197655790 3232       3       java.net.InetSocketAddress::getAddress (8 bytes)
Event: 77.365 Thread 0x0000017197655790 nmethod 3232 0x0000017188c81790 code [0x0000017188c81920, 0x0000017188c81a50]
Event: 77.365 Thread 0x0000017197655790 3234       3       java.net.InetSocketAddress::getPort (8 bytes)
Event: 77.365 Thread 0x0000017197655790 nmethod 3234 0x0000017188c81b10 code [0x0000017188c81ca0, 0x0000017188c81dd0]
Event: 77.432 Thread 0x0000017197655790 3235       1       org.gradle.cache.internal.filelock.LockInfoSerializer::getVersion (2 bytes)
Event: 77.432 Thread 0x0000017197655790 nmethod 3235 0x0000017190341610 code [0x00000171903417a0, 0x0000017190341868]

GC Heap History (6 events):
Event: 11.579 GC heap before
{Heap before GC invocations=0 (full 0):
 garbage-first heap   total 262144K, used 22528K [0x00000000e0000000, 0x0000000100000000)
  region size 1024K, 23 young (23552K), 0 survivors (0K)
 Metaspace       used 1069K, committed 1216K, reserved 393216K
  class space    used 80K, committed 128K, reserved 327680K
}
Event: 11.602 GC heap after
{Heap after GC invocations=1 (full 0):
 garbage-first heap   total 262144K, used 1855K [0x00000000e0000000, 0x0000000100000000)
  region size 1024K, 2 young (2048K), 2 survivors (2048K)
 Metaspace       used 1069K, committed 1216K, reserved 393216K
  class space    used 80K, committed 128K, reserved 327680K
}
Event: 16.995 GC heap before
{Heap before GC invocations=1 (full 0):
 garbage-first heap   total 262144K, used 40767K [0x00000000e0000000, 0x0000000100000000)
  region size 1024K, 38 young (38912K), 2 survivors (2048K)
 Metaspace       used 4476K, committed 4672K, reserved 393216K
  class space    used 557K, committed 640K, reserved 327680K
}
Event: 16.999 GC heap after
{Heap after GC invocations=2 (full 0):
 garbage-first heap   total 262144K, used 10865K [0x00000000e0000000, 0x0000000100000000)
  region size 1024K, 5 young (5120K), 5 survivors (5120K)
 Metaspace       used 4476K, committed 4672K, reserved 393216K
  class space    used 557K, committed 640K, reserved 327680K
}
Event: 19.967 GC heap before
{Heap before GC invocations=2 (full 0):
 garbage-first heap   total 262144K, used 64113K [0x00000000e0000000, 0x0000000100000000)
  region size 1024K, 55 young (56320K), 5 survivors (5120K)
 Metaspace       used 5948K, committed 6208K, reserved 393216K
  class space    used 778K, committed 896K, reserved 327680K
}
Event: 19.973 GC heap after
{Heap after GC invocations=3 (full 0):
 garbage-first heap   total 262144K, used 17908K [0x00000000e0000000, 0x0000000100000000)
  region size 1024K, 6 young (6144K), 6 survivors (6144K)
 Metaspace       used 5948K, committed 6208K, reserved 393216K
  class space    used 778K, committed 896K, reserved 327680K
}

Dll operation events (15 events):
Event: 0.072 Loaded shared library C:\Program Files\Microsoft\jdk-21.0.8.9-hotspot\bin\java.dll
Event: 8.096 Loaded shared library C:\Program Files\Microsoft\jdk-21.0.8.9-hotspot\bin\jsvml.dll
Event: 8.319 Loaded shared library C:\Program Files\Microsoft\jdk-21.0.8.9-hotspot\bin\zip.dll
Event: 8.325 Loaded shared library C:\Program Files\Microsoft\jdk-21.0.8.9-hotspot\bin\instrument.dll
Event: 8.344 Loaded shared library C:\Program Files\Microsoft\jdk-21.0.8.9-hotspot\bin\net.dll
Event: 8.392 Loaded shared library C:\Program Files\Microsoft\jdk-21.0.8.9-hotspot\bin\nio.dll
Event: 8.397 Loaded shared library C:\Program Files\Microsoft\jdk-21.0.8.9-hotspot\bin\zip.dll
Event: 11.325 Loaded shared library C:\Program Files\Microsoft\jdk-21.0.8.9-hotspot\bin\jimage.dll
Event: 13.697 Loaded shared library C:\Program Files\Microsoft\jdk-21.0.8.9-hotspot\bin\verify.dll
Event: 14.211 Loaded shared library C:\Users\Lilianna\.gradle\native\1def1411415f61bf3af743bc5b6707747c0891f09f0c88961ee8f79bc544acac\windows-amd64\native-platform.dll
Event: 14.286 Loaded shared library C:\Users\Lilianna\.gradle\native\0.2.7\x86_64-windows-gnu\gradle-fileevents.dll
Event: 20.037 Loaded shared library C:\Program Files\Microsoft\jdk-21.0.8.9-hotspot\bin\management.dll
Event: 20.053 Loaded shared library C:\Program Files\Microsoft\jdk-21.0.8.9-hotspot\bin\management_ext.dll
Event: 20.458 Loaded shared library C:\Program Files\Microsoft\jdk-21.0.8.9-hotspot\bin\extnet.dll
Event: 56.755 Loaded shared library C:\Program Files\Microsoft\jdk-21.0.8.9-hotspot\bin\sunmscapi.dll

Deoptimization events (20 events):
Event: 74.175 Thread 0x00000171b23919b0 Uncommon trap: trap_request=0xffffffc6 fr.pc=0x0000017190303f64 relative=0x00000000000003c4
Event: 74.175 Thread 0x00000171b23919b0 Uncommon trap: reason=bimorphic_or_optimized_type_check action=maybe_recompile pc=0x0000017190303f64 method=java.util.HashMap.putVal(ILjava/lang/Object;Ljava/lang/Object;ZZ)Ljava/lang/Object; @ 253 c2
Event: 74.175 Thread 0x00000171b23919b0 DEOPT PACKING pc=0x0000017190303f64 sp=0x000000457f1febf0
Event: 74.175 Thread 0x00000171b23919b0 DEOPT UNPACKING pc=0x000001718fae46a2 sp=0x000000457f1feb70 mode 2
Event: 74.277 Thread 0x00000171b23919b0 Uncommon trap: trap_request=0xffffffcc fr.pc=0x000001719030608c relative=0x000000000000034c
Event: 74.277 Thread 0x00000171b23919b0 Uncommon trap: reason=intrinsic_or_type_checked_inlining action=make_not_entrant pc=0x000001719030608c method=java.util.Arrays.copyOf([Ljava/lang/Object;ILjava/lang/Class;)[Ljava/lang/Object; @ 35 c2
Event: 74.277 Thread 0x00000171b23919b0 DEOPT PACKING pc=0x000001719030608c sp=0x000000457f1fe240
Event: 74.277 Thread 0x00000171b23919b0 DEOPT UNPACKING pc=0x000001718fae46a2 sp=0x000000457f1fe1e8 mode 2
Event: 75.350 Thread 0x00000171b23919b0 Uncommon trap: trap_request=0xffffff45 fr.pc=0x00000171902ec250 relative=0x0000000000000470
Event: 75.350 Thread 0x00000171b23919b0 Uncommon trap: reason=unstable_if action=reinterpret pc=0x00000171902ec250 method=java.util.HashMap.getNode(Ljava/lang/Object;)Ljava/util/HashMap$Node; @ 66 c2
Event: 75.350 Thread 0x00000171b23919b0 DEOPT PACKING pc=0x00000171902ec250 sp=0x000000457f1fc350
Event: 75.350 Thread 0x00000171b23919b0 DEOPT UNPACKING pc=0x000001718fae46a2 sp=0x000000457f1fc270 mode 2
Event: 75.350 Thread 0x00000171b23919b0 Uncommon trap: trap_request=0xffffff45 fr.pc=0x00000171902ea9d8 relative=0x00000000000003f8
Event: 75.350 Thread 0x00000171b23919b0 Uncommon trap: reason=unstable_if action=reinterpret pc=0x00000171902ea9d8 method=java.util.HashMap.getNode(Ljava/lang/Object;)Ljava/util/HashMap$Node; @ 66 c2
Event: 75.350 Thread 0x00000171b23919b0 DEOPT PACKING pc=0x00000171902ea9d8 sp=0x000000457f1fc2f0
Event: 75.350 Thread 0x00000171b23919b0 DEOPT UNPACKING pc=0x000001718fae46a2 sp=0x000000457f1fc270 mode 2
Event: 75.413 Thread 0x00000171b23919b0 Uncommon trap: trap_request=0xffffff45 fr.pc=0x0000017190294bb0 relative=0x0000000000000270
Event: 75.413 Thread 0x00000171b23919b0 Uncommon trap: reason=unstable_if action=reinterpret pc=0x0000017190294bb0 method=java.util.concurrent.ConcurrentHashMap.get(Ljava/lang/Object;)Ljava/lang/Object; @ 76 c2
Event: 75.413 Thread 0x00000171b23919b0 DEOPT PACKING pc=0x0000017190294bb0 sp=0x000000457f1fb820
Event: 75.413 Thread 0x00000171b23919b0 DEOPT UNPACKING pc=0x000001718fae46a2 sp=0x000000457f1fb788 mode 2

Classes loaded (20 events):
Event: 76.210 Loading class sun/reflect/generics/scope/ConstructorScope
Event: 76.228 Loading class sun/reflect/generics/scope/ConstructorScope done
Event: 77.245 Loading class java/nio/file/attribute/PosixFilePermission
Event: 77.246 Loading class java/nio/file/attribute/PosixFilePermission done
Event: 77.246 Loading class java/nio/file/NoSuchFileException
Event: 77.246 Loading class java/nio/file/FileSystemException
Event: 77.246 Loading class java/nio/file/FileSystemException done
Event: 77.246 Loading class java/nio/file/NoSuchFileException done
Event: 77.247 Loading class java/nio/file/attribute/PosixFilePermissions
Event: 77.247 Loading class java/nio/file/attribute/PosixFilePermissions done
Event: 77.247 Loading class java/util/RegularEnumSet$EnumSetIterator
Event: 77.248 Loading class java/util/RegularEnumSet$EnumSetIterator done
Event: 77.248 Loading class java/nio/file/attribute/PosixFilePermissions$1
Event: 77.248 Loading class java/nio/file/attribute/PosixFilePermissions$1 done
Event: 77.275 Loading class java/util/concurrent/ArrayBlockingQueue
Event: 77.275 Loading class java/util/concurrent/ArrayBlockingQueue done
Event: 77.275 Loading class java/util/concurrent/locks/ReentrantLock$FairSync
Event: 77.275 Loading class java/util/concurrent/locks/ReentrantLock$FairSync done
Event: 77.355 Loading class sun/nio/ch/DatagramChannelImpl$DatagramPackets
Event: 77.356 Loading class sun/nio/ch/DatagramChannelImpl$DatagramPackets done

Classes unloaded (0 events):
No events

Classes redefined (0 events):
No events

Internal exceptions (20 events):
Event: 20.523 Thread 0x00000171f7bc9060 Exception <a 'java/lang/NoSuchMethodError'{0x00000000ef84efd0}: 'java.lang.Object java.lang.invoke.DirectMethodHandle$Holder.invokeVirtual(java.lang.Object, java.lang.Object, java.lang.Object, java.lang.Object, java.lang.Object, java.lang.Object, java.lang.Object)'> (0x00000000ef84efd0) 
thrown [s\src\hotspot\share\interpreter\linkResolver.cpp, line 773]
Event: 20.539 Thread 0x00000171f7bc9060 Exception <a 'java/lang/NoSuchMethodError'{0x00000000ef8dff40}: 'java.lang.Object java.lang.invoke.DirectMethodHandle$Holder.invokeVirtual(java.lang.Object, java.lang.Object, java.lang.Object, java.lang.Object, java.lang.Object, java.lang.Object, java.lang.Object, java.lang.Object, java.lang.Object)'> (0x00000000ef8dff40) 
thrown [s\src\hotspot\share\interpreter\linkResolver.cpp, line 773]
Event: 20.694 Thread 0x00000171f7bc9060 Exception <a 'java/lang/NoSuchMethodError'{0x00000000ef6845a8}: 'java.lang.Object java.lang.invoke.DirectMethodHandle$Holder.invokeStaticInit(java.lang.Object, int, int, int, int)'> (0x00000000ef6845a8) 
thrown [s\src\hotspot\share\interpreter\linkResolver.cpp, line 773]
Event: 20.723 Thread 0x00000171f7bc9060 Exception <a 'java/lang/NoSuchMethodError'{0x00000000ef5525f8}: 'java.lang.Object java.lang.invoke.DirectMethodHandle$Holder.invokeStaticInit(java.lang.Object, java.lang.Object, int, int, int, int)'> (0x00000000ef5525f8) 
thrown [s\src\hotspot\share\interpreter\linkResolver.cpp, line 773]
Event: 36.295 Thread 0x00000171f7bc9060 Exception <a 'java/io/IOException'{0x00000000ef2ee0d8}> (0x00000000ef2ee0d8) 
thrown [s\src\hotspot\share\prims\jni.cpp, line 520]
Event: 36.338 Thread 0x00000171f7bc9060 Implicit null exception at 0x000001719023a1a4 to 0x000001719023a808
Event: 36.418 Thread 0x00000171f7bc9060 Exception <a 'java/lang/NoSuchMethodError'{0x00000000ef161410}: 'java.lang.Object java.lang.invoke.DirectMethodHandle$Holder.newInvokeSpecial(java.lang.Object, java.lang.Object, java.lang.Object, java.lang.Object, java.lang.Object)'> (0x00000000ef161410) 
thrown [s\src\hotspot\share\interpreter\linkResolver.cpp, line 773]
Event: 53.273 Thread 0x00000171b2754440 Implicit null exception at 0x000001719023c520 to 0x000001719023cb7c
Event: 74.141 Thread 0x00000171978aa6f0 Exception <a 'java/lang/NoSuchMethodError'{0x00000000eed7f818}: 'void java.lang.invoke.DirectMethodHandle$Holder.invokeSpecial(java.lang.Object, java.lang.Object, java.lang.Object)'> (0x00000000eed7f818) 
thrown [s\src\hotspot\share\interpreter\linkResolver.cpp, line 773]
Event: 74.887 Thread 0x00000171b23919b0 Exception <a 'java/lang/NoSuchMethodError'{0x00000000ee5b9278}: 'long java.lang.invoke.DirectMethodHandle$Holder.invokeInterface(java.lang.Object, java.lang.Object)'> (0x00000000ee5b9278) 
thrown [s\src\hotspot\share\interpreter\linkResolver.cpp, line 773]
Event: 75.281 Thread 0x00000171b23919b0 Exception <a 'java/lang/NoSuchMethodError'{0x00000000ee1e8758}: 'void java.lang.invoke.DirectMethodHandle$Holder.invokeStatic(java.lang.Object, java.lang.Object)'> (0x00000000ee1e8758) 
thrown [s\src\hotspot\share\interpreter\linkResolver.cpp, line 773]
Event: 75.289 Thread 0x00000171b23919b0 Exception <a 'java/lang/NoSuchMethodError'{0x00000000ee02a400}: 'java.lang.Object java.lang.invoke.DirectMethodHandle$Holder.invokeVirtual(java.lang.Object, java.lang.Object, java.lang.Object, java.lang.Object, java.lang.Object, java.lang.Object, java.lang.Object, java.lang.Object, java.lang.Object, java.lang.Object, java.lang.Object, java.lang.Object)'> (0x00000000ee02a400) 
thrown [s\src\hotspot\share\interpreter\linkResolver.cpp, line 773]
Event: 75.289 Thread 0x00000171b23919b0 Exception <a 'java/lang/NoSuchMethodError'{0x00000000ee02f428}: 'java.lang.Object java.lang.invoke.DirectMethodHandle$Holder.invokeSpecial(java.lang.Object, java.lang.Object, java.lang.Object, java.lang.Object, java.lang.Object, java.lang.Object, java.lang.Object, java.lang.Object, java.lang.Object, java.lang.Object, java.lang.Object, java.lang.Object, java.lang.Object)'> (0x00000000ee02f428) 
thrown [s\src\hotspot\share\interpreter\linkResolver.cpp, line 773]
Event: 75.478 Thread 0x00000171b23919b0 Exception <a 'java/lang/NoSuchMethodError'{0x00000000ede97308}: 'int java.lang.invoke.DirectMethodHandle$Holder.invokeVirtual(java.lang.Object, java.lang.Object, java.lang.Object)'> (0x00000000ede97308) 
thrown [s\src\hotspot\share\interpreter\linkResolver.cpp, line 773]
Event: 75.825 Thread 0x00000171b23919b0 Exception <a 'java/lang/NoSuchMethodError'{0x00000000edb0c028}: 'java.lang.Object java.lang.invoke.DirectMethodHandle$Holder.newInvokeSpecial(java.lang.Object, java.lang.Object, java.lang.Object, java.lang.Object, java.lang.Object, java.lang.Object)'> (0x00000000edb0c028) 
thrown [s\src\hotspot\share\interpreter\linkResolver.cpp, line 773]
Event: 76.484 Thread 0x00000171b23919b0 Exception <a 'java/lang/NoSuchMethodError'{0x00000000ed9d1c98}: 'void java.lang.invoke.DelegatingMethodHandle$Holder.reinvoke_L(java.lang.Object, java.lang.Object, java.lang.Object, java.lang.Object, java.lang.Object, java.lang.Object, java.lang.Object, java.lang.Object, java.lang.Object, java.lang.Object)'> (0x00000000ed9d1c98) 
thrown [s\src\hotspot\share\interpreter\linkResolver.cpp, line 773]
Event: 76.484 Thread 0x00000171b23919b0 Exception <a 'java/lang/NoSuchMethodError'{0x00000000ed9d9778}: 'java.lang.Object java.lang.invoke.Invokers$Holder.invoker(java.lang.Object, java.lang.Object, java.lang.Object, java.lang.Object, java.lang.Object, java.lang.Object, java.lang.Object, java.lang.Object, java.lang.Object, java.lang.Object)'> (0x00000000ed9d9778) 
thrown [s\src\hotspot\share\interpreter\linkResolver.cpp, line 773]
Event: 77.251 Thread 0x00000171b23919b0 Exception <a 'java/lang/NoSuchMethodError'{0x00000000ed29f728}: 'void java.lang.invoke.DirectMethodHandle$Holder.invokeInterface(java.lang.Object, java.lang.Object)'> (0x00000000ed29f728) 
thrown [s\src\hotspot\share\interpreter\linkResolver.cpp, line 773]
Event: 77.252 Thread 0x00000171b23919b0 Exception <a 'java/lang/IncompatibleClassChangeError'{0x00000000ed2a2ca8}: Found class java.lang.Object, but interface was expected> (0x00000000ed2a2ca8) 
thrown [s\src\hotspot\share\interpreter\linkResolver.cpp, line 840]
Event: 77.278 Thread 0x00000171b23919b0 Exception <a 'java/lang/NoSuchMethodError'{0x00000000ed1ca2f0}: 'java.lang.Object java.lang.invoke.DirectMethodHandle$Holder.newInvokeSpecial(java.lang.Object, java.lang.Object, int)'> (0x00000000ed1ca2f0) 
thrown [s\src\hotspot\share\interpreter\linkResolver.cpp, line 773]

ZGC Phase Switch (0 events):
No events

VM Operations (20 events):
Event: 68.144 Executing VM operation: Cleanup
Event: 68.144 Executing VM operation: Cleanup done
Event: 69.158 Executing VM operation: Cleanup
Event: 69.300 Executing VM operation: Cleanup done
Event: 70.313 Executing VM operation: Cleanup
Event: 70.313 Executing VM operation: Cleanup done
Event: 71.327 Executing VM operation: Cleanup
Event: 71.327 Executing VM operation: Cleanup done
Event: 74.267 Executing VM operation: HandshakeAllThreads (Deoptimize)
Event: 74.267 Executing VM operation: HandshakeAllThreads (Deoptimize) done
Event: 74.267 Executing VM operation: Cleanup
Event: 74.267 Executing VM operation: Cleanup done
Event: 75.272 Executing VM operation: Cleanup
Event: 75.273 Executing VM operation: Cleanup done
Event: 76.273 Executing VM operation: Cleanup
Event: 76.273 Executing VM operation: Cleanup done
Event: 77.276 Executing VM operation: Cleanup
Event: 77.277 Executing VM operation: Cleanup done
Event: 77.277 Executing VM operation: HandshakeAllThreads (Deoptimize)
Event: 77.277 Executing VM operation: HandshakeAllThreads (Deoptimize) done

Memory protections (0 events):
No events

Nmethod flushes (0 events):
No events

Events (20 events):
Event: 8.079 Thread 0x00000171f7bc9060 Thread added: 0x0000017197652090
Event: 8.079 Thread 0x00000171f7bc9060 Thread added: 0x0000017197652ae0
Event: 8.080 Thread 0x00000171f7bc9060 Thread added: 0x0000017197653530
Event: 8.080 Thread 0x00000171f7bc9060 Thread added: 0x0000017197653f80
Event: 8.080 Thread 0x00000171f7bc9060 Thread added: 0x0000017197654d00
Event: 8.081 Thread 0x00000171f7bc9060 Thread added: 0x0000017197655790
Event: 8.272 Thread 0x00000171f7bc9060 Thread added: 0x00000171fe2f1e80
Event: 8.573 Thread 0x00000171f7bc9060 Thread added: 0x00000171978904b0
Event: 20.134 Thread 0x00000171f7bc9060 Thread added: 0x00000171b257af80
Event: 20.746 Thread 0x00000171f7bc9060 Thread added: 0x00000171b1d60c80
Event: 36.425 Thread 0x00000171f7bc9060 Thread added: 0x00000171b2754440
Event: 56.892 Thread 0x00000171b1d60c80 Thread added: 0x00000171978aa6f0
Event: 57.066 Thread 0x00000171978aa6f0 Thread added: 0x00000171978abe00
Event: 66.848 Thread 0x00000171978aa6f0 Thread added: 0x00000171b23c7de0
Event: 74.143 Thread 0x00000171978aa6f0 Thread added: 0x00000171b23919b0
Event: 74.268 Thread 0x00000171b23919b0 Thread added: 0x00000171b18f3250
Event: 74.272 Thread 0x00000171b23919b0 Thread added: 0x00000171b18f38e0
Event: 74.275 Thread 0x00000171b23919b0 Thread added: 0x00000171b18f2530
Event: 77.277 Thread 0x00000171b23919b0 Thread added: 0x00000171b18f3f70
Event: 77.351 Thread 0x00000171b23919b0 Thread added: 0x00000171b18f1ea0


Dynamic libraries:
0x00007ff7a1560000 - 0x00007ff7a156e000 	C:\Program Files\Microsoft\jdk-21.0.8.9-hotspot\bin\java.exe
0x00007ffc90770000 - 0x00007ffc90968000 	C:\Windows\SYSTEM32\ntdll.dll
0x00007ffc8e8d0000 - 0x00007ffc8e992000 	C:\Windows\System32\KERNEL32.DLL
0x00007ffc8e220000 - 0x00007ffc8e516000 	C:\Windows\System32\KERNELBASE.dll
0x00007ffc8dfd0000 - 0x00007ffc8e0d0000 	C:\Windows\System32\ucrtbase.dll
0x00007ffc876b0000 - 0x00007ffc876c8000 	C:\Program Files\Microsoft\jdk-21.0.8.9-hotspot\bin\jli.dll
0x00007ffc867f0000 - 0x00007ffc8680e000 	C:\Program Files\Microsoft\jdk-21.0.8.9-hotspot\bin\VCRUNTIME140.dll
0x00007ffc8fcf0000 - 0x00007ffc8fe8d000 	C:\Windows\System32\USER32.dll
0x00007ffc8e150000 - 0x00007ffc8e172000 	C:\Windows\System32\win32u.dll
0x00007ffc8e8a0000 - 0x00007ffc8e8cb000 	C:\Windows\System32\GDI32.dll
0x00007ffc8e650000 - 0x00007ffc8e769000 	C:\Windows\System32\gdi32full.dll
0x00007ffc76f40000 - 0x00007ffc771db000 	C:\Windows\WinSxS\amd64_microsoft.windows.common-controls_6595b64144ccf1df_6.0.19041.6280_none_60bc30a171f2f3f3\COMCTL32.dll
0x00007ffc90110000 - 0x00007ffc901ae000 	C:\Windows\System32\msvcrt.dll
0x00007ffc8e180000 - 0x00007ffc8e21d000 	C:\Windows\System32\msvcp_win.dll
0x00007ffc8f150000 - 0x00007ffc8f17f000 	C:\Windows\System32\IMM32.DLL
0x00007ffc87a00000 - 0x00007ffc87a0c000 	C:\Program Files\Microsoft\jdk-21.0.8.9-hotspot\bin\vcruntime140_1.dll
0x00007ffc5aa00000 - 0x00007ffc5aa89000 	C:\Program Files\Microsoft\jdk-21.0.8.9-hotspot\bin\msvcp140.dll
0x00007ffbe3040000 - 0x00007ffbe3dec000 	C:\Program Files\Microsoft\jdk-21.0.8.9-hotspot\bin\server\jvm.dll
0x00007ffc8ec60000 - 0x00007ffc8ed11000 	C:\Windows\System32\ADVAPI32.dll
0x00007ffc8f2f0000 - 0x00007ffc8f38f000 	C:\Windows\System32\sechost.dll
0x00007ffc8f3b0000 - 0x00007ffc8f4d0000 	C:\Windows\System32\RPCRT4.dll
0x00007ffc8e5d0000 - 0x00007ffc8e5f7000 	C:\Windows\System32\bcrypt.dll
0x00007ffc8ff70000 - 0x00007ffc8ffdb000 	C:\Windows\System32\WS2_32.dll
0x00007ffc8d340000 - 0x00007ffc8d38b000 	C:\Windows\SYSTEM32\POWRPROF.dll
0x00007ffc80920000 - 0x00007ffc80947000 	C:\Windows\SYSTEM32\WINMM.dll
0x00007ffc847a0000 - 0x00007ffc847aa000 	C:\Windows\SYSTEM32\VERSION.dll
0x00007ffc8d1a0000 - 0x00007ffc8d1b2000 	C:\Windows\SYSTEM32\UMPDC.dll
0x00007ffc8c5c0000 - 0x00007ffc8c5d2000 	C:\Windows\SYSTEM32\kernel.appcore.dll
0x00007ffc876a0000 - 0x00007ffc876aa000 	C:\Program Files\Microsoft\jdk-21.0.8.9-hotspot\bin\jimage.dll
0x00007ffc8c290000 - 0x00007ffc8c491000 	C:\Windows\SYSTEM32\DBGHELP.DLL
0x00007ffc7aae0000 - 0x00007ffc7ab14000 	C:\Windows\SYSTEM32\dbgcore.DLL
0x00007ffc8dde0000 - 0x00007ffc8de62000 	C:\Windows\System32\bcryptPrimitives.dll
0x00007ffc5a580000 - 0x00007ffc5a590000 	C:\Program Files\Microsoft\jdk-21.0.8.9-hotspot\bin\instrument.dll
0x00007ffc84530000 - 0x00007ffc84551000 	C:\Program Files\Microsoft\jdk-21.0.8.9-hotspot\bin\java.dll
0x00007ffc8f580000 - 0x00007ffc8fcf0000 	C:\Windows\System32\SHELL32.dll
0x00007ffc8ba10000 - 0x00007ffc8c1b5000 	C:\Windows\SYSTEM32\windows.storage.dll
0x00007ffc8edf0000 - 0x00007ffc8f143000 	C:\Windows\System32\combase.dll
0x00007ffc8d730000 - 0x00007ffc8d75b000 	C:\Windows\SYSTEM32\Wldp.dll
0x00007ffc8f220000 - 0x00007ffc8f2ed000 	C:\Windows\System32\OLEAUT32.dll
0x00007ffc8f4d0000 - 0x00007ffc8f57d000 	C:\Windows\System32\SHCORE.dll
0x00007ffc8ed20000 - 0x00007ffc8ed7b000 	C:\Windows\System32\shlwapi.dll
0x00007ffc8dd10000 - 0x00007ffc8dd34000 	C:\Windows\SYSTEM32\profapi.dll
0x00007ffc5a920000 - 0x00007ffc5a9f6000 	C:\Program Files\Microsoft\jdk-21.0.8.9-hotspot\bin\jsvml.dll
0x00007ffc84480000 - 0x00007ffc84498000 	C:\Program Files\Microsoft\jdk-21.0.8.9-hotspot\bin\zip.dll
0x00007ffc845d0000 - 0x00007ffc845e1000 	C:\Program Files\Microsoft\jdk-21.0.8.9-hotspot\bin\net.dll
0x00007ffc89cd0000 - 0x00007ffc89dda000 	C:\Windows\SYSTEM32\WINHTTP.dll
0x00007ffc8d510000 - 0x00007ffc8d57a000 	C:\Windows\system32\mswsock.dll
0x00007ffc844a0000 - 0x00007ffc844b6000 	C:\Program Files\Microsoft\jdk-21.0.8.9-hotspot\bin\nio.dll
0x00007ffc842e0000 - 0x00007ffc842f0000 	C:\Program Files\Microsoft\jdk-21.0.8.9-hotspot\bin\verify.dll
0x00007ffc5a8e0000 - 0x00007ffc5a907000 	C:\Users\Lilianna\.gradle\native\1def1411415f61bf3af743bc5b6707747c0891f09f0c88961ee8f79bc544acac\windows-amd64\native-platform.dll
0x00007ffc587d0000 - 0x00007ffc58848000 	C:\Users\Lilianna\.gradle\native\0.2.7\x86_64-windows-gnu\gradle-fileevents.dll
0x00007ffc69f10000 - 0x00007ffc69f1a000 	C:\Program Files\Microsoft\jdk-21.0.8.9-hotspot\bin\management.dll
0x00007ffc5a910000 - 0x00007ffc5a91c000 	C:\Program Files\Microsoft\jdk-21.0.8.9-hotspot\bin\management_ext.dll
0x00007ffc8e890000 - 0x00007ffc8e898000 	C:\Windows\System32\PSAPI.DLL
0x00007ffc8d1c0000 - 0x00007ffc8d1fb000 	C:\Windows\SYSTEM32\IPHLPAPI.DLL
0x00007ffc8ed80000 - 0x00007ffc8ed88000 	C:\Windows\System32\NSI.dll
0x00007ffc5a8c0000 - 0x00007ffc5a8c9000 	C:\Program Files\Microsoft\jdk-21.0.8.9-hotspot\bin\extnet.dll
0x00007ffc8d770000 - 0x00007ffc8d788000 	C:\Windows\SYSTEM32\CRYPTSP.dll
0x00007ffc8cde0000 - 0x00007ffc8ce18000 	C:\Windows\system32\rsaenh.dll
0x00007ffc8dc90000 - 0x00007ffc8dcbe000 	C:\Windows\SYSTEM32\USERENV.dll
0x00007ffc8d6a0000 - 0x00007ffc8d6ac000 	C:\Windows\SYSTEM32\CRYPTBASE.dll
0x00007ffc59d40000 - 0x00007ffc59d4e000 	C:\Program Files\Microsoft\jdk-21.0.8.9-hotspot\bin\sunmscapi.dll
0x00007ffc8de70000 - 0x00007ffc8dfcd000 	C:\Windows\System32\CRYPT32.dll
0x00007ffc8d880000 - 0x00007ffc8d8a7000 	C:\Windows\SYSTEM32\ncrypt.dll
0x00007ffc8d840000 - 0x00007ffc8d87b000 	C:\Windows\SYSTEM32\NTASN1.dll
0x00007ffc5bc70000 - 0x00007ffc5bc77000 	C:\Windows\system32\wshunix.dll

JVMTI agents:
C:\Users\Lilianna\.gradle\wrapper\dists\gradle-8.14-bin\38aieal9i53h9rfe7vjup95b9\gradle-8.14\lib\agents\gradle-instrumentation-agent-8.14.jar path:C:\Program Files\Microsoft\jdk-21.0.8.9-hotspot\bin\instrument.dll, loaded, initialized, instrumentlib options:none

dbghelp: loaded successfully - version: 4.0.5 - missing functions: none
symbol engine: initialized successfully - sym options: 0x614 - pdb path: .;C:\Program Files\Microsoft\jdk-21.0.8.9-hotspot\bin;C:\Windows\SYSTEM32;C:\Windows\WinSxS\amd64_microsoft.windows.common-controls_6595b64144ccf1df_6.0.19041.6280_none_60bc30a171f2f3f3;C:\Program Files\Microsoft\jdk-21.0.8.9-hotspot\bin\server;C:\Users\Lilianna\.gradle\native\1def1411415f61bf3af743bc5b6707747c0891f09f0c88961ee8f79bc544acac\windows-amd64;C:\Users\Lilianna\.gradle\native\0.2.7\x86_64-windows-gnu

VM Arguments:
jvm_args: --add-opens=java.base/java.lang=ALL-UNNAMED --add-opens=java.base/java.lang.invoke=ALL-UNNAMED --add-opens=java.base/java.util=ALL-UNNAMED --add-opens=java.prefs/java.util.prefs=ALL-UNNAMED --add-exports=jdk.compiler/com.sun.tools.javac.api=ALL-UNNAMED --add-exports=jdk.compiler/com.sun.tools.javac.util=ALL-UNNAMED --add-opens=java.base/java.util=ALL-UNNAMED --add-opens=java.prefs/java.util.prefs=ALL-UNNAMED --add-opens=java.base/java.nio.charset=ALL-UNNAMED --add-opens=java.base/java.net=ALL-UNNAMED --add-opens=java.base/java.util.concurrent.atomic=ALL-UNNAMED --add-opens=java.xml/javax.xml.namespace=ALL-UNNAMED -XX:MaxMetaspaceSize=384m -XX:+HeapDumpOnOutOfMemoryError -Xms256m -Xmx512m -Dfile.encoding=UTF-8 -Duser.country=RU -Duser.language=ru -Duser.variant -javaagent:C:\Users\Lilianna\.gradle\wrapper\dists\gradle-8.14-bin\38aieal9i53h9rfe7vjup95b9\gradle-8.14\lib\agents\gradle-instrumentation-agent-8.14.jar 
java_command: org.gradle.launcher.daemon.bootstrap.GradleDaemon 8.14
java_class_path (initial): C:\Users\Lilianna\.gradle\wrapper\dists\gradle-8.14-bin\38aieal9i53h9rfe7vjup95b9\gradle-8.14\lib\gradle-daemon-main-8.14.jar
Launcher Type: SUN_STANDARD

[Global flags]
     intx CICompilerCount                          = 12                                        {product} {ergonomic}
   size_t CompressedClassSpaceSize                 = 335544320                                 {product} {ergonomic}
     uint ConcGCThreads                            = 3                                         {product} {ergonomic}
     uint G1ConcRefinementThreads                  = 13                                        {product} {ergonomic}
   size_t G1HeapRegionSize                         = 1048576                                   {product} {ergonomic}
    uintx GCDrainStackTargetSize                   = 64                                        {product} {ergonomic}
     bool HeapDumpOnOutOfMemoryError               = true                                   {manageable} {command line}
   size_t InitialHeapSize                          = 268435456                                 {product} {command line}
   size_t MarkStackSize                            = 4194304                                   {product} {ergonomic}
   size_t MaxHeapSize                              = 536870912                                 {product} {command line}
   size_t MaxMetaspaceSize                         = 402653184                                 {product} {command line}
   size_t MaxNewSize                               = 321912832                                 {product} {ergonomic}
   size_t MinHeapDeltaBytes                        = 1048576                                   {product} {ergonomic}
   size_t MinHeapSize                              = 268435456                                 {product} {command line}
    uintx NonNMethodCodeHeapSize                   = 7602480                                {pd product} {ergonomic}
    uintx NonProfiledCodeHeapSize                  = 122027880                              {pd product} {ergonomic}
    uintx ProfiledCodeHeapSize                     = 122027880                              {pd product} {ergonomic}
    uintx ReservedCodeCacheSize                    = 251658240                              {pd product} {ergonomic}
     bool SegmentedCodeCache                       = true                                      {product} {ergonomic}
   size_t SoftMaxHeapSize                          = 536870912                              {manageable} {ergonomic}
     bool UseCompressedOops                        = true                           {product lp64_product} {ergonomic}
     bool UseG1GC                                  = true                                      {product} {ergonomic}
     bool UseLargePagesIndividualAllocation        = false                                  {pd product} {ergonomic}

Logging:
Log output configuration:
 #0: stdout all=warning uptime,level,tags foldmultilines=false
 #1: stderr all=off uptime,level,tags foldmultilines=false

Environment Variables:
JAVA_HOME=C:\Program Files\Microsoft\jdk-21.0.8.9-hotspot\
PATH=C:\Program Files\Microsoft\jdk-21.0.8.9-hotspot\bin;C:\Program Files\NVIDIA GPU Computing Toolkit\CUDA\v12.9\bin;C:\Program Files\NVIDIA GPU Computing Toolkit\CUDA\v12.9\libnvvp;C:\Program Files\NVIDIA GPU Computing Toolkit\CUDA\v10.0\bin;C:\Program Files\NVIDIA GPU Computing Toolkit\CUDA\v10.0\libnvvp;C:\Program Files\NVIDIA GPU Computing Toolkit\CUDA\v12.6\bin;C:\Program Files\NVIDIA GPU Computing Toolkit\CUDA\v12.6\libnvvp;C:\Program Files (x86)\Common Files\Oracle\Java\javapath;C:\Windows\system32;C:\Windows;C:\Windows\System32\Wbem;C:\Windows\System32\WindowsPowerShell\v1.0\;C:\Windows\System32\OpenSSH\;C:\Program Files (x86)\NVIDIA Corporation\PhysX\Common;C:\Program Files\NVIDIA Corporation\NVIDIA NvDLISR;C:\Program Files\dotnet\;C:\Program Files\Git\cmd;C:\Program Files (x86)\GitExtensions\;C:\Program Files\Microsoft SQL Server\150\Tools\Binn\;C:\Program Files\Microsoft SQL Server\Client SDK\ODBC\170\Tools\Binn\;C:\Program Files (x86)\Windows Kits\10\Windows Performance Toolkit\;C:\Users\Lilianna\AppData\Local\Programs\Python\Launcher\;C:\Users\Lilianna\AppData\Local\Microsoft\WindowsApps;C:\Users\Lilianna\AppData\Local\Programs\Microsoft VS Code\bin;C:\ghcup\bin;C:\ProgramDa;C:\Program Files\CMake\bin;C:\Program Files\NVIDIA Corporation\Nsight Compute 2025.2.0\;C:\Program Files\NVIDIA Corporation\NVIDIA App\NvDLISR;C:\Program Files\Docker\Docker\resources\bin;C:\Program Files\nodejs\;C:\Program Files\NVIDIA GPU Computing Toolkit\CUDA\v12.9\bin;C:\Program Files\NVIDIA GPU Computing Toolkit\CUDA\v12.9\libnvvp;C:\Program Files\NVIDIA GPU Computing Toolkit\CUDA\v10.0\bin;C:\Program Files\NVIDIA GPU Computing Toolkit\CUDA\v10.0\libnvvp;C:\Program Files\NVIDIA GPU Computing Toolkit\CUDA\v12.6\bin;C:\Program Files\NVIDIA GPU Computing Toolkit\CUDA\v12.6\libnvvp;C:\Program Files (x86)\Common Files\Oracle\Java\javapath;C:\Windows\system32;C:\Windows;C:\Windows\System32\Wbem;C:\Windows\System32\WindowsPowerShell\v1.0\;C:\Windows\System32\OpenSSH\;C:\Program Files (x86)\NVIDIA Corporation\PhysX\Common;C:\Program Files\NVIDIA Corporation\NVIDIA NvDLISR;C:\Program Files\dotnet\;C:\Program Files\Git\cmd;C:\Program Files (x86)\GitExtensions\;C:\Program Files\Microsoft SQL Server\150\Tools\Binn\;C:\Program Files\Microsoft SQL Server\Client SDK\ODBC\170\Tools\Binn\;C:\Program Files (x86)\Windows Kits\10\Windows Performance Toolkit\;C:\Users\Lilianna\AppData\Local\Programs\Python\Launcher\;C:\Program Files\OpenSSL-Win64\bin;
USERNAME=Lilianna
OS=Windows_NT
PROCESSOR_IDENTIFIER=Intel64 Family 6 Model 154 Stepping 3, GenuineIntel
TMP=C:\Users\Lilianna\AppData\Local\Temp
TEMP=C:\Users\Lilianna\AppData\Local\Temp




Periodic native trim disabled

---------------  S Y S T E M  ---------------

OS:
 Windows 10 , 64 bit Build 19041 (10.0.19041.5915)
OS uptime: 2 days 21:03 hours
Hyper-V role detected

CPU: total 16 (initial active 16) (8 cores per cpu, 2 threads per core) family 6 model 154 stepping 3 microcode 0x429, cx8, cmov, fxsr, ht, mmx, 3dnowpref, sse, sse2, sse3, ssse3, sse4.1, sse4.2, popcnt, lzcnt, tsc, tscinvbit, avx, avx2, aes, erms, clmul, bmi1, bmi2, adx, sha, fma, vzeroupper, clflush, clflushopt, clwb, hv, rdtscp, rdpid, fsrm, f16c, cet_ibt, cet_ss
Processor Information for the first 16 processors :
  Max Mhz: 2300, Current Mhz: 2300, Mhz Limit: 2300

Memory: 4k page, system-wide physical 16000M (31M free)
TotalPageFile size 65152M (AvailPageFile size 242M)
current process WorkingSet (physical memory assigned to process): 102M, peak: 124M
current process commit charge ("private bytes"): 419M, peak: 421M

vm_info: OpenJDK 64-Bit Server VM (21.0.8+9-LTS) for windows-amd64 JRE (21.0.8+9-LTS), built on 2025-07-10T20:22:44Z by "MicrosoftCorporation" with unknown MS VC++:1944

END.
